DEBUG 2022-02-17 15:02:13.282 UTC: 	 CRAB Client version: v3.220210
DEBUG 2022-02-17 15:02:13.282 UTC: 	 Running on: Linux lxplus751.cern.ch 3.10.0-1160.53.1.el7.x86_64 #1 SMP Fri Jan 14 13:59:45 UTC 2022 x86_64 x86_64 x86_64 GNU/Linux - CentOS Linux 7 (Core)
DEBUG 2022-02-17 15:02:13.283 UTC: 	 Executing command: 'submit'
DEBUG 2022-02-17 15:02:13.288 UTC: 	 Found CRAB cache file /afs/cern.ch/user/y/yian/.crab3
INFO 2022-02-17 15:02:13.294 UTC: 	 Will use CRAB configuration file crabcode_2017/ZZTo2L2Nu_TuneCP5_13TeV_powheg_pythia8_2017_cfg.py
DEBUG 2022-02-17 15:02:13.294 UTC: 	 Loading CRAB configuration file.
DEBUG 2022-02-17 15:02:13.323 UTC: 	 Will use CRAB Analysis plugin (i.e. will run an analysis job type).
DEBUG 2022-02-17 15:02:13.372 UTC: 	 Checking credentials
DEBUG 2022-02-17 15:02:13.372 UTC: 	 Found proxy file /tmp/x509up_u110046
DEBUG 2022-02-17 15:02:13.372 UTC: 	 Making sure it has proper VOMS extension
DEBUG 2022-02-17 15:02:13.372 UTC: 	 Executing command :
 voms-proxy-info --vo --file /tmp/x509up_u110046
DEBUG 2022-02-17 15:02:15.252 UTC: 	 output : cms

 error: 
 retcode : 0
DEBUG 2022-02-17 15:02:15.252 UTC: 	 Getting proxy life time left
DEBUG 2022-02-17 15:02:15.253 UTC: 	 Executing command :
 voms-proxy-info --actimeleft --timeleft --file /tmp/x509up_u110046
DEBUG 2022-02-17 15:02:16.827 UTC: 	 output : 601810
601810

 error: 
 retcode : 0
DEBUG 2022-02-17 15:02:16.827 UTC: 	 Proxy valid for 167:10:10 hours
DEBUG 2022-02-17 15:02:19.573 UTC: 	 Encoded data for curl request: subresource=delegatedn
DEBUG 2022-02-17 15:02:19.574 UTC: 	 Executing command :
 curl -v -X GET -H "User-Agent: CRABClient/v3.220210" -H "Accept: */*" --data @/tmp/crab_curlDataGDQ6A2 --cert "/tmp/x509up_u110046" --key "/tmp/x509up_u110046" --capath "/etc/grid-security/certificates/" "https://cmsweb.cern.ch:8443/crabserver/prod/info?subresource=delegatedn" | tee /dev/stderr 
DEBUG 2022-02-17 15:02:19.902 UTC: 	 output : {"result": [
 {"services": ["/DC=ch/DC=cern/OU=computers/CN=crab-(preprod|prod|dev)-tw(02|01).cern.ch|/DC=ch/DC=cern/OU=computers/CN=stefanov(m|m2).cern.ch|/DC=ch/DC=cern/OU=computers/CN=dciangot-tw.cern.ch"]}
]}

 error:   % Total    % Received % Xferd  Average Speed   Time    Time     Time  Current
                                 Dload  Upload   Total   Spent    Left  Speed
  0     0    0     0    0     0      0      0 --:--:-- --:--:-- --:--:--     0*   Trying 188.184.97.219...
* TCP_NODELAY set
* Connected to cmsweb.cern.ch (188.184.97.219) port 8443 (#0)
* ALPN, offering http/1.1
* Cipher selection: ALL:!EXPORT:!EXPORT40:!EXPORT56:!aNULL:!LOW:!RC4:@STRENGTH
* successfully set certificate verify locations:
  CAfile: /etc/pki/tls/certs/ca-bundle.crt
  CApath: /etc/grid-security/certificates/
* TLSv1.2 (OUT), TLS header, Certificate Status (22):
} [5 bytes data]
* TLSv1.2 (OUT), TLS handshake, Client hello (1):
} [512 bytes data]
  0     0    0     0    0     0      0      0 --:--:-- --:--:-- --:--:--     0* TLSv1.2 (IN), TLS handshake, Server hello (2):
{ [109 bytes data]
* TLSv1.2 (IN), TLS handshake, Certificate (11):
{ [6199 bytes data]
* TLSv1.2 (IN), TLS handshake, Server key exchange (12):
{ [333 bytes data]
* TLSv1.2 (IN), TLS handshake, Request CERT (13):
{ [13495 bytes data]
* TLSv1.2 (IN), TLS handshake, Server finished (14):
{ [4 bytes data]
* TLSv1.2 (OUT), TLS handshake, Certificate (11):
} [6129 bytes data]
* TLSv1.2 (OUT), TLS handshake, Client key exchange (16):
} [70 bytes data]
* TLSv1.2 (OUT), TLS handshake, CERT verify (15):
} [264 bytes data]
* TLSv1.2 (OUT), TLS change cipher, Client hello (1):
} [1 bytes data]
* TLSv1.2 (OUT), TLS handshake, Finished (20):
} [16 bytes data]
* TLSv1.2 (IN), TLS change cipher, Client hello (1):
{ [1 bytes data]
* TLSv1.2 (IN), TLS handshake, Finished (20):
{ [16 bytes data]
* SSL connection using TLSv1.2 / ECDHE-RSA-AES128-GCM-SHA256
* ALPN, server accepted to use http/1.1
* Server certificate:
*  subject: DC=ch; DC=cern; OU=computers; CN=cmsweb.cern.ch
*  start date: Feb 17 13:05:12 2022 GMT
*  expire date: Mar 24 13:05:12 2023 GMT
*  subjectAltName: host "cmsweb.cern.ch" matched cert's "cmsweb.cern.ch"
*  issuer: DC=ch; DC=cern; CN=CERN Grid Certification Authority
*  SSL certificate verify ok.
} [5 bytes data]
> GET /crabserver/prod/info?subresource=delegatedn HTTP/1.1
> Host: cmsweb.cern.ch:8443
> User-Agent: CRABClient/v3.220210
> Accept: */*
> Content-Length: 22
> Content-Type: application/x-www-form-urlencoded
> 
} [22 bytes data]
* upload completely sent off: 22 out of 22 bytes
{ [5 bytes data]
< HTTP/1.1 200 OK
< Date: Thu, 17 Feb 2022 15:02:19 GMT
< Server: nginx/1.17.10
< Content-Type: application/json
< Content-Length: 213
< Vary: Accept
< Cache-Control: max-age=3600
< X-Rest-Status: 100
< Etag: "de92dcb56f87dabbe30965e60a433c3f1b873eab"
< X-Rest-Time: 45367.479 us
< CMS-Server-Time: D=87160 t=1645110139802290
< 
{ [5 bytes data]
100   235  100   213  100    22   1420    146 --:--:-- --:--:-- --:--:--  1556
* Connection #0 to host cmsweb.cern.ch left intact
{"result": [
 {"services": ["/DC=ch/DC=cern/OU=computers/CN=crab-(preprod|prod|dev)-tw(02|01).cern.ch|/DC=ch/DC=cern/OU=computers/CN=stefanov(m|m2).cern.ch|/DC=ch/DC=cern/OU=computers/CN=dciangot-tw.cern.ch"]}
]}

 retcode : 0
DEBUG 2022-02-17 15:02:31.781 UTC: 	 Registering user credentials on myproxy for /DC=ch/DC=cern/OU=computers/CN=crab-(preprod|prod|dev)-tw(02|01).cern.ch|/DC=ch/DC=cern/OU=computers/CN=stefanov(m|m2).cern.ch|/DC=ch/DC=cern/OU=computers/CN=dciangot-tw.cern.ch
DEBUG 2022-02-17 15:02:31.781 UTC: 	 Executing command :
 voms-proxy-info --identity --file /tmp/x509up_u110046
DEBUG 2022-02-17 15:02:40.744 UTC: 	 output : /DC=ch/DC=cern/OU=Organic Units/OU=Users/CN=yian/CN=826694/CN=Ying An

 error: 
 retcode : 0
DEBUG 2022-02-17 15:02:40.744 UTC: 	 Getting myproxy life time left for b52ac606a6f7097e9b4b8f05a3a67cc69f8f291b
DEBUG 2022-02-17 15:02:40.744 UTC: 	 Executing command :
 myproxy-info -s myproxy.cern.ch -l b52ac606a6f7097e9b4b8f05a3a67cc69f8f291b
DEBUG 2022-02-17 15:02:41.147 UTC: 	 output : username: b52ac606a6f7097e9b4b8f05a3a67cc69f8f291b
owner: /DC=ch/DC=cern/OU=Organic Units/OU=Users/CN=yian/CN=826694/CN=Ying An
  renewal policy: /DC=ch/DC=cern/OU=computers/CN=crab-(preprod|prod|dev)-tw(02|01).cern.ch|/DC=ch/DC=cern/OU=computers/CN=stefanov(m|m2).cern.ch|/DC=ch/DC=cern/OU=computers/CN=dciangot-tw.cern.ch
  trusted retrieval policy: /DC=ch/DC=cern/OU=computers/CN=crab-(preprod|prod|dev)-tw(02|01).cern.ch|/DC=ch/DC=cern/OU=computers/CN=stefanov(m|m2).cern.ch|/DC=ch/DC=cern/OU=computers/CN=dciangot-tw.cern.ch
  timeleft: 379:30:56  (15.8 days)

 error: 
 retcode : 0
DEBUG 2022-02-17 15:02:41.147 UTC: 	 Myproxy is valid: 1366200
DEBUG 2022-02-17 15:02:41.147 UTC: 	 Result of myproxy credential check:
  Credential exists on myproxy: username: b52ac606a6f7097e9b4b8f05a3a67cc69f8f291b  - validity: 15 days, 19:30:00
DEBUG 2022-02-17 15:02:41.147 UTC: 	 Command use: submit
DEBUG 2022-02-17 15:02:41.147 UTC: 	 Options use: ['-c', 'crabcode_2017/ZZTo2L2Nu_TuneCP5_13TeV_powheg_pythia8_2017_cfg.py']
DEBUG 2022-02-17 15:02:41.148 UTC: 	 Encoded data for curl request: subresource=version
DEBUG 2022-02-17 15:02:44.991 UTC: 	 Executing command :
 curl -v -X GET -H "User-Agent: CRABClient/v3.220210" -H "Accept: */*" --data @/tmp/crab_curlDatamcc6zp --cert "/tmp/x509up_u110046" --key "/tmp/x509up_u110046" --capath "/etc/grid-security/certificates/" "https://cmsweb.cern.ch:8443/crabserver/prod/info?subresource=version" | tee /dev/stderr 
DEBUG 2022-02-17 15:02:45.117 UTC: 	 output : {"result": [
 ["3.3.19", "3.3.20", "v3", "development", "py3.220124"]
]}

 error:   % Total    % Received % Xferd  Average Speed   Time    Time     Time  Current
                                 Dload  Upload   Total   Spent    Left  Speed
  0     0    0     0    0     0      0      0 --:--:-- --:--:-- --:--:--     0*   Trying 188.184.97.219...
* TCP_NODELAY set
* Connected to cmsweb.cern.ch (188.184.97.219) port 8443 (#0)
* ALPN, offering http/1.1
* Cipher selection: ALL:!EXPORT:!EXPORT40:!EXPORT56:!aNULL:!LOW:!RC4:@STRENGTH
* successfully set certificate verify locations:
  CAfile: /etc/pki/tls/certs/ca-bundle.crt
  CApath: /etc/grid-security/certificates/
* TLSv1.2 (OUT), TLS header, Certificate Status (22):
} [5 bytes data]
* TLSv1.2 (OUT), TLS handshake, Client hello (1):
} [512 bytes data]
* TLSv1.2 (IN), TLS handshake, Server hello (2):
{ [109 bytes data]
* TLSv1.2 (IN), TLS handshake, Certificate (11):
{ [6199 bytes data]
* TLSv1.2 (IN), TLS handshake, Server key exchange (12):
{ [333 bytes data]
* TLSv1.2 (IN), TLS handshake, Request CERT (13):
{ [13495 bytes data]
* TLSv1.2 (IN), TLS handshake, Server finished (14):
{ [4 bytes data]
* TLSv1.2 (OUT), TLS handshake, Certificate (11):
} [6129 bytes data]
* TLSv1.2 (OUT), TLS handshake, Client key exchange (16):
} [70 bytes data]
* TLSv1.2 (OUT), TLS handshake, CERT verify (15):
} [264 bytes data]
* TLSv1.2 (OUT), TLS change cipher, Client hello (1):
} [1 bytes data]
* TLSv1.2 (OUT), TLS handshake, Finished (20):
} [16 bytes data]
* TLSv1.2 (IN), TLS change cipher, Client hello (1):
{ [1 bytes data]
* TLSv1.2 (IN), TLS handshake, Finished (20):
{ [16 bytes data]
* SSL connection using TLSv1.2 / ECDHE-RSA-AES128-GCM-SHA256
* ALPN, server accepted to use http/1.1
* Server certificate:
*  subject: DC=ch; DC=cern; OU=computers; CN=cmsweb.cern.ch
*  start date: Feb 17 13:05:12 2022 GMT
*  expire date: Mar 24 13:05:12 2023 GMT
*  subjectAltName: host "cmsweb.cern.ch" matched cert's "cmsweb.cern.ch"
*  issuer: DC=ch; DC=cern; CN=CERN Grid Certification Authority
*  SSL certificate verify ok.
} [5 bytes data]
> GET /crabserver/prod/info?subresource=version HTTP/1.1
> Host: cmsweb.cern.ch:8443
> User-Agent: CRABClient/v3.220210
> Accept: */*
> Content-Length: 19
> Content-Type: application/x-www-form-urlencoded
> 
} [19 bytes data]
* upload completely sent off: 19 out of 19 bytes
{ [5 bytes data]
< HTTP/1.1 200 OK
< Date: Thu, 17 Feb 2022 15:02:45 GMT
< Server: nginx/1.17.10
< Content-Type: application/json
< Content-Length: 73
< Vary: Accept
< Cache-Control: max-age=3600
< X-Rest-Status: 100
< Etag: "3309a93c90cdb00bd297a532c9c67f645a0b4b24"
< X-Rest-Time: 2717.495 us
< CMS-Server-Time: D=48229 t=1645110165058232
< 
{ [5 bytes data]
100    92  100    73  100    19    858    223 --:--:-- --:--:-- --:--:--  1082
* Connection #0 to host cmsweb.cern.ch left intact
{"result": [
 ["3.3.19", "3.3.20", "v3", "development", "py3.220124"]
]}

 retcode : 0
DEBUG 2022-02-17 15:02:45.221 UTC: 	 CRABClient version: v3.220210
DEBUG 2022-02-17 15:02:45.222 UTC: 	 Instance is prod
DEBUG 2022-02-17 15:02:45.222 UTC: 	 Server base url is cmsweb.cern.ch
DEBUG 2022-02-17 15:02:45.222 UTC: 	 Command api workflow
DEBUG 2022-02-17 15:02:45.222 UTC: 	 Started submission
DEBUG 2022-02-17 15:02:45.222 UTC: 	 Working on /afs/cern.ch/work/y/yian/work/GZ/CMSSW_10_6_29/src/PhysicsTools/NanoAODTools/WWG/2017/crab/crab2017/crab_ZZTo2L2Nu_TuneCP5_13TeV_powheg_pythia8_2017
DEBUG 2022-02-17 15:02:45.222 UTC: 	 Encoded data for curl request: subresource=backendurls
DEBUG 2022-02-17 15:02:45.223 UTC: 	 Executing command :
 curl -v -X GET -H "User-Agent: CRABClient/v3.220210" -H "Accept: */*" --data @/tmp/crab_curlDataNq27ka --cert "/tmp/x509up_u110046" --key "/tmp/x509up_u110046" --capath "/etc/grid-security/certificates/" "https://cmsweb.cern.ch:8443/crabserver/prod/info?subresource=backendurls" | tee /dev/stderr 
DEBUG 2022-02-17 15:02:45.303 UTC: 	 output : {"result": [
 {"cacheSSL": "https://cmsweb.cern.ch/S3/crabcache_prod", "htcondorSchedds": {"crab3@vocms059.cern.ch": {"proxiedurl": "https://cmsweb.cern.ch:8443/scheddmon/059", "weightfactor": 0}, "crab3@vocms068.cern.ch": {"proxiedurl": "https://cmsweb.cern.ch:8443/scheddmon/068", "weightfactor": 1}, "crab3@vocms069.cern.ch": {"proxiedurl": "https://cmsweb.cern.ch:8443/scheddmon/069", "weightfactor": 1}, "crab3@vocms0106.cern.ch": {"proxiedurl": "https://cmsweb.cern.ch:8443/scheddmon/0106", "weightfactor": 1}, "crab3@vocms0107.cern.ch": {"proxiedurl": "https://cmsweb.cern.ch:8443/scheddmon/0107", "weightfactor": 1}, "crab3@vocms0119.cern.ch": {"proxiedurl": "https://cmsweb.cern.ch:8443/scheddmon/0119", "weightfactor": 1}, "crab3@vocms0120.cern.ch": {"proxiedurl": "https://cmsweb.cern.ch:8443/scheddmon/0120", "weightfactor": 1}, "crab3@vocms0121.cern.ch": {"proxiedurl": "https://cmsweb.cern.ch:8443/scheddmon/0121", "weightfactor": 1}, "crab3@vocms0122.cern.ch": {"proxiedurl": "https://cmsweb.cern.ch:8443/scheddmon/0122", "weightfactor": 1}, "crab3@vocms0137.cern.ch": {"proxiedurl": "https://cmsweb.cern.ch:8443/scheddmon/0137", "weightfactor": 1}, "crab3@vocms0144.cern.ch": {"proxiedurl": "https://cmsweb.cern.ch:8443/scheddmon/0144", "weightfactor": 1}, "crab3@vocms0155.cern.ch": {"proxiedurl": "https://cmsweb.cern.ch:8443/scheddmon/0155", "weightfactor": 1}, "crab3@vocms0194.cern.ch": {"proxiedurl": "https://cmsweb.cern.ch:8443/scheddmon/0194", "weightfactor": 1}, "crab3@vocms0195.cern.ch": {"proxiedurl": "https://cmsweb.cern.ch:8443/scheddmon/0195", "weightfactor": 1}, "crab3@vocms0196.cern.ch": {"proxiedurl": "https://cmsweb.cern.ch:8443/scheddmon/0196", "weightfactor": 1}, "crab3@vocms0197.cern.ch": {"proxiedurl": "https://cmsweb.cern.ch:8443/scheddmon/0197", "weightfactor": 1}, "crab3@vocms0198.cern.ch": {"proxiedurl": "https://cmsweb.cern.ch:8443/scheddmon/0198", "weightfactor": 1}, "crab3@vocms0199.cern.ch": {"proxiedurl": "https://cmsweb.cern.ch:8443/scheddmon/0199", "weightfactor": 1}}, "asoConfig": [{"couchURL": "https://cmsweb.cern.ch/crabserver/prod", "couchDBName": "filetransfers"}], "htcondorPool": "cmsgwms-collector-global.cern.ch:9620,cmsgwms-collector-global.fnal.gov:9620"}
]}

 error:   % Total    % Received % Xferd  Average Speed   Time    Time     Time  Current
                                 Dload  Upload   Total   Spent    Left  Speed
  0     0    0     0    0     0      0      0 --:--:-- --:--:-- --:--:--     0*   Trying 188.184.97.219...
* TCP_NODELAY set
* Connected to cmsweb.cern.ch (188.184.97.219) port 8443 (#0)
* ALPN, offering http/1.1
* Cipher selection: ALL:!EXPORT:!EXPORT40:!EXPORT56:!aNULL:!LOW:!RC4:@STRENGTH
* successfully set certificate verify locations:
  CAfile: /etc/pki/tls/certs/ca-bundle.crt
  CApath: /etc/grid-security/certificates/
* TLSv1.2 (OUT), TLS header, Certificate Status (22):
} [5 bytes data]
* TLSv1.2 (OUT), TLS handshake, Client hello (1):
} [512 bytes data]
* TLSv1.2 (IN), TLS handshake, Server hello (2):
{ [109 bytes data]
* TLSv1.2 (IN), TLS handshake, Certificate (11):
{ [6199 bytes data]
* TLSv1.2 (IN), TLS handshake, Server key exchange (12):
{ [333 bytes data]
* TLSv1.2 (IN), TLS handshake, Request CERT (13):
{ [13495 bytes data]
* TLSv1.2 (IN), TLS handshake, Server finished (14):
{ [4 bytes data]
* TLSv1.2 (OUT), TLS handshake, Certificate (11):
} [6129 bytes data]
* TLSv1.2 (OUT), TLS handshake, Client key exchange (16):
} [70 bytes data]
* TLSv1.2 (OUT), TLS handshake, CERT verify (15):
} [264 bytes data]
* TLSv1.2 (OUT), TLS change cipher, Client hello (1):
} [1 bytes data]
* TLSv1.2 (OUT), TLS handshake, Finished (20):
} [16 bytes data]
* TLSv1.2 (IN), TLS change cipher, Client hello (1):
{ [1 bytes data]
* TLSv1.2 (IN), TLS handshake, Finished (20):
{ [16 bytes data]
* SSL connection using TLSv1.2 / ECDHE-RSA-AES128-GCM-SHA256
* ALPN, server accepted to use http/1.1
* Server certificate:
*  subject: DC=ch; DC=cern; OU=computers; CN=cmsweb.cern.ch
*  start date: Feb 17 13:05:12 2022 GMT
*  expire date: Mar 24 13:05:12 2023 GMT
*  subjectAltName: host "cmsweb.cern.ch" matched cert's "cmsweb.cern.ch"
*  issuer: DC=ch; DC=cern; CN=CERN Grid Certification Authority
*  SSL certificate verify ok.
} [5 bytes data]
> GET /crabserver/prod/info?subresource=backendurls HTTP/1.1
> Host: cmsweb.cern.ch:8443
> User-Agent: CRABClient/v3.220210
> Accept: */*
> Content-Length: 23
> Content-Type: application/x-www-form-urlencoded
> 
} [23 bytes data]
* upload completely sent off: 23 out of 23 bytes
{ [5 bytes data]
< HTTP/1.1 200 OK
< Date: Thu, 17 Feb 2022 15:02:45 GMT
< Server: nginx/1.17.10
< Content-Type: application/json
< Content-Length: 2232
< Vary: Accept-Encoding,Accept
< Cache-Control: max-age=3600
< X-Rest-Status: 100
< Etag: "33581c872b594825cd6b153efac3e8632410185f"
< X-Rest-Time: 2887.964 us
< CMS-Server-Time: D=10635 t=1645110165287360
< 
{ [5 bytes data]
100  2255  100  2232  100    23  51906    534 --:--:-- --:--:-- --:--:-- 53690
* Connection #0 to host cmsweb.cern.ch left intact
{"result": [
 {"cacheSSL": "https://cmsweb.cern.ch/S3/crabcache_prod", "htcondorSchedds": {"crab3@vocms059.cern.ch": {"proxiedurl": "https://cmsweb.cern.ch:8443/scheddmon/059", "weightfactor": 0}, "crab3@vocms068.cern.ch": {"proxiedurl": "https://cmsweb.cern.ch:8443/scheddmon/068", "weightfactor": 1}, "crab3@vocms069.cern.ch": {"proxiedurl": "https://cmsweb.cern.ch:8443/scheddmon/069", "weightfactor": 1}, "crab3@vocms0106.cern.ch": {"proxiedurl": "https://cmsweb.cern.ch:8443/scheddmon/0106", "weightfactor": 1}, "crab3@vocms0107.cern.ch": {"proxiedurl": "https://cmsweb.cern.ch:8443/scheddmon/0107", "weightfactor": 1}, "crab3@vocms0119.cern.ch": {"proxiedurl": "https://cmsweb.cern.ch:8443/scheddmon/0119", "weightfactor": 1}, "crab3@vocms0120.cern.ch": {"proxiedurl": "https://cmsweb.cern.ch:8443/scheddmon/0120", "weightfactor": 1}, "crab3@vocms0121.cern.ch": {"proxiedurl": "https://cmsweb.cern.ch:8443/scheddmon/0121", "weightfactor": 1}, "crab3@vocms0122.cern.ch": {"proxiedurl": "https://cmsweb.cern.ch:8443/scheddmon/0122", "weightfactor": 1}, "crab3@vocms0137.cern.ch": {"proxiedurl": "https://cmsweb.cern.ch:8443/scheddmon/0137", "weightfactor": 1}, "crab3@vocms0144.cern.ch": {"proxiedurl": "https://cmsweb.cern.ch:8443/scheddmon/0144", "weightfactor": 1}, "crab3@vocms0155.cern.ch": {"proxiedurl": "https://cmsweb.cern.ch:8443/scheddmon/0155", "weightfactor": 1}, "crab3@vocms0194.cern.ch": {"proxiedurl": "https://cmsweb.cern.ch:8443/scheddmon/0194", "weightfactor": 1}, "crab3@vocms0195.cern.ch": {"proxiedurl": "https://cmsweb.cern.ch:8443/scheddmon/0195", "weightfactor": 1}, "crab3@vocms0196.cern.ch": {"proxiedurl": "https://cmsweb.cern.ch:8443/scheddmon/0196", "weightfactor": 1}, "crab3@vocms0197.cern.ch": {"proxiedurl": "https://cmsweb.cern.ch:8443/scheddmon/0197", "weightfactor": 1}, "crab3@vocms0198.cern.ch": {"proxiedurl": "https://cmsweb.cern.ch:8443/scheddmon/0198", "weightfactor": 1}, "crab3@vocms0199.cern.ch": {"proxiedurl": "https://cmsweb.cern.ch:8443/scheddmon/0199", "weightfactor": 1}}, "asoConfig": [{"couchURL": "https://cmsweb.cern.ch/crabserver/prod", "couchDBName": "filetransfers"}], "htcondorPool": "cmsgwms-collector-global.cern.ch:9620,cmsgwms-collector-global.fnal.gov:9620"}
]}

 retcode : 0
DEBUG 2022-02-17 15:02:45.555 UTC: 	 Loading required information from the environment
DEBUG 2022-02-17 15:02:45.555 UTC: 	 Found CMSSW_10_6_29 for slc7_amd64_gcc820 with base /afs/cern.ch/work/y/yian/work/GZ/CMSSW_10_6_29
DEBUG 2022-02-17 15:02:45.555 UTC: 	 Loading required information from the environment
DEBUG 2022-02-17 15:02:45.556 UTC: 	 Found CMSSW_10_6_29 for slc7_amd64_gcc820 with base /afs/cern.ch/work/y/yian/work/GZ/CMSSW_10_6_29
DEBUG 2022-02-17 15:02:45.556 UTC: 	 UNIQUE NAME: tarUUID 3fa00603-67f2-432c-86d4-8dce4e43f6a7 
DEBUG 2022-02-17 15:02:45.556 UTC: 	 self.config: from WMCore.Configuration import Configuration
config = Configuration()
config.section_('General')
config.General.workArea = 'crab2017'
config.General.transferLogs = False
config.General.requestName = 'ZZTo2L2Nu_TuneCP5_13TeV_powheg_pythia8_2017'
config.section_('JobType')
config.JobType.scriptArgs = ['isdata=MC', 'year=2017', 'era=B']
config.JobType.scriptExe = './WWG_crab_script.sh'
config.JobType.pluginName = 'Analysis'
config.JobType.sendPythonFolder = True
config.JobType.allowUndistributedCMSSW = True
config.JobType.psetName = 'PSet.py'
config.JobType.inputFiles = ['../../../scripts/haddnano.py', '../WWG_selector/WWG_postproc.py', '../WWG_selector/WWG_Module.py', '../WWG_selector/WWG_keep_and_drop.txt', '../WWG_selector/WWG_output_branch.txt', '../WWG_selector/DAS_filesearch.py']
config.section_('Data')
config.Data.inputDataset = '/ZZTo2L2Nu_TuneCP5_13TeV_powheg_pythia8/RunIISummer20UL17NanoAODv9-106X_mc2017_realistic_v9-v1/NANOAODSIM'
config.Data.allowNonValidInputDataset = True
config.Data.publication = False
config.Data.unitsPerJob = 1
config.Data.ignoreLocality = True
config.Data.inputDBS = 'global'
config.Data.splitting = 'FileBased'
config.Data.outputDatasetTag = 'ZZTo2L2Nu_TuneCP5_13TeV_powheg_pythia8_2017'
config.section_('Site')
config.Site.whitelist = ['T2_US_MIT', 'T2_US_Wisconsin', 'T2_US_Purdue', 'T2_US_UCSD', 'T2_US_Caltech', 'T2_US_Nebraska']
config.Site.storageSite = 'T3_CH_CERNBOX'

DEBUG 2022-02-17 15:02:45.556 UTC: 	 self.config.JobType.psetName: PSet.py
INFO 2022-02-17 15:02:45.556 UTC: 	 Importing CMSSW configuration PSet.py
INFO 2022-02-17 15:02:47.090 UTC: 	 Finished importing CMSSW configuration PSet.py
DEBUG 2022-02-17 15:02:47.090 UTC: 	 Writing CMSSW configuration to /afs/cern.ch/work/y/yian/work/GZ/CMSSW_10_6_29/src/PhysicsTools/NanoAODTools/WWG/2017/crab/crab2017/crab_ZZTo2L2Nu_TuneCP5_13TeV_powheg_pythia8_2017/inputs/PSet.py
DEBUG 2022-02-17 15:02:47.166 UTC: 	 The following EDM output files will be collected: ['tree.root']
DEBUG 2022-02-17 15:02:47.166 UTC: 	 The following TFile output files will be collected: []
DEBUG 2022-02-17 15:02:47.166 UTC: 	 The following user output files (not listed as PoolOuputModule or TFileService in the CMSSW PSet) will be collected: 
DEBUG 2022-02-17 15:02:47.167 UTC: 	 Loading required information from the environment
DEBUG 2022-02-17 15:02:47.167 UTC: 	 Found CMSSW_10_6_29 for slc7_amd64_gcc820 with base /afs/cern.ch/work/y/yian/work/GZ/CMSSW_10_6_29
DEBUG 2022-02-17 15:02:47.167 UTC: 	 Making tarball in /afs/cern.ch/work/y/yian/work/GZ/CMSSW_10_6_29/src/PhysicsTools/NanoAODTools/WWG/2017/crab/crab2017/crab_ZZTo2L2Nu_TuneCP5_13TeV_powheg_pythia8_2017/inputs/3fa00603-67f2-432c-86d4-8dce4e43f6a7default.tgz
DEBUG 2022-02-17 15:02:47.169 UTC: 	 Checking directory /afs/cern.ch/work/y/yian/work/GZ/CMSSW_10_6_29/lib
DEBUG 2022-02-17 15:02:47.169 UTC: 	 Adding directory /afs/cern.ch/work/y/yian/work/GZ/CMSSW_10_6_29/lib to tarball
DEBUG 2022-02-17 15:02:47.344 UTC: 	 Checking directory /afs/cern.ch/work/y/yian/work/GZ/CMSSW_10_6_29/biglib
DEBUG 2022-02-17 15:02:47.344 UTC: 	 Adding directory /afs/cern.ch/work/y/yian/work/GZ/CMSSW_10_6_29/biglib to tarball
DEBUG 2022-02-17 15:02:47.349 UTC: 	 Checking directory /afs/cern.ch/work/y/yian/work/GZ/CMSSW_10_6_29/module
DEBUG 2022-02-17 15:02:47.349 UTC: 	 Checking directory /afs/cern.ch/work/y/yian/work/GZ/CMSSW_10_6_29/python
DEBUG 2022-02-17 15:02:47.349 UTC: 	 Adding directory /afs/cern.ch/work/y/yian/work/GZ/CMSSW_10_6_29/python to tarball
DEBUG 2022-02-17 15:02:49.956 UTC: 	 Checking directory /afs/cern.ch/work/y/yian/work/GZ/CMSSW_10_6_29/cfipython
DEBUG 2022-02-17 15:02:49.957 UTC: 	 Adding directory /afs/cern.ch/work/y/yian/work/GZ/CMSSW_10_6_29/cfipython to tarball
DEBUG 2022-02-17 15:02:49.996 UTC: 	 Adding data directory /afs/cern.ch/work/y/yian/work/GZ/CMSSW_10_6_29/src/PhysicsTools/NanoAODTools/data to tarball
DEBUG 2022-02-17 15:03:10.966 UTC: 	 Adding data directory /afs/cern.ch/work/y/yian/work/GZ/CMSSW_10_6_29/src/PhysicsTools/NanoAODTools/interface to tarball
DEBUG 2022-02-17 15:03:10.971 UTC: 	 Adding data directory /afs/cern.ch/work/y/yian/work/GZ/CMSSW_10_6_29/src/PhysicsTools/NanoAODTools/python/postprocessing/data to tarball
DEBUG 2022-02-17 15:03:14.751 UTC: 	 Adding file ../../../scripts/haddnano.py to tarball
DEBUG 2022-02-17 15:03:14.751 UTC: 	 Adding file ../WWG_selector/WWG_postproc.py to tarball
DEBUG 2022-02-17 15:03:14.752 UTC: 	 Adding file ../WWG_selector/WWG_Module.py to tarball
DEBUG 2022-02-17 15:03:14.753 UTC: 	 Adding file ../WWG_selector/WWG_keep_and_drop.txt to tarball
DEBUG 2022-02-17 15:03:14.753 UTC: 	 Adding file ../WWG_selector/WWG_output_branch.txt to tarball
DEBUG 2022-02-17 15:03:14.754 UTC: 	 Adding file ../WWG_selector/DAS_filesearch.py to tarball
DEBUG 2022-02-17 15:03:22.141 UTC: 	 Uploading archive /afs/cern.ch/work/y/yian/work/GZ/CMSSW_10_6_29/src/PhysicsTools/NanoAODTools/WWG/2017/crab/crab2017/crab_ZZTo2L2Nu_TuneCP5_13TeV_powheg_pythia8_2017/inputs/3fa00603-67f2-432c-86d4-8dce4e43f6a7default.tgz (98 MB) to the CRAB cache. Using URI https://cmsweb.cern.ch/S3/crabcache_prod
DEBUG 2022-02-17 15:03:48.012 UTC: 	 Encoded data for curl request: tarballname=de634747f6791568f03705eb6909a09e867f2538710ec769f0125c1765e98d50.tar.gz&subresource=upload&objecttype=sandbox
DEBUG 2022-02-17 15:03:48.012 UTC: 	 Executing command :
 curl -v -X GET -H "User-Agent: CRABClient/v3.220210" -H "Accept: */*" --data @/tmp/crab_curlDatafxOowl --cert "/tmp/x509up_u110046" --key "/tmp/x509up_u110046" --capath "/etc/grid-security/certificates/" "https://cmsweb.cern.ch:8443/crabserver/prod/cache?tarballname=de634747f6791568f03705eb6909a09e867f2538710ec769f0125c1765e98d50.tar.gz&subresource=upload&objecttype=sandbox" | tee /dev/stderr 
DEBUG 2022-02-17 15:03:48.443 UTC: 	 output : {"result": [
 ""
,{}
]}

 error:   % Total    % Received % Xferd  Average Speed   Time    Time     Time  Current
                                 Dload  Upload   Total   Spent    Left  Speed
  0     0    0     0    0     0      0      0 --:--:-- --:--:-- --:--:--     0*   Trying 188.184.97.219...
* TCP_NODELAY set
* Connected to cmsweb.cern.ch (188.184.97.219) port 8443 (#0)
* ALPN, offering http/1.1
* Cipher selection: ALL:!EXPORT:!EXPORT40:!EXPORT56:!aNULL:!LOW:!RC4:@STRENGTH
* successfully set certificate verify locations:
  CAfile: /etc/pki/tls/certs/ca-bundle.crt
  CApath: /etc/grid-security/certificates/
* TLSv1.2 (OUT), TLS header, Certificate Status (22):
} [5 bytes data]
* TLSv1.2 (OUT), TLS handshake, Client hello (1):
} [512 bytes data]
* TLSv1.2 (IN), TLS handshake, Server hello (2):
{ [109 bytes data]
* TLSv1.2 (IN), TLS handshake, Certificate (11):
{ [6199 bytes data]
* TLSv1.2 (IN), TLS handshake, Server key exchange (12):
{ [333 bytes data]
* TLSv1.2 (IN), TLS handshake, Request CERT (13):
{ [13495 bytes data]
* TLSv1.2 (IN), TLS handshake, Server finished (14):
{ [4 bytes data]
* TLSv1.2 (OUT), TLS handshake, Certificate (11):
} [6129 bytes data]
* TLSv1.2 (OUT), TLS handshake, Client key exchange (16):
} [70 bytes data]
* TLSv1.2 (OUT), TLS handshake, CERT verify (15):
} [264 bytes data]
* TLSv1.2 (OUT), TLS change cipher, Client hello (1):
} [1 bytes data]
* TLSv1.2 (OUT), TLS handshake, Finished (20):
} [16 bytes data]
* TLSv1.2 (IN), TLS change cipher, Client hello (1):
{ [1 bytes data]
* TLSv1.2 (IN), TLS handshake, Finished (20):
{ [16 bytes data]
* SSL connection using TLSv1.2 / ECDHE-RSA-AES128-GCM-SHA256
* ALPN, server accepted to use http/1.1
* Server certificate:
*  subject: DC=ch; DC=cern; OU=computers; CN=cmsweb.cern.ch
*  start date: Feb 17 13:05:12 2022 GMT
*  expire date: Mar 24 13:05:12 2023 GMT
*  subjectAltName: host "cmsweb.cern.ch" matched cert's "cmsweb.cern.ch"
*  issuer: DC=ch; DC=cern; CN=CERN Grid Certification Authority
*  SSL certificate verify ok.
} [5 bytes data]
> GET /crabserver/prod/cache?tarballname=de634747f6791568f03705eb6909a09e867f2538710ec769f0125c1765e98d50.tar.gz&subresource=upload&objecttype=sandbox HTTP/1.1
> Host: cmsweb.cern.ch:8443
> User-Agent: CRABClient/v3.220210
> Accept: */*
> Content-Length: 121
> Content-Type: application/x-www-form-urlencoded
> 
} [121 bytes data]
* upload completely sent off: 121 out of 121 bytes
{ [5 bytes data]
< HTTP/1.1 200 OK
< Date: Thu, 17 Feb 2022 15:03:48 GMT
< Server: nginx/1.17.10
< Content-Type: application/json
< Content-Length: 24
< Vary: Accept
< Cache-Control: max-age=3600
< X-Rest-Status: 100
< Etag: "556ce43763b116622238c65d89d24dd485f20666"
< X-Rest-Time: 31563.520 us
< CMS-Server-Time: D=39792 t=1645110228396239
< 
{ [5 bytes data]
100   145  100    24  100   121    311   1571 --:--:-- --:--:-- --:--:--  1883
* Connection #0 to host cmsweb.cern.ch left intact
{"result": [
 ""
,{}
]}

 retcode : 0
DEBUG 2022-02-17 15:03:48.444 UTC: 	 sandbox de634747f6791568f03705eb6909a09e867f2538710ec769f0125c1765e98d50.tar.gz is already in the S3 store, will not upload again
DEBUG 2022-02-17 15:03:48.444 UTC: 	 Loading required information from the environment
DEBUG 2022-02-17 15:03:48.444 UTC: 	 Found CMSSW_10_6_29 for slc7_amd64_gcc820 with base /afs/cern.ch/work/y/yian/work/GZ/CMSSW_10_6_29
DEBUG 2022-02-17 15:03:48.444 UTC: 	 Making tarball in /afs/cern.ch/work/y/yian/work/GZ/CMSSW_10_6_29/src/PhysicsTools/NanoAODTools/WWG/2017/crab/crab2017/crab_ZZTo2L2Nu_TuneCP5_13TeV_powheg_pythia8_2017/inputs/debugFiles.tgz
DEBUG 2022-02-17 15:03:48.458 UTC: 	 Uploading archive /afs/cern.ch/work/y/yian/work/GZ/CMSSW_10_6_29/src/PhysicsTools/NanoAODTools/WWG/2017/crab/crab2017/crab_ZZTo2L2Nu_TuneCP5_13TeV_powheg_pythia8_2017/inputs/debugFiles.tgz (1 KB) to the CRAB cache. Using URI https://cmsweb.cern.ch/S3/crabcache_prod
DEBUG 2022-02-17 15:03:48.461 UTC: 	 Encoded data for curl request: tarballname=a467c0c986bbc7aa2b355d95b23123b1dfd484eedbc94beb4643d863496f6966.tar.gz&subresource=upload&objecttype=sandbox
DEBUG 2022-02-17 15:03:48.461 UTC: 	 Executing command :
 curl -v -X GET -H "User-Agent: CRABClient/v3.220210" -H "Accept: */*" --data @/tmp/crab_curlDataZB9380 --cert "/tmp/x509up_u110046" --key "/tmp/x509up_u110046" --capath "/etc/grid-security/certificates/" "https://cmsweb.cern.ch:8443/crabserver/prod/cache?tarballname=a467c0c986bbc7aa2b355d95b23123b1dfd484eedbc94beb4643d863496f6966.tar.gz&subresource=upload&objecttype=sandbox" | tee /dev/stderr 
DEBUG 2022-02-17 15:03:48.715 UTC: 	 output : {"result": [
 ""
,{}
]}

 error:   % Total    % Received % Xferd  Average Speed   Time    Time     Time  Current
                                 Dload  Upload   Total   Spent    Left  Speed
  0     0    0     0    0     0      0      0 --:--:-- --:--:-- --:--:--     0*   Trying 188.184.97.219...
* TCP_NODELAY set
* Connected to cmsweb.cern.ch (188.184.97.219) port 8443 (#0)
* ALPN, offering http/1.1
* Cipher selection: ALL:!EXPORT:!EXPORT40:!EXPORT56:!aNULL:!LOW:!RC4:@STRENGTH
* successfully set certificate verify locations:
  CAfile: /etc/pki/tls/certs/ca-bundle.crt
  CApath: /etc/grid-security/certificates/
* TLSv1.2 (OUT), TLS header, Certificate Status (22):
} [5 bytes data]
* TLSv1.2 (OUT), TLS handshake, Client hello (1):
} [512 bytes data]
* TLSv1.2 (IN), TLS handshake, Server hello (2):
{ [109 bytes data]
* TLSv1.2 (IN), TLS handshake, Certificate (11):
{ [6199 bytes data]
* TLSv1.2 (IN), TLS handshake, Server key exchange (12):
{ [333 bytes data]
* TLSv1.2 (IN), TLS handshake, Request CERT (13):
{ [13495 bytes data]
* TLSv1.2 (IN), TLS handshake, Server finished (14):
{ [4 bytes data]
* TLSv1.2 (OUT), TLS handshake, Certificate (11):
} [6129 bytes data]
* TLSv1.2 (OUT), TLS handshake, Client key exchange (16):
} [70 bytes data]
* TLSv1.2 (OUT), TLS handshake, CERT verify (15):
} [264 bytes data]
* TLSv1.2 (OUT), TLS change cipher, Client hello (1):
} [1 bytes data]
* TLSv1.2 (OUT), TLS handshake, Finished (20):
} [16 bytes data]
* TLSv1.2 (IN), TLS change cipher, Client hello (1):
{ [1 bytes data]
* TLSv1.2 (IN), TLS handshake, Finished (20):
{ [16 bytes data]
* SSL connection using TLSv1.2 / ECDHE-RSA-AES128-GCM-SHA256
* ALPN, server accepted to use http/1.1
* Server certificate:
*  subject: DC=ch; DC=cern; OU=computers; CN=cmsweb.cern.ch
*  start date: Feb 17 13:05:12 2022 GMT
*  expire date: Mar 24 13:05:12 2023 GMT
*  subjectAltName: host "cmsweb.cern.ch" matched cert's "cmsweb.cern.ch"
*  issuer: DC=ch; DC=cern; CN=CERN Grid Certification Authority
*  SSL certificate verify ok.
} [5 bytes data]
> GET /crabserver/prod/cache?tarballname=a467c0c986bbc7aa2b355d95b23123b1dfd484eedbc94beb4643d863496f6966.tar.gz&subresource=upload&objecttype=sandbox HTTP/1.1
> Host: cmsweb.cern.ch:8443
> User-Agent: CRABClient/v3.220210
> Accept: */*
> Content-Length: 121
> Content-Type: application/x-www-form-urlencoded
> 
} [121 bytes data]
* upload completely sent off: 121 out of 121 bytes
{ [5 bytes data]
< HTTP/1.1 200 OK
< Date: Thu, 17 Feb 2022 15:03:48 GMT
< Server: nginx/1.17.10
< Content-Type: application/json
< Content-Length: 24
< Vary: Accept
< Cache-Control: max-age=3600
< X-Rest-Status: 100
< Etag: "556ce43763b116622238c65d89d24dd485f20666"
< X-Rest-Time: 10853.767 us
< CMS-Server-Time: D=38268 t=1645110228665788
< 
{ [5 bytes data]
100   145  100    24  100   121    269   1359 --:--:-- --:--:-- --:--:--  1629
* Connection #0 to host cmsweb.cern.ch left intact
{"result": [
 ""
,{}
]}

 retcode : 0
DEBUG 2022-02-17 15:03:48.716 UTC: 	 sandbox a467c0c986bbc7aa2b355d95b23123b1dfd484eedbc94beb4643d863496f6966.tar.gz is already in the S3 store, will not upload again
DEBUG 2022-02-17 15:03:48.716 UTC: 	 Result uploading input files: de634747f6791568f03705eb6909a09e867f2538710ec769f0125c1765e98d50.tar.gz 
INFO 2022-02-17 15:03:48.717 UTC: 	 Sending the request to the server at cmsweb.cern.ch
DEBUG 2022-02-17 15:03:48.717 UTC: 	 Submitting {'maxjobruntime': 1250, 'extrajdl': [], 'ignorelocality': 1, 'savelogsflag': 0, 'useparent': 0, 'scriptexe': 'WWG_crab_script.sh', 'asyncdest': 'T3_CH_CERNBOX', 'algoargs': 1, 'cachefilename': 'de634747f6791568f03705eb6909a09e867f2538710ec769f0125c1765e98d50.tar.gz', 'numcores': 1, 'addoutputfiles': [], 'generator': 'pythia', 'maxmemory': 2000, 'publishdbsurl': 'https://cmsweb.cern.ch/dbs/prod/phys03/DBSWriter', 'priority': 10, 'jobsw': 'CMSSW_10_6_29', 'edmoutfiles': ['tree.root'], 'userfiles': [], 'primarydataset': '', 'inputdata': '/ZZTo2L2Nu_TuneCP5_13TeV_powheg_pythia8/RunIISummer20UL17NanoAODv9-106X_mc2017_realistic_v9-v1/NANOAODSIM', 'dryrun': 0, 'workflow': 'crab_ZZTo2L2Nu_TuneCP5_13TeV_powheg_pythia8_2017', 'scriptargs': ['isdata=MC', 'year=2017', 'era=B'], 'sitewhitelist': ['T2_US_MIT', 'T2_US_Wisconsin', 'T2_US_Purdue', 'T2_US_UCSD', 'T2_US_Caltech', 'T2_US_Nebraska'], 'nonprodsw': 1, 'tfileoutfiles': [], 'oneEventMode': 0, 'debugfilename': 'a467c0c986bbc7aa2b355d95b23123b1dfd484eedbc94beb4643d863496f6966.tar.gz', 'cacheurl': u'https://cmsweb.cern.ch/S3/crabcache_prod', 'saveoutput': 1, 'publication': 0, 'jobarch': 'slc7_amd64_gcc820', 'totalunits': 0, 'splitalgo': 'FileBased', 'ignoreglobalblacklist': 0, 'nonvaliddata': 1, 'dbsurl': 'https://cmsweb.cern.ch/dbs/prod/global/DBSReader', 'publishgroupname': 0, 'publishname2': 'ZZTo2L2Nu_TuneCP5_13TeV_powheg_pythia8_2017', 'jobtype': 'Analysis'} 
DEBUG 2022-02-17 15:03:48.717 UTC: 	 Encoded submit request: maxjobruntime=1250&ignorelocality=1&savelogsflag=0&useparent=0&scriptexe=WWG_crab_script.sh&asyncdest=T3_CH_CERNBOX&algoargs=1&cachefilename=de634747f6791568f03705eb6909a09e867f2538710ec769f0125c1765e98d50.tar.gz&numcores=1&generator=pythia&maxmemory=2000&publishdbsurl=https%3A%2F%2Fcmsweb.cern.ch%2Fdbs%2Fprod%2Fphys03%2FDBSWriter&priority=10&jobsw=CMSSW_10_6_29&primarydataset=&inputdata=%2FZZTo2L2Nu_TuneCP5_13TeV_powheg_pythia8%2FRunIISummer20UL17NanoAODv9-106X_mc2017_realistic_v9-v1%2FNANOAODSIM&dryrun=0&workflow=crab_ZZTo2L2Nu_TuneCP5_13TeV_powheg_pythia8_2017&nonprodsw=1&oneEventMode=0&debugfilename=a467c0c986bbc7aa2b355d95b23123b1dfd484eedbc94beb4643d863496f6966.tar.gz&cacheurl=https%3A%2F%2Fcmsweb.cern.ch%2FS3%2Fcrabcache_prod&saveoutput=1&publication=0&jobarch=slc7_amd64_gcc820&totalunits=0&splitalgo=FileBased&ignoreglobalblacklist=0&nonvaliddata=1&dbsurl=https%3A%2F%2Fcmsweb.cern.ch%2Fdbs%2Fprod%2Fglobal%2FDBSReader&publishgroupname=0&publishname2=ZZTo2L2Nu_TuneCP5_13TeV_powheg_pythia8_2017&jobtype=Analysis&sitewhitelist=T2_US_MIT&sitewhitelist=T2_US_Wisconsin&sitewhitelist=T2_US_Purdue&sitewhitelist=T2_US_UCSD&sitewhitelist=T2_US_Caltech&sitewhitelist=T2_US_Nebraska&edmoutfiles=tree.root&scriptargs=isdata%3DMC&scriptargs=year%3D2017&scriptargs=era%3DB
DEBUG 2022-02-17 15:03:48.717 UTC: 	 Encoded data for curl request: maxjobruntime=1250&ignorelocality=1&savelogsflag=0&useparent=0&scriptexe=WWG_crab_script.sh&asyncdest=T3_CH_CERNBOX&algoargs=1&cachefilename=de634747f6791568f03705eb6909a09e867f2538710ec769f0125c1765e98d50.tar.gz&numcores=1&generator=pythia&maxmemory=2000&publishdbsurl=https%3A%2F%2Fcmsweb.cern.ch%2Fdbs%2Fprod%2Fphys03%2FDBSWriter&priority=10&jobsw=CMSSW_10_6_29&primarydataset=&inputdata=%2FZZTo2L2Nu_TuneCP5_13TeV_powheg_pythia8%2FRunIISummer20UL17NanoAODv9-106X_mc2017_realistic_v9-v1%2FNANOAODSIM&dryrun=0&workflow=crab_ZZTo2L2Nu_TuneCP5_13TeV_powheg_pythia8_2017&nonprodsw=1&oneEventMode=0&debugfilename=a467c0c986bbc7aa2b355d95b23123b1dfd484eedbc94beb4643d863496f6966.tar.gz&cacheurl=https%3A%2F%2Fcmsweb.cern.ch%2FS3%2Fcrabcache_prod&saveoutput=1&publication=0&jobarch=slc7_amd64_gcc820&totalunits=0&splitalgo=FileBased&ignoreglobalblacklist=0&nonvaliddata=1&dbsurl=https%3A%2F%2Fcmsweb.cern.ch%2Fdbs%2Fprod%2Fglobal%2FDBSReader&publishgroupname=0&publishname2=ZZTo2L2Nu_TuneCP5_13TeV_powheg_pythia8_2017&jobtype=Analysis&sitewhitelist=T2_US_MIT&sitewhitelist=T2_US_Wisconsin&sitewhitelist=T2_US_Purdue&sitewhitelist=T2_US_UCSD&sitewhitelist=T2_US_Caltech&sitewhitelist=T2_US_Nebraska&edmoutfiles=tree.root&scriptargs=isdata%3DMC&scriptargs=year%3D2017&scriptargs=era%3DB
DEBUG 2022-02-17 15:03:48.718 UTC: 	 Executing command :
 curl -v -X PUT -H "User-Agent: CRABClient/v3.220210" -H "Accept: */*" --data @/tmp/crab_curlDatapiyYFK --cert "/tmp/x509up_u110046" --key "/tmp/x509up_u110046" --capath "/etc/grid-security/certificates/" "https://cmsweb.cern.ch:8443/crabserver/prod/workflow" | tee /dev/stderr 
DEBUG 2022-02-17 15:03:49.255 UTC: 	 output : {"result": [
 {"RequestName": "220217_150348:yian_crab_ZZTo2L2Nu_TuneCP5_13TeV_powheg_pythia8_2017"}
]}

 error:   % Total    % Received % Xferd  Average Speed   Time    Time     Time  Current
                                 Dload  Upload   Total   Spent    Left  Speed
  0     0    0     0    0     0      0      0 --:--:-- --:--:-- --:--:--     0*   Trying 188.184.97.219...
* TCP_NODELAY set
* Connected to cmsweb.cern.ch (188.184.97.219) port 8443 (#0)
* ALPN, offering http/1.1
* Cipher selection: ALL:!EXPORT:!EXPORT40:!EXPORT56:!aNULL:!LOW:!RC4:@STRENGTH
* successfully set certificate verify locations:
  CAfile: /etc/pki/tls/certs/ca-bundle.crt
  CApath: /etc/grid-security/certificates/
* TLSv1.2 (OUT), TLS header, Certificate Status (22):
} [5 bytes data]
* TLSv1.2 (OUT), TLS handshake, Client hello (1):
} [512 bytes data]
* TLSv1.2 (IN), TLS handshake, Server hello (2):
{ [109 bytes data]
* TLSv1.2 (IN), TLS handshake, Certificate (11):
{ [6199 bytes data]
* TLSv1.2 (IN), TLS handshake, Server key exchange (12):
{ [333 bytes data]
* TLSv1.2 (IN), TLS handshake, Request CERT (13):
{ [13495 bytes data]
* TLSv1.2 (IN), TLS handshake, Server finished (14):
{ [4 bytes data]
* TLSv1.2 (OUT), TLS handshake, Certificate (11):
} [6129 bytes data]
* TLSv1.2 (OUT), TLS handshake, Client key exchange (16):
} [70 bytes data]
* TLSv1.2 (OUT), TLS handshake, CERT verify (15):
} [264 bytes data]
* TLSv1.2 (OUT), TLS change cipher, Client hello (1):
} [1 bytes data]
* TLSv1.2 (OUT), TLS handshake, Finished (20):
} [16 bytes data]
* TLSv1.2 (IN), TLS change cipher, Client hello (1):
{ [1 bytes data]
* TLSv1.2 (IN), TLS handshake, Finished (20):
{ [16 bytes data]
* SSL connection using TLSv1.2 / ECDHE-RSA-AES128-GCM-SHA256
* ALPN, server accepted to use http/1.1
* Server certificate:
*  subject: DC=ch; DC=cern; OU=computers; CN=cmsweb.cern.ch
*  start date: Feb 17 13:05:12 2022 GMT
*  expire date: Mar 24 13:05:12 2023 GMT
*  subjectAltName: host "cmsweb.cern.ch" matched cert's "cmsweb.cern.ch"
*  issuer: DC=ch; DC=cern; CN=CERN Grid Certification Authority
*  SSL certificate verify ok.
} [5 bytes data]
> PUT /crabserver/prod/workflow HTTP/1.1
> Host: cmsweb.cern.ch:8443
> User-Agent: CRABClient/v3.220210
> Accept: */*
> Content-Length: 1280
> Content-Type: application/x-www-form-urlencoded
> Expect: 100-continue
> 
{ [5 bytes data]
< HTTP/1.1 100 Continue
} [5 bytes data]
* We are completely uploaded and fine
{ [5 bytes data]
< HTTP/1.1 200 OK
< Date: Thu, 17 Feb 2022 15:03:49 GMT
< Server: nginx/1.17.10
< Content-Type: application/json
< Content-Length: 104
< Vary: Accept
< X-Rest-Status: 100
< Etag: "2d05448f85adf8dbefdb173d2ec760a4c58234a1"
< X-Rest-Time: 261964.083 us
< CMS-Server-Time: D=273512 t=1645110228972122
< 
{ [5 bytes data]
100  1384  100   104  100  1280    327   4025 --:--:-- --:--:-- --:--:--  4352
* Connection #0 to host cmsweb.cern.ch left intact
{"result": [
 {"RequestName": "220217_150348:yian_crab_ZZTo2L2Nu_TuneCP5_13TeV_powheg_pythia8_2017"}
]}

 retcode : 0
DEBUG 2022-02-17 15:03:49.256 UTC: 	 Result: {u'result': [{u'RequestName': u'220217_150348:yian_crab_ZZTo2L2Nu_TuneCP5_13TeV_powheg_pythia8_2017'}]}
INFO 2022-02-17 15:03:49.288 UTC: 	 Success: Your task has been delivered to the prod CRAB3 server.
INFO 2022-02-17 15:03:49.288 UTC: 	 Task name: 220217_150348:yian_crab_ZZTo2L2Nu_TuneCP5_13TeV_powheg_pythia8_2017
INFO 2022-02-17 15:03:49.288 UTC: 	 Project dir: crab2017/crab_ZZTo2L2Nu_TuneCP5_13TeV_powheg_pythia8_2017
INFO 2022-02-17 15:03:49.288 UTC: 	 Please use ' crab status -d crab2017/crab_ZZTo2L2Nu_TuneCP5_13TeV_powheg_pythia8_2017 ' to check how the submission process proceeds.
DEBUG 2022-02-17 15:03:49.289 UTC: 	 About to return
INFO 2022-02-17 15:03:49.293 UTC: 	 Log file is /afs/cern.ch/work/y/yian/work/GZ/CMSSW_10_6_29/src/PhysicsTools/NanoAODTools/WWG/2017/crab/crab2017/crab_ZZTo2L2Nu_TuneCP5_13TeV_powheg_pythia8_2017/crab.log
