000 (3945256.000.000) 11/29 07:55:04 Job submitted from host: <188.185.114.121:9618?addrs=188.185.114.121-9618+[2001-1458-d00-a--100-273]-9618&alias=bigbird19.cern.ch&noUDP&sock=schedd_2585900_e47d>
...
040 (3945256.000.000) 11/29 07:57:54 Entered queue to transfer input files
	Transferring to host: <128.142.248.21:9618?addrs=128.142.248.21-9618+[2001-1458-301-73--100-105]-9618&alias=b7g23p6920.cern.ch&noUDP&sock=slot1_63_9729_b5e5_35975>
...
040 (3945256.000.000) 11/29 08:04:01 Started transferring input files
	Seconds spent in queue: 367
...
040 (3945256.000.000) 11/29 08:04:01 Finished transferring input files
...
001 (3945256.000.000) 11/29 08:04:02 Job executing on host: <128.142.248.21:9618?addrs=128.142.248.21-9618+[2001-1458-301-73--100-105]-9618&alias=b7g23p6920.cern.ch&noUDP&sock=startd_8776_2f3c>
...
006 (3945256.000.000) 11/29 08:04:10 Image size of job updated: 245084
	167  -  MemoryUsage of job (MB)
	170836  -  ResidentSetSize of job (KB)
...
006 (3945256.000.000) 11/29 08:04:16 Image size of job updated: 246364
	167  -  MemoryUsage of job (MB)
	170836  -  ResidentSetSize of job (KB)
...
040 (3945256.000.000) 11/29 08:04:19 Started transferring output files
	Seconds spent in queue: 385
...
040 (3945256.000.000) 11/29 08:04:19 Finished transferring output files
...
012 (3945256.000.000) 11/29 08:04:19 Job was held.
	The job attribute OnExitHold expression '(ExitBySignal == true) || (ExitCode != 0)' evaluated to TRUE
	Code 3 Subcode 0
...
009 (3945256.000.000) 11/30 08:04:58 Job was aborted.
	Job removed by SYSTEM_PERIODIC_REMOVE due to wall time exceeded allowed max.

	Job terminated by itself at 2021-11-29T07:04:16Z (using method 0: OF_ITS_OWN_ACCORD).
...
