DEBUG 2022-02-17 14:16:03.487 UTC: 	 CRAB Client version: v3.220210
DEBUG 2022-02-17 14:16:03.487 UTC: 	 Running on: Linux lxplus751.cern.ch 3.10.0-1160.53.1.el7.x86_64 #1 SMP Fri Jan 14 13:59:45 UTC 2022 x86_64 x86_64 x86_64 GNU/Linux - CentOS Linux 7 (Core)
DEBUG 2022-02-17 14:16:03.487 UTC: 	 Executing command: 'submit'
DEBUG 2022-02-17 14:16:03.488 UTC: 	 Found CRAB cache file /afs/cern.ch/user/y/yian/.crab3
INFO 2022-02-17 14:16:03.493 UTC: 	 Will use CRAB configuration file crabcode_2017/DYJetsToLL_M-50_TuneCP5_13TeV-amcatnloFXFX-pythia8_2017_cfg.py
DEBUG 2022-02-17 14:16:03.493 UTC: 	 Loading CRAB configuration file.
DEBUG 2022-02-17 14:16:03.593 UTC: 	 Will use CRAB Analysis plugin (i.e. will run an analysis job type).
DEBUG 2022-02-17 14:16:03.605 UTC: 	 Checking credentials
DEBUG 2022-02-17 14:16:03.605 UTC: 	 Found proxy file /tmp/x509up_u110046
DEBUG 2022-02-17 14:16:03.605 UTC: 	 Making sure it has proper VOMS extension
DEBUG 2022-02-17 14:16:03.605 UTC: 	 Executing command :
 voms-proxy-info --vo --file /tmp/x509up_u110046
DEBUG 2022-02-17 14:16:04.869 UTC: 	 output : cms

 error: 
 retcode : 0
DEBUG 2022-02-17 14:16:04.869 UTC: 	 Getting proxy life time left
DEBUG 2022-02-17 14:16:04.869 UTC: 	 Executing command :
 voms-proxy-info --actimeleft --timeleft --file /tmp/x509up_u110046
DEBUG 2022-02-17 14:16:05.683 UTC: 	 output : 604581
604581

 error: 
 retcode : 0
DEBUG 2022-02-17 14:16:05.683 UTC: 	 Proxy valid for 167:56:21 hours
DEBUG 2022-02-17 14:16:06.286 UTC: 	 Encoded data for curl request: subresource=delegatedn
DEBUG 2022-02-17 14:16:06.288 UTC: 	 Executing command :
 curl -v -X GET -H "User-Agent: CRABClient/v3.220210" -H "Accept: */*" --data @/tmp/crab_curlDatafAuqtn --cert "/tmp/x509up_u110046" --key "/tmp/x509up_u110046" --capath "/etc/grid-security/certificates/" "https://cmsweb.cern.ch:8443/crabserver/prod/info?subresource=delegatedn" | tee /dev/stderr 
DEBUG 2022-02-17 14:16:06.519 UTC: 	 output : {"result": [
 {"services": ["/DC=ch/DC=cern/OU=computers/CN=crab-(preprod|prod|dev)-tw(02|01).cern.ch|/DC=ch/DC=cern/OU=computers/CN=stefanov(m|m2).cern.ch|/DC=ch/DC=cern/OU=computers/CN=dciangot-tw.cern.ch"]}
]}

 error:   % Total    % Received % Xferd  Average Speed   Time    Time     Time  Current
                                 Dload  Upload   Total   Spent    Left  Speed
  0     0    0     0    0     0      0      0 --:--:-- --:--:-- --:--:--     0*   Trying 137.138.120.6...
* TCP_NODELAY set
* Connected to cmsweb.cern.ch (137.138.120.6) port 8443 (#0)
* ALPN, offering http/1.1
* Cipher selection: ALL:!EXPORT:!EXPORT40:!EXPORT56:!aNULL:!LOW:!RC4:@STRENGTH
* successfully set certificate verify locations:
  CAfile: /etc/pki/tls/certs/ca-bundle.crt
  CApath: /etc/grid-security/certificates/
* TLSv1.2 (OUT), TLS header, Certificate Status (22):
} [5 bytes data]
* TLSv1.2 (OUT), TLS handshake, Client hello (1):
} [512 bytes data]
* TLSv1.2 (IN), TLS handshake, Server hello (2):
{ [109 bytes data]
* TLSv1.2 (IN), TLS handshake, Certificate (11):
{ [6199 bytes data]
* TLSv1.2 (IN), TLS handshake, Server key exchange (12):
{ [333 bytes data]
* TLSv1.2 (IN), TLS handshake, Request CERT (13):
{ [13495 bytes data]
* TLSv1.2 (IN), TLS handshake, Server finished (14):
{ [4 bytes data]
* TLSv1.2 (OUT), TLS handshake, Certificate (11):
} [6129 bytes data]
* TLSv1.2 (OUT), TLS handshake, Client key exchange (16):
} [70 bytes data]
* TLSv1.2 (OUT), TLS handshake, CERT verify (15):
} [264 bytes data]
* TLSv1.2 (OUT), TLS change cipher, Client hello (1):
} [1 bytes data]
* TLSv1.2 (OUT), TLS handshake, Finished (20):
} [16 bytes data]
* TLSv1.2 (IN), TLS change cipher, Client hello (1):
{ [1 bytes data]
* TLSv1.2 (IN), TLS handshake, Finished (20):
{ [16 bytes data]
* SSL connection using TLSv1.2 / ECDHE-RSA-AES128-GCM-SHA256
* ALPN, server accepted to use http/1.1
* Server certificate:
*  subject: DC=ch; DC=cern; OU=computers; CN=cmsweb.cern.ch
*  start date: Feb 17 13:05:12 2022 GMT
*  expire date: Mar 24 13:05:12 2023 GMT
*  subjectAltName: host "cmsweb.cern.ch" matched cert's "cmsweb.cern.ch"
*  issuer: DC=ch; DC=cern; CN=CERN Grid Certification Authority
*  SSL certificate verify ok.
} [5 bytes data]
> GET /crabserver/prod/info?subresource=delegatedn HTTP/1.1
> Host: cmsweb.cern.ch:8443
> User-Agent: CRABClient/v3.220210
> Accept: */*
> Content-Length: 22
> Content-Type: application/x-www-form-urlencoded
> 
} [22 bytes data]
* upload completely sent off: 22 out of 22 bytes
{ [5 bytes data]
< HTTP/1.1 200 OK
< Date: Thu, 17 Feb 2022 14:16:06 GMT
< Server: nginx/1.17.10
< Content-Type: application/json
< Content-Length: 213
< Vary: Accept
< Cache-Control: max-age=3600
< X-Rest-Status: 100
< Etag: "de92dcb56f87dabbe30965e60a433c3f1b873eab"
< X-Rest-Time: 2739.191 us
< CMS-Server-Time: D=14976 t=1645107366486796
< 
{ [5 bytes data]
100   235  100   213  100    22   2662    275 --:--:-- --:--:-- --:--:--  2937
* Connection #0 to host cmsweb.cern.ch left intact
{"result": [
 {"services": ["/DC=ch/DC=cern/OU=computers/CN=crab-(preprod|prod|dev)-tw(02|01).cern.ch|/DC=ch/DC=cern/OU=computers/CN=stefanov(m|m2).cern.ch|/DC=ch/DC=cern/OU=computers/CN=dciangot-tw.cern.ch"]}
]}

 retcode : 0
DEBUG 2022-02-17 14:16:06.520 UTC: 	 Registering user credentials on myproxy for /DC=ch/DC=cern/OU=computers/CN=crab-(preprod|prod|dev)-tw(02|01).cern.ch|/DC=ch/DC=cern/OU=computers/CN=stefanov(m|m2).cern.ch|/DC=ch/DC=cern/OU=computers/CN=dciangot-tw.cern.ch
DEBUG 2022-02-17 14:16:06.520 UTC: 	 Executing command :
 voms-proxy-info --identity --file /tmp/x509up_u110046
DEBUG 2022-02-17 14:16:07.913 UTC: 	 output : /DC=ch/DC=cern/OU=Organic Units/OU=Users/CN=yian/CN=826694/CN=Ying An

 error: 
 retcode : 0
DEBUG 2022-02-17 14:16:07.913 UTC: 	 Getting myproxy life time left for b52ac606a6f7097e9b4b8f05a3a67cc69f8f291b
DEBUG 2022-02-17 14:16:07.913 UTC: 	 Executing command :
 myproxy-info -s myproxy.cern.ch -l b52ac606a6f7097e9b4b8f05a3a67cc69f8f291b
DEBUG 2022-02-17 14:16:08.404 UTC: 	 output : username: b52ac606a6f7097e9b4b8f05a3a67cc69f8f291b
owner: /DC=ch/DC=cern/OU=Organic Units/OU=Users/CN=yian/CN=826694/CN=Ying An
  renewal policy: /DC=ch/DC=cern/OU=computers/CN=crab-(preprod|prod|dev)-tw(02|01).cern.ch|/DC=ch/DC=cern/OU=computers/CN=stefanov(m|m2).cern.ch|/DC=ch/DC=cern/OU=computers/CN=dciangot-tw.cern.ch
  trusted retrieval policy: /DC=ch/DC=cern/OU=computers/CN=crab-(preprod|prod|dev)-tw(02|01).cern.ch|/DC=ch/DC=cern/OU=computers/CN=stefanov(m|m2).cern.ch|/DC=ch/DC=cern/OU=computers/CN=dciangot-tw.cern.ch
  timeleft: 380:17:29  (15.8 days)

 error: 
 retcode : 0
DEBUG 2022-02-17 14:16:08.404 UTC: 	 Myproxy is valid: 1369020
DEBUG 2022-02-17 14:16:08.404 UTC: 	 Result of myproxy credential check:
  Credential exists on myproxy: username: b52ac606a6f7097e9b4b8f05a3a67cc69f8f291b  - validity: 15 days, 20:17:00
DEBUG 2022-02-17 14:16:08.404 UTC: 	 Command use: submit
DEBUG 2022-02-17 14:16:08.404 UTC: 	 Options use: ['-c', 'crabcode_2017/DYJetsToLL_M-50_TuneCP5_13TeV-amcatnloFXFX-pythia8_2017_cfg.py']
DEBUG 2022-02-17 14:16:08.405 UTC: 	 Encoded data for curl request: subresource=version
DEBUG 2022-02-17 14:16:08.405 UTC: 	 Executing command :
 curl -v -X GET -H "User-Agent: CRABClient/v3.220210" -H "Accept: */*" --data @/tmp/crab_curlDataM0NTFX --cert "/tmp/x509up_u110046" --key "/tmp/x509up_u110046" --capath "/etc/grid-security/certificates/" "https://cmsweb.cern.ch:8443/crabserver/prod/info?subresource=version" | tee /dev/stderr 
DEBUG 2022-02-17 14:16:08.596 UTC: 	 output : {"result": [
 ["3.3.19", "3.3.20", "v3", "development", "py3.220124"]
]}

 error:   % Total    % Received % Xferd  Average Speed   Time    Time     Time  Current
                                 Dload  Upload   Total   Spent    Left  Speed
  0     0    0     0    0     0      0      0 --:--:-- --:--:-- --:--:--     0*   Trying 137.138.120.6...
* TCP_NODELAY set
* Connected to cmsweb.cern.ch (137.138.120.6) port 8443 (#0)
* ALPN, offering http/1.1
* Cipher selection: ALL:!EXPORT:!EXPORT40:!EXPORT56:!aNULL:!LOW:!RC4:@STRENGTH
* successfully set certificate verify locations:
  CAfile: /etc/pki/tls/certs/ca-bundle.crt
  CApath: /etc/grid-security/certificates/
* TLSv1.2 (OUT), TLS header, Certificate Status (22):
} [5 bytes data]
* TLSv1.2 (OUT), TLS handshake, Client hello (1):
} [512 bytes data]
* TLSv1.2 (IN), TLS handshake, Server hello (2):
{ [109 bytes data]
* TLSv1.2 (IN), TLS handshake, Certificate (11):
{ [6199 bytes data]
* TLSv1.2 (IN), TLS handshake, Server key exchange (12):
{ [333 bytes data]
* TLSv1.2 (IN), TLS handshake, Request CERT (13):
{ [13495 bytes data]
* TLSv1.2 (IN), TLS handshake, Server finished (14):
{ [4 bytes data]
* TLSv1.2 (OUT), TLS handshake, Certificate (11):
} [6129 bytes data]
* TLSv1.2 (OUT), TLS handshake, Client key exchange (16):
} [70 bytes data]
* TLSv1.2 (OUT), TLS handshake, CERT verify (15):
} [264 bytes data]
* TLSv1.2 (OUT), TLS change cipher, Client hello (1):
} [1 bytes data]
* TLSv1.2 (OUT), TLS handshake, Finished (20):
} [16 bytes data]
* TLSv1.2 (IN), TLS change cipher, Client hello (1):
{ [1 bytes data]
* TLSv1.2 (IN), TLS handshake, Finished (20):
{ [16 bytes data]
* SSL connection using TLSv1.2 / ECDHE-RSA-AES128-GCM-SHA256
* ALPN, server accepted to use http/1.1
* Server certificate:
*  subject: DC=ch; DC=cern; OU=computers; CN=cmsweb.cern.ch
*  start date: Feb 17 13:05:12 2022 GMT
*  expire date: Mar 24 13:05:12 2023 GMT
*  subjectAltName: host "cmsweb.cern.ch" matched cert's "cmsweb.cern.ch"
*  issuer: DC=ch; DC=cern; CN=CERN Grid Certification Authority
*  SSL certificate verify ok.
} [5 bytes data]
> GET /crabserver/prod/info?subresource=version HTTP/1.1
> Host: cmsweb.cern.ch:8443
> User-Agent: CRABClient/v3.220210
> Accept: */*
> Content-Length: 19
> Content-Type: application/x-www-form-urlencoded
> 
} [19 bytes data]
* upload completely sent off: 19 out of 19 bytes
{ [5 bytes data]
< HTTP/1.1 200 OK
< Date: Thu, 17 Feb 2022 14:16:08 GMT
< Server: nginx/1.17.10
< Content-Type: application/json
< Content-Length: 73
< Vary: Accept
< Cache-Control: max-age=3600
< X-Rest-Status: 100
< Etag: "3309a93c90cdb00bd297a532c9c67f645a0b4b24"
< X-Rest-Time: 2567.768 us
< CMS-Server-Time: D=58566 t=1645107368532074
< 
{ [5 bytes data]
100    92  100    73  100    19    669    174 --:--:-- --:--:-- --:--:--   844
* Connection #0 to host cmsweb.cern.ch left intact
{"result": [
 ["3.3.19", "3.3.20", "v3", "development", "py3.220124"]
]}

 retcode : 0
DEBUG 2022-02-17 14:16:08.597 UTC: 	 CRABClient version: v3.220210
DEBUG 2022-02-17 14:16:08.597 UTC: 	 Instance is prod
DEBUG 2022-02-17 14:16:08.597 UTC: 	 Server base url is cmsweb.cern.ch
DEBUG 2022-02-17 14:16:08.597 UTC: 	 Command api workflow
DEBUG 2022-02-17 14:16:08.597 UTC: 	 Started submission
DEBUG 2022-02-17 14:16:08.597 UTC: 	 Working on /afs/cern.ch/work/y/yian/work/GZ/CMSSW_10_6_29/src/PhysicsTools/NanoAODTools/WWG/2017/crab/crab2017/crab_DYJetsToLL_M-50_TuneCP5_13TeV-amcatnloFXFX-pythia8_2017
DEBUG 2022-02-17 14:16:08.597 UTC: 	 Encoded data for curl request: subresource=backendurls
DEBUG 2022-02-17 14:16:08.598 UTC: 	 Executing command :
 curl -v -X GET -H "User-Agent: CRABClient/v3.220210" -H "Accept: */*" --data @/tmp/crab_curlData5lUIt7 --cert "/tmp/x509up_u110046" --key "/tmp/x509up_u110046" --capath "/etc/grid-security/certificates/" "https://cmsweb.cern.ch:8443/crabserver/prod/info?subresource=backendurls" | tee /dev/stderr 
DEBUG 2022-02-17 14:16:08.975 UTC: 	 output : {"result": [
 {"cacheSSL": "https://cmsweb.cern.ch/S3/crabcache_prod", "htcondorSchedds": {"crab3@vocms059.cern.ch": {"proxiedurl": "https://cmsweb.cern.ch:8443/scheddmon/059", "weightfactor": 0}, "crab3@vocms068.cern.ch": {"proxiedurl": "https://cmsweb.cern.ch:8443/scheddmon/068", "weightfactor": 1}, "crab3@vocms069.cern.ch": {"proxiedurl": "https://cmsweb.cern.ch:8443/scheddmon/069", "weightfactor": 1}, "crab3@vocms0106.cern.ch": {"proxiedurl": "https://cmsweb.cern.ch:8443/scheddmon/0106", "weightfactor": 1}, "crab3@vocms0107.cern.ch": {"proxiedurl": "https://cmsweb.cern.ch:8443/scheddmon/0107", "weightfactor": 1}, "crab3@vocms0119.cern.ch": {"proxiedurl": "https://cmsweb.cern.ch:8443/scheddmon/0119", "weightfactor": 1}, "crab3@vocms0120.cern.ch": {"proxiedurl": "https://cmsweb.cern.ch:8443/scheddmon/0120", "weightfactor": 1}, "crab3@vocms0121.cern.ch": {"proxiedurl": "https://cmsweb.cern.ch:8443/scheddmon/0121", "weightfactor": 1}, "crab3@vocms0122.cern.ch": {"proxiedurl": "https://cmsweb.cern.ch:8443/scheddmon/0122", "weightfactor": 1}, "crab3@vocms0137.cern.ch": {"proxiedurl": "https://cmsweb.cern.ch:8443/scheddmon/0137", "weightfactor": 1}, "crab3@vocms0144.cern.ch": {"proxiedurl": "https://cmsweb.cern.ch:8443/scheddmon/0144", "weightfactor": 1}, "crab3@vocms0155.cern.ch": {"proxiedurl": "https://cmsweb.cern.ch:8443/scheddmon/0155", "weightfactor": 1}, "crab3@vocms0194.cern.ch": {"proxiedurl": "https://cmsweb.cern.ch:8443/scheddmon/0194", "weightfactor": 1}, "crab3@vocms0195.cern.ch": {"proxiedurl": "https://cmsweb.cern.ch:8443/scheddmon/0195", "weightfactor": 1}, "crab3@vocms0196.cern.ch": {"proxiedurl": "https://cmsweb.cern.ch:8443/scheddmon/0196", "weightfactor": 1}, "crab3@vocms0197.cern.ch": {"proxiedurl": "https://cmsweb.cern.ch:8443/scheddmon/0197", "weightfactor": 1}, "crab3@vocms0198.cern.ch": {"proxiedurl": "https://cmsweb.cern.ch:8443/scheddmon/0198", "weightfactor": 1}, "crab3@vocms0199.cern.ch": {"proxiedurl": "https://cmsweb.cern.ch:8443/scheddmon/0199", "weightfactor": 1}}, "asoConfig": [{"couchURL": "https://cmsweb.cern.ch/crabserver/prod", "couchDBName": "filetransfers"}], "htcondorPool": "cmsgwms-collector-global.cern.ch:9620,cmsgwms-collector-global.fnal.gov:9620"}
]}

 error:   % Total    % Received % Xferd  Average Speed   Time    Time     Time  Current
                                 Dload  Upload   Total   Spent    Left  Speed
  0     0    0     0    0     0      0      0 --:--:-- --:--:-- --:--:--     0*   Trying 137.138.120.6...
* TCP_NODELAY set
* Connected to cmsweb.cern.ch (137.138.120.6) port 8443 (#0)
* ALPN, offering http/1.1
* Cipher selection: ALL:!EXPORT:!EXPORT40:!EXPORT56:!aNULL:!LOW:!RC4:@STRENGTH
* successfully set certificate verify locations:
  CAfile: /etc/pki/tls/certs/ca-bundle.crt
  CApath: /etc/grid-security/certificates/
* TLSv1.2 (OUT), TLS header, Certificate Status (22):
} [5 bytes data]
* TLSv1.2 (OUT), TLS handshake, Client hello (1):
} [512 bytes data]
* TLSv1.2 (IN), TLS handshake, Server hello (2):
{ [109 bytes data]
* TLSv1.2 (IN), TLS handshake, Certificate (11):
{ [6199 bytes data]
* TLSv1.2 (IN), TLS handshake, Server key exchange (12):
{ [333 bytes data]
* TLSv1.2 (IN), TLS handshake, Request CERT (13):
{ [13495 bytes data]
* TLSv1.2 (IN), TLS handshake, Server finished (14):
{ [4 bytes data]
* TLSv1.2 (OUT), TLS handshake, Certificate (11):
} [6129 bytes data]
* TLSv1.2 (OUT), TLS handshake, Client key exchange (16):
} [70 bytes data]
* TLSv1.2 (OUT), TLS handshake, CERT verify (15):
} [264 bytes data]
* TLSv1.2 (OUT), TLS change cipher, Client hello (1):
} [1 bytes data]
* TLSv1.2 (OUT), TLS handshake, Finished (20):
} [16 bytes data]
* TLSv1.2 (IN), TLS change cipher, Client hello (1):
{ [1 bytes data]
* TLSv1.2 (IN), TLS handshake, Finished (20):
{ [16 bytes data]
* SSL connection using TLSv1.2 / ECDHE-RSA-AES128-GCM-SHA256
* ALPN, server accepted to use http/1.1
* Server certificate:
*  subject: DC=ch; DC=cern; OU=computers; CN=cmsweb.cern.ch
*  start date: Feb 17 13:05:12 2022 GMT
*  expire date: Mar 24 13:05:12 2023 GMT
*  subjectAltName: host "cmsweb.cern.ch" matched cert's "cmsweb.cern.ch"
*  issuer: DC=ch; DC=cern; CN=CERN Grid Certification Authority
*  SSL certificate verify ok.
} [5 bytes data]
> GET /crabserver/prod/info?subresource=backendurls HTTP/1.1
> Host: cmsweb.cern.ch:8443
> User-Agent: CRABClient/v3.220210
> Accept: */*
> Content-Length: 23
> Content-Type: application/x-www-form-urlencoded
> 
} [23 bytes data]
* upload completely sent off: 23 out of 23 bytes
{ [5 bytes data]
< HTTP/1.1 200 OK
< Date: Thu, 17 Feb 2022 14:16:08 GMT
< Server: nginx/1.17.10
< Content-Type: application/json
< Content-Length: 2232
< Vary: Accept-Encoding,Accept
< Cache-Control: max-age=3600
< X-Rest-Status: 100
< Etag: "33581c872b594825cd6b153efac3e8632410185f"
< X-Rest-Time: 3880.262 us
< CMS-Server-Time: D=21137 t=1645107368933381
< 
{ [5 bytes data]
100  2255  100  2232  100    23  25363    261 --:--:-- --:--:-- --:--:-- 25625
* Connection #0 to host cmsweb.cern.ch left intact
{"result": [
 {"cacheSSL": "https://cmsweb.cern.ch/S3/crabcache_prod", "htcondorSchedds": {"crab3@vocms059.cern.ch": {"proxiedurl": "https://cmsweb.cern.ch:8443/scheddmon/059", "weightfactor": 0}, "crab3@vocms068.cern.ch": {"proxiedurl": "https://cmsweb.cern.ch:8443/scheddmon/068", "weightfactor": 1}, "crab3@vocms069.cern.ch": {"proxiedurl": "https://cmsweb.cern.ch:8443/scheddmon/069", "weightfactor": 1}, "crab3@vocms0106.cern.ch": {"proxiedurl": "https://cmsweb.cern.ch:8443/scheddmon/0106", "weightfactor": 1}, "crab3@vocms0107.cern.ch": {"proxiedurl": "https://cmsweb.cern.ch:8443/scheddmon/0107", "weightfactor": 1}, "crab3@vocms0119.cern.ch": {"proxiedurl": "https://cmsweb.cern.ch:8443/scheddmon/0119", "weightfactor": 1}, "crab3@vocms0120.cern.ch": {"proxiedurl": "https://cmsweb.cern.ch:8443/scheddmon/0120", "weightfactor": 1}, "crab3@vocms0121.cern.ch": {"proxiedurl": "https://cmsweb.cern.ch:8443/scheddmon/0121", "weightfactor": 1}, "crab3@vocms0122.cern.ch": {"proxiedurl": "https://cmsweb.cern.ch:8443/scheddmon/0122", "weightfactor": 1}, "crab3@vocms0137.cern.ch": {"proxiedurl": "https://cmsweb.cern.ch:8443/scheddmon/0137", "weightfactor": 1}, "crab3@vocms0144.cern.ch": {"proxiedurl": "https://cmsweb.cern.ch:8443/scheddmon/0144", "weightfactor": 1}, "crab3@vocms0155.cern.ch": {"proxiedurl": "https://cmsweb.cern.ch:8443/scheddmon/0155", "weightfactor": 1}, "crab3@vocms0194.cern.ch": {"proxiedurl": "https://cmsweb.cern.ch:8443/scheddmon/0194", "weightfactor": 1}, "crab3@vocms0195.cern.ch": {"proxiedurl": "https://cmsweb.cern.ch:8443/scheddmon/0195", "weightfactor": 1}, "crab3@vocms0196.cern.ch": {"proxiedurl": "https://cmsweb.cern.ch:8443/scheddmon/0196", "weightfactor": 1}, "crab3@vocms0197.cern.ch": {"proxiedurl": "https://cmsweb.cern.ch:8443/scheddmon/0197", "weightfactor": 1}, "crab3@vocms0198.cern.ch": {"proxiedurl": "https://cmsweb.cern.ch:8443/scheddmon/0198", "weightfactor": 1}, "crab3@vocms0199.cern.ch": {"proxiedurl": "https://cmsweb.cern.ch:8443/scheddmon/0199", "weightfactor": 1}}, "asoConfig": [{"couchURL": "https://cmsweb.cern.ch/crabserver/prod", "couchDBName": "filetransfers"}], "htcondorPool": "cmsgwms-collector-global.cern.ch:9620,cmsgwms-collector-global.fnal.gov:9620"}
]}

 retcode : 0
DEBUG 2022-02-17 14:16:09.553 UTC: 	 Loading required information from the environment
DEBUG 2022-02-17 14:16:09.553 UTC: 	 Found CMSSW_10_6_29 for slc7_amd64_gcc820 with base /afs/cern.ch/work/y/yian/work/GZ/CMSSW_10_6_29
DEBUG 2022-02-17 14:16:09.554 UTC: 	 Loading required information from the environment
DEBUG 2022-02-17 14:16:09.554 UTC: 	 Found CMSSW_10_6_29 for slc7_amd64_gcc820 with base /afs/cern.ch/work/y/yian/work/GZ/CMSSW_10_6_29
DEBUG 2022-02-17 14:16:09.554 UTC: 	 UNIQUE NAME: tarUUID b7d782d5-6f19-47f0-96d0-0cafdf9cb54b 
DEBUG 2022-02-17 14:16:09.554 UTC: 	 self.config: from WMCore.Configuration import Configuration
config = Configuration()
config.section_('General')
config.General.workArea = 'crab2017'
config.General.transferLogs = False
config.General.requestName = 'DYJetsToLL_M-50_TuneCP5_13TeV-amcatnloFXFX-pythia8_2017'
config.section_('JobType')
config.JobType.scriptArgs = ['isdata=MC', 'year=2017', 'era=B']
config.JobType.scriptExe = './WWG_crab_script.sh'
config.JobType.pluginName = 'Analysis'
config.JobType.sendPythonFolder = True
config.JobType.allowUndistributedCMSSW = True
config.JobType.psetName = 'PSet.py'
config.JobType.inputFiles = ['../../../scripts/haddnano.py', '../WWG_selector/WWG_postproc.py', '../WWG_selector/WWG_Module.py', '../WWG_selector/WWG_keep_and_drop.txt', '../WWG_selector/WWG_output_branch.txt', '../WWG_selector/DAS_filesearch.py']
config.section_('Data')
config.Data.inputDataset = '/DYJetsToLL_M-50_TuneCP5_13TeV-amcatnloFXFX-pythia8/RunIISummer20UL17NanoAODv9-106X_mc2017_realistic_v9-v2/NANOAODSIM'
config.Data.allowNonValidInputDataset = True
config.Data.publication = False
config.Data.unitsPerJob = 1
config.Data.ignoreLocality = True
config.Data.inputDBS = 'global'
config.Data.splitting = 'FileBased'
config.Data.outputDatasetTag = 'DYJetsToLL_M-50_TuneCP5_13TeV-amcatnloFXFX-pythia8_2017'
config.section_('Site')
config.Site.whitelist = ['T2_US_MIT', 'T2_US_Wisconsin', 'T2_US_Purdue', 'T2_US_UCSD', 'T2_US_Caltech', 'T2_US_Nebraska']
config.Site.storageSite = 'T3_CH_CERNBOX'

DEBUG 2022-02-17 14:16:09.554 UTC: 	 self.config.JobType.psetName: PSet.py
INFO 2022-02-17 14:16:09.554 UTC: 	 Importing CMSSW configuration PSet.py
INFO 2022-02-17 14:16:11.500 UTC: 	 Finished importing CMSSW configuration PSet.py
DEBUG 2022-02-17 14:16:11.500 UTC: 	 Writing CMSSW configuration to /afs/cern.ch/work/y/yian/work/GZ/CMSSW_10_6_29/src/PhysicsTools/NanoAODTools/WWG/2017/crab/crab2017/crab_DYJetsToLL_M-50_TuneCP5_13TeV-amcatnloFXFX-pythia8_2017/inputs/PSet.py
DEBUG 2022-02-17 14:16:11.509 UTC: 	 The following EDM output files will be collected: ['tree.root']
DEBUG 2022-02-17 14:16:11.509 UTC: 	 The following TFile output files will be collected: []
DEBUG 2022-02-17 14:16:11.509 UTC: 	 The following user output files (not listed as PoolOuputModule or TFileService in the CMSSW PSet) will be collected: 
DEBUG 2022-02-17 14:16:11.510 UTC: 	 Loading required information from the environment
DEBUG 2022-02-17 14:16:11.510 UTC: 	 Found CMSSW_10_6_29 for slc7_amd64_gcc820 with base /afs/cern.ch/work/y/yian/work/GZ/CMSSW_10_6_29
DEBUG 2022-02-17 14:16:11.510 UTC: 	 Making tarball in /afs/cern.ch/work/y/yian/work/GZ/CMSSW_10_6_29/src/PhysicsTools/NanoAODTools/WWG/2017/crab/crab2017/crab_DYJetsToLL_M-50_TuneCP5_13TeV-amcatnloFXFX-pythia8_2017/inputs/b7d782d5-6f19-47f0-96d0-0cafdf9cb54bdefault.tgz
DEBUG 2022-02-17 14:16:11.512 UTC: 	 Checking directory /afs/cern.ch/work/y/yian/work/GZ/CMSSW_10_6_29/lib
DEBUG 2022-02-17 14:16:11.512 UTC: 	 Adding directory /afs/cern.ch/work/y/yian/work/GZ/CMSSW_10_6_29/lib to tarball
DEBUG 2022-02-17 14:16:11.726 UTC: 	 Checking directory /afs/cern.ch/work/y/yian/work/GZ/CMSSW_10_6_29/biglib
DEBUG 2022-02-17 14:16:11.726 UTC: 	 Adding directory /afs/cern.ch/work/y/yian/work/GZ/CMSSW_10_6_29/biglib to tarball
DEBUG 2022-02-17 14:16:11.727 UTC: 	 Checking directory /afs/cern.ch/work/y/yian/work/GZ/CMSSW_10_6_29/module
DEBUG 2022-02-17 14:16:11.727 UTC: 	 Checking directory /afs/cern.ch/work/y/yian/work/GZ/CMSSW_10_6_29/python
DEBUG 2022-02-17 14:16:11.727 UTC: 	 Adding directory /afs/cern.ch/work/y/yian/work/GZ/CMSSW_10_6_29/python to tarball
DEBUG 2022-02-17 14:16:16.441 UTC: 	 Checking directory /afs/cern.ch/work/y/yian/work/GZ/CMSSW_10_6_29/cfipython
DEBUG 2022-02-17 14:16:16.442 UTC: 	 Adding directory /afs/cern.ch/work/y/yian/work/GZ/CMSSW_10_6_29/cfipython to tarball
DEBUG 2022-02-17 14:16:16.516 UTC: 	 Adding data directory /afs/cern.ch/work/y/yian/work/GZ/CMSSW_10_6_29/src/PhysicsTools/NanoAODTools/data to tarball
DEBUG 2022-02-17 14:16:42.769 UTC: 	 Adding data directory /afs/cern.ch/work/y/yian/work/GZ/CMSSW_10_6_29/src/PhysicsTools/NanoAODTools/interface to tarball
DEBUG 2022-02-17 14:16:42.792 UTC: 	 Adding data directory /afs/cern.ch/work/y/yian/work/GZ/CMSSW_10_6_29/src/PhysicsTools/NanoAODTools/python/postprocessing/data to tarball
DEBUG 2022-02-17 14:16:51.736 UTC: 	 Adding file ../../../scripts/haddnano.py to tarball
DEBUG 2022-02-17 14:16:51.741 UTC: 	 Adding file ../WWG_selector/WWG_postproc.py to tarball
DEBUG 2022-02-17 14:16:52.173 UTC: 	 Adding file ../WWG_selector/WWG_Module.py to tarball
DEBUG 2022-02-17 14:16:52.175 UTC: 	 Adding file ../WWG_selector/WWG_keep_and_drop.txt to tarball
DEBUG 2022-02-17 14:16:52.193 UTC: 	 Adding file ../WWG_selector/WWG_output_branch.txt to tarball
DEBUG 2022-02-17 14:16:52.195 UTC: 	 Adding file ../WWG_selector/DAS_filesearch.py to tarball
DEBUG 2022-02-17 14:16:58.459 UTC: 	 Uploading archive /afs/cern.ch/work/y/yian/work/GZ/CMSSW_10_6_29/src/PhysicsTools/NanoAODTools/WWG/2017/crab/crab2017/crab_DYJetsToLL_M-50_TuneCP5_13TeV-amcatnloFXFX-pythia8_2017/inputs/b7d782d5-6f19-47f0-96d0-0cafdf9cb54bdefault.tgz (98 MB) to the CRAB cache. Using URI https://cmsweb.cern.ch/S3/crabcache_prod
DEBUG 2022-02-17 14:17:43.232 UTC: 	 Encoded data for curl request: tarballname=de634747f6791568f03705eb6909a09e867f2538710ec769f0125c1765e98d50.tar.gz&subresource=upload&objecttype=sandbox
DEBUG 2022-02-17 14:17:43.233 UTC: 	 Executing command :
 curl -v -X GET -H "User-Agent: CRABClient/v3.220210" -H "Accept: */*" --data @/tmp/crab_curlDataAsRhpP --cert "/tmp/x509up_u110046" --key "/tmp/x509up_u110046" --capath "/etc/grid-security/certificates/" "https://cmsweb.cern.ch:8443/crabserver/prod/cache?tarballname=de634747f6791568f03705eb6909a09e867f2538710ec769f0125c1765e98d50.tar.gz&subresource=upload&objecttype=sandbox" | tee /dev/stderr 
DEBUG 2022-02-17 14:17:43.476 UTC: 	 output : {"result": [
 "https://s3.cern.ch/crabcache_prod"
,{"key": "yian/sandboxes/de634747f6791568f03705eb6909a09e867f2538710ec769f0125c1765e98d50.tar.gz", "AWSAccessKeyId": "d542228b5cc74605885bd10e80fe3e8f", "policy": "eyJleHBpcmF0aW9uIjogIjIwMjItMDItMTdUMTU6MTc6NDNaIiwgImNvbmRpdGlvbnMiOiBbeyJidWNrZXQiOiAiY3JhYmNhY2hlX3Byb2QifSwgeyJrZXkiOiAieWlhbi9zYW5kYm94ZXMvZGU2MzQ3NDdmNjc5MTU2OGYwMzcwNWViNjkwOWEwOWU4NjdmMjUzODcxMGVjNzY5ZjAxMjVjMTc2NWU5OGQ1MC50YXIuZ3oifV19", "signature": "iGJXB3lJN8ZyuDpCSeNNy9lhkfw="}
]}

 error:   % Total    % Received % Xferd  Average Speed   Time    Time     Time  Current
                                 Dload  Upload   Total   Spent    Left  Speed
  0     0    0     0    0     0      0      0 --:--:-- --:--:-- --:--:--     0*   Trying 137.138.120.6...
* TCP_NODELAY set
* Connected to cmsweb.cern.ch (137.138.120.6) port 8443 (#0)
* ALPN, offering http/1.1
* Cipher selection: ALL:!EXPORT:!EXPORT40:!EXPORT56:!aNULL:!LOW:!RC4:@STRENGTH
* successfully set certificate verify locations:
  CAfile: /etc/pki/tls/certs/ca-bundle.crt
  CApath: /etc/grid-security/certificates/
* TLSv1.2 (OUT), TLS header, Certificate Status (22):
} [5 bytes data]
* TLSv1.2 (OUT), TLS handshake, Client hello (1):
} [512 bytes data]
* TLSv1.2 (IN), TLS handshake, Server hello (2):
{ [109 bytes data]
* TLSv1.2 (IN), TLS handshake, Certificate (11):
{ [6199 bytes data]
* TLSv1.2 (IN), TLS handshake, Server key exchange (12):
{ [333 bytes data]
* TLSv1.2 (IN), TLS handshake, Request CERT (13):
{ [13495 bytes data]
* TLSv1.2 (IN), TLS handshake, Server finished (14):
{ [4 bytes data]
* TLSv1.2 (OUT), TLS handshake, Certificate (11):
} [6129 bytes data]
* TLSv1.2 (OUT), TLS handshake, Client key exchange (16):
} [70 bytes data]
* TLSv1.2 (OUT), TLS handshake, CERT verify (15):
} [264 bytes data]
* TLSv1.2 (OUT), TLS change cipher, Client hello (1):
} [1 bytes data]
* TLSv1.2 (OUT), TLS handshake, Finished (20):
} [16 bytes data]
* TLSv1.2 (IN), TLS change cipher, Client hello (1):
{ [1 bytes data]
* TLSv1.2 (IN), TLS handshake, Finished (20):
{ [16 bytes data]
* SSL connection using TLSv1.2 / ECDHE-RSA-AES128-GCM-SHA256
* ALPN, server accepted to use http/1.1
* Server certificate:
*  subject: DC=ch; DC=cern; OU=computers; CN=cmsweb.cern.ch
*  start date: Feb 17 13:05:12 2022 GMT
*  expire date: Mar 24 13:05:12 2023 GMT
*  subjectAltName: host "cmsweb.cern.ch" matched cert's "cmsweb.cern.ch"
*  issuer: DC=ch; DC=cern; CN=CERN Grid Certification Authority
*  SSL certificate verify ok.
} [5 bytes data]
> GET /crabserver/prod/cache?tarballname=de634747f6791568f03705eb6909a09e867f2538710ec769f0125c1765e98d50.tar.gz&subresource=upload&objecttype=sandbox HTTP/1.1
> Host: cmsweb.cern.ch:8443
> User-Agent: CRABClient/v3.220210
> Accept: */*
> Content-Length: 121
> Content-Type: application/x-www-form-urlencoded
> 
} [121 bytes data]
* upload completely sent off: 121 out of 121 bytes
{ [5 bytes data]
< HTTP/1.1 200 OK
< Date: Thu, 17 Feb 2022 14:17:43 GMT
< Server: nginx/1.17.10
< Content-Type: application/json
< Content-Length: 509
< Vary: Accept-Encoding,Accept
< Cache-Control: max-age=3600
< X-Rest-Status: 100
< Etag: "133abae6a2ee47fedda755d6d5a9ae36a2139187"
< X-Rest-Time: 34900.665 us
< CMS-Server-Time: D=48165 t=1645107463419729
< 
{ [5 bytes data]
100   630  100   509  100   121   5357   1273 --:--:-- --:--:-- --:--:--  6631
* Connection #0 to host cmsweb.cern.ch left intact
{"result": [
 "https://s3.cern.ch/crabcache_prod"
,{"key": "yian/sandboxes/de634747f6791568f03705eb6909a09e867f2538710ec769f0125c1765e98d50.tar.gz", "AWSAccessKeyId": "d542228b5cc74605885bd10e80fe3e8f", "policy": "eyJleHBpcmF0aW9uIjogIjIwMjItMDItMTdUMTU6MTc6NDNaIiwgImNvbmRpdGlvbnMiOiBbeyJidWNrZXQiOiAiY3JhYmNhY2hlX3Byb2QifSwgeyJrZXkiOiAieWlhbi9zYW5kYm94ZXMvZGU2MzQ3NDdmNjc5MTU2OGYwMzcwNWViNjkwOWEwOWU4NjdmMjUzODcxMGVjNzY5ZjAxMjVjMTc2NWU5OGQ1MC50YXIuZ3oifV19", "signature": "iGJXB3lJN8ZyuDpCSeNNy9lhkfw="}
]}

 retcode : 0
DEBUG 2022-02-17 14:17:44.369 UTC: 	 Will execute:
curl -f -v -X POST  -H "User-Agent: CRAB" -F "key=yian/sandboxes/de634747f6791568f03705eb6909a09e867f2538710ec769f0125c1765e98d50.tar.gz" -F "AWSAccessKeyId=d542228b5cc74605885bd10e80fe3e8f" -F "policy=eyJleHBpcmF0aW9uIjogIjIwMjItMDItMTdUMTU6MTc6NDNaIiwgImNvbmRpdGlvbnMiOiBbeyJidWNrZXQiOiAiY3JhYmNhY2hlX3Byb2QifSwgeyJrZXkiOiAieWlhbi9zYW5kYm94ZXMvZGU2MzQ3NDdmNjc5MTU2OGYwMzcwNWViNjkwOWEwOWU4NjdmMjUzODcxMGVjNzY5ZjAxMjVjMTc2NWU5OGQ1MC50YXIuZ3oifV19" -F "signature=iGJXB3lJN8ZyuDpCSeNNy9lhkfw=" -F "file=@/afs/cern.ch/work/y/yian/work/GZ/CMSSW_10_6_29/src/PhysicsTools/NanoAODTools/WWG/2017/crab/crab2017/crab_DYJetsToLL_M-50_TuneCP5_13TeV-amcatnloFXFX-pythia8_2017/inputs/b7d782d5-6f19-47f0-96d0-0cafdf9cb54bdefault.tgz" "https://s3.cern.ch/crabcache_prod"
DEBUG 2022-02-17 14:17:47.650 UTC: 	 exitcode: 0
stdout: 
DEBUG 2022-02-17 14:17:47.650 UTC: 	 sandbox /afs/cern.ch/work/y/yian/work/GZ/CMSSW_10_6_29/src/PhysicsTools/NanoAODTools/WWG/2017/crab/crab2017/crab_DYJetsToLL_M-50_TuneCP5_13TeV-amcatnloFXFX-pythia8_2017/inputs/b7d782d5-6f19-47f0-96d0-0cafdf9cb54bdefault.tgz successully uploaded to S3
DEBUG 2022-02-17 14:17:47.651 UTC: 	 Loading required information from the environment
DEBUG 2022-02-17 14:17:47.651 UTC: 	 Found CMSSW_10_6_29 for slc7_amd64_gcc820 with base /afs/cern.ch/work/y/yian/work/GZ/CMSSW_10_6_29
DEBUG 2022-02-17 14:17:47.651 UTC: 	 Making tarball in /afs/cern.ch/work/y/yian/work/GZ/CMSSW_10_6_29/src/PhysicsTools/NanoAODTools/WWG/2017/crab/crab2017/crab_DYJetsToLL_M-50_TuneCP5_13TeV-amcatnloFXFX-pythia8_2017/inputs/debugFiles.tgz
DEBUG 2022-02-17 14:17:47.670 UTC: 	 Uploading archive /afs/cern.ch/work/y/yian/work/GZ/CMSSW_10_6_29/src/PhysicsTools/NanoAODTools/WWG/2017/crab/crab2017/crab_DYJetsToLL_M-50_TuneCP5_13TeV-amcatnloFXFX-pythia8_2017/inputs/debugFiles.tgz (1 KB) to the CRAB cache. Using URI https://cmsweb.cern.ch/S3/crabcache_prod
DEBUG 2022-02-17 14:17:47.673 UTC: 	 Encoded data for curl request: tarballname=8794ec8e23baa469403fe53280593dd1aca8874f7160afc3d864284bf385182e.tar.gz&subresource=upload&objecttype=sandbox
DEBUG 2022-02-17 14:17:47.674 UTC: 	 Executing command :
 curl -v -X GET -H "User-Agent: CRABClient/v3.220210" -H "Accept: */*" --data @/tmp/crab_curlData8tmxLN --cert "/tmp/x509up_u110046" --key "/tmp/x509up_u110046" --capath "/etc/grid-security/certificates/" "https://cmsweb.cern.ch:8443/crabserver/prod/cache?tarballname=8794ec8e23baa469403fe53280593dd1aca8874f7160afc3d864284bf385182e.tar.gz&subresource=upload&objecttype=sandbox" | tee /dev/stderr 
DEBUG 2022-02-17 14:17:47.760 UTC: 	 output : {"result": [
 ""
,{}
]}

 error:   % Total    % Received % Xferd  Average Speed   Time    Time     Time  Current
                                 Dload  Upload   Total   Spent    Left  Speed
  0     0    0     0    0     0      0      0 --:--:-- --:--:-- --:--:--     0*   Trying 137.138.120.6...
* TCP_NODELAY set
* Connected to cmsweb.cern.ch (137.138.120.6) port 8443 (#0)
* ALPN, offering http/1.1
* Cipher selection: ALL:!EXPORT:!EXPORT40:!EXPORT56:!aNULL:!LOW:!RC4:@STRENGTH
* successfully set certificate verify locations:
  CAfile: /etc/pki/tls/certs/ca-bundle.crt
  CApath: /etc/grid-security/certificates/
* TLSv1.2 (OUT), TLS header, Certificate Status (22):
} [5 bytes data]
* TLSv1.2 (OUT), TLS handshake, Client hello (1):
} [512 bytes data]
* TLSv1.2 (IN), TLS handshake, Server hello (2):
{ [109 bytes data]
* TLSv1.2 (IN), TLS handshake, Certificate (11):
{ [6199 bytes data]
* TLSv1.2 (IN), TLS handshake, Server key exchange (12):
{ [333 bytes data]
* TLSv1.2 (IN), TLS handshake, Request CERT (13):
{ [13495 bytes data]
* TLSv1.2 (IN), TLS handshake, Server finished (14):
{ [4 bytes data]
* TLSv1.2 (OUT), TLS handshake, Certificate (11):
} [6129 bytes data]
* TLSv1.2 (OUT), TLS handshake, Client key exchange (16):
} [70 bytes data]
* TLSv1.2 (OUT), TLS handshake, CERT verify (15):
} [264 bytes data]
* TLSv1.2 (OUT), TLS change cipher, Client hello (1):
} [1 bytes data]
* TLSv1.2 (OUT), TLS handshake, Finished (20):
} [16 bytes data]
* TLSv1.2 (IN), TLS change cipher, Client hello (1):
{ [1 bytes data]
* TLSv1.2 (IN), TLS handshake, Finished (20):
{ [16 bytes data]
* SSL connection using TLSv1.2 / ECDHE-RSA-AES128-GCM-SHA256
* ALPN, server accepted to use http/1.1
* Server certificate:
*  subject: DC=ch; DC=cern; OU=computers; CN=cmsweb.cern.ch
*  start date: Feb 17 13:05:12 2022 GMT
*  expire date: Mar 24 13:05:12 2023 GMT
*  subjectAltName: host "cmsweb.cern.ch" matched cert's "cmsweb.cern.ch"
*  issuer: DC=ch; DC=cern; CN=CERN Grid Certification Authority
*  SSL certificate verify ok.
} [5 bytes data]
> GET /crabserver/prod/cache?tarballname=8794ec8e23baa469403fe53280593dd1aca8874f7160afc3d864284bf385182e.tar.gz&subresource=upload&objecttype=sandbox HTTP/1.1
> Host: cmsweb.cern.ch:8443
> User-Agent: CRABClient/v3.220210
> Accept: */*
> Content-Length: 121
> Content-Type: application/x-www-form-urlencoded
> 
} [121 bytes data]
* upload completely sent off: 121 out of 121 bytes
{ [5 bytes data]
< HTTP/1.1 200 OK
< Date: Thu, 17 Feb 2022 14:17:47 GMT
< Server: nginx/1.17.10
< Content-Type: application/json
< Content-Length: 24
< Vary: Accept
< Cache-Control: max-age=3600
< X-Rest-Status: 100
< Etag: "556ce43763b116622238c65d89d24dd485f20666"
< X-Rest-Time: 16678.572 us
< CMS-Server-Time: D=25642 t=1645107467730975
< 
{ [5 bytes data]
100   145  100    24  100   121    400   2016 --:--:-- --:--:-- --:--:--  2416
* Connection #0 to host cmsweb.cern.ch left intact
{"result": [
 ""
,{}
]}

 retcode : 0
DEBUG 2022-02-17 14:17:55.639 UTC: 	 sandbox 8794ec8e23baa469403fe53280593dd1aca8874f7160afc3d864284bf385182e.tar.gz is already in the S3 store, will not upload again
DEBUG 2022-02-17 14:17:55.640 UTC: 	 Result uploading input files: de634747f6791568f03705eb6909a09e867f2538710ec769f0125c1765e98d50.tar.gz 
INFO 2022-02-17 14:17:55.641 UTC: 	 Sending the request to the server at cmsweb.cern.ch
DEBUG 2022-02-17 14:17:55.641 UTC: 	 Submitting {'maxjobruntime': 1250, 'extrajdl': [], 'ignorelocality': 1, 'savelogsflag': 0, 'useparent': 0, 'scriptexe': 'WWG_crab_script.sh', 'asyncdest': 'T3_CH_CERNBOX', 'algoargs': 1, 'cachefilename': 'de634747f6791568f03705eb6909a09e867f2538710ec769f0125c1765e98d50.tar.gz', 'numcores': 1, 'addoutputfiles': [], 'generator': 'pythia', 'maxmemory': 2000, 'publishdbsurl': 'https://cmsweb.cern.ch/dbs/prod/phys03/DBSWriter', 'priority': 10, 'jobsw': 'CMSSW_10_6_29', 'edmoutfiles': ['tree.root'], 'userfiles': [], 'primarydataset': '', 'inputdata': '/DYJetsToLL_M-50_TuneCP5_13TeV-amcatnloFXFX-pythia8/RunIISummer20UL17NanoAODv9-106X_mc2017_realistic_v9-v2/NANOAODSIM', 'dryrun': 0, 'workflow': 'crab_DYJetsToLL_M-50_TuneCP5_13TeV-amcatnloFXFX-pythia8_2017', 'scriptargs': ['isdata=MC', 'year=2017', 'era=B'], 'sitewhitelist': ['T2_US_MIT', 'T2_US_Wisconsin', 'T2_US_Purdue', 'T2_US_UCSD', 'T2_US_Caltech', 'T2_US_Nebraska'], 'nonprodsw': 1, 'tfileoutfiles': [], 'oneEventMode': 0, 'debugfilename': '8794ec8e23baa469403fe53280593dd1aca8874f7160afc3d864284bf385182e.tar.gz', 'cacheurl': u'https://cmsweb.cern.ch/S3/crabcache_prod', 'saveoutput': 1, 'publication': 0, 'jobarch': 'slc7_amd64_gcc820', 'totalunits': 0, 'splitalgo': 'FileBased', 'ignoreglobalblacklist': 0, 'nonvaliddata': 1, 'dbsurl': 'https://cmsweb.cern.ch/dbs/prod/global/DBSReader', 'publishgroupname': 0, 'publishname2': 'DYJetsToLL_M-50_TuneCP5_13TeV-amcatnloFXFX-pythia8_2017', 'jobtype': 'Analysis'} 
DEBUG 2022-02-17 14:17:55.642 UTC: 	 Encoded submit request: maxjobruntime=1250&ignorelocality=1&savelogsflag=0&useparent=0&scriptexe=WWG_crab_script.sh&asyncdest=T3_CH_CERNBOX&algoargs=1&cachefilename=de634747f6791568f03705eb6909a09e867f2538710ec769f0125c1765e98d50.tar.gz&numcores=1&generator=pythia&maxmemory=2000&publishdbsurl=https%3A%2F%2Fcmsweb.cern.ch%2Fdbs%2Fprod%2Fphys03%2FDBSWriter&priority=10&jobsw=CMSSW_10_6_29&primarydataset=&inputdata=%2FDYJetsToLL_M-50_TuneCP5_13TeV-amcatnloFXFX-pythia8%2FRunIISummer20UL17NanoAODv9-106X_mc2017_realistic_v9-v2%2FNANOAODSIM&dryrun=0&workflow=crab_DYJetsToLL_M-50_TuneCP5_13TeV-amcatnloFXFX-pythia8_2017&nonprodsw=1&oneEventMode=0&debugfilename=8794ec8e23baa469403fe53280593dd1aca8874f7160afc3d864284bf385182e.tar.gz&cacheurl=https%3A%2F%2Fcmsweb.cern.ch%2FS3%2Fcrabcache_prod&saveoutput=1&publication=0&jobarch=slc7_amd64_gcc820&totalunits=0&splitalgo=FileBased&ignoreglobalblacklist=0&nonvaliddata=1&dbsurl=https%3A%2F%2Fcmsweb.cern.ch%2Fdbs%2Fprod%2Fglobal%2FDBSReader&publishgroupname=0&publishname2=DYJetsToLL_M-50_TuneCP5_13TeV-amcatnloFXFX-pythia8_2017&jobtype=Analysis&sitewhitelist=T2_US_MIT&sitewhitelist=T2_US_Wisconsin&sitewhitelist=T2_US_Purdue&sitewhitelist=T2_US_UCSD&sitewhitelist=T2_US_Caltech&sitewhitelist=T2_US_Nebraska&edmoutfiles=tree.root&scriptargs=isdata%3DMC&scriptargs=year%3D2017&scriptargs=era%3DB
DEBUG 2022-02-17 14:17:55.642 UTC: 	 Encoded data for curl request: maxjobruntime=1250&ignorelocality=1&savelogsflag=0&useparent=0&scriptexe=WWG_crab_script.sh&asyncdest=T3_CH_CERNBOX&algoargs=1&cachefilename=de634747f6791568f03705eb6909a09e867f2538710ec769f0125c1765e98d50.tar.gz&numcores=1&generator=pythia&maxmemory=2000&publishdbsurl=https%3A%2F%2Fcmsweb.cern.ch%2Fdbs%2Fprod%2Fphys03%2FDBSWriter&priority=10&jobsw=CMSSW_10_6_29&primarydataset=&inputdata=%2FDYJetsToLL_M-50_TuneCP5_13TeV-amcatnloFXFX-pythia8%2FRunIISummer20UL17NanoAODv9-106X_mc2017_realistic_v9-v2%2FNANOAODSIM&dryrun=0&workflow=crab_DYJetsToLL_M-50_TuneCP5_13TeV-amcatnloFXFX-pythia8_2017&nonprodsw=1&oneEventMode=0&debugfilename=8794ec8e23baa469403fe53280593dd1aca8874f7160afc3d864284bf385182e.tar.gz&cacheurl=https%3A%2F%2Fcmsweb.cern.ch%2FS3%2Fcrabcache_prod&saveoutput=1&publication=0&jobarch=slc7_amd64_gcc820&totalunits=0&splitalgo=FileBased&ignoreglobalblacklist=0&nonvaliddata=1&dbsurl=https%3A%2F%2Fcmsweb.cern.ch%2Fdbs%2Fprod%2Fglobal%2FDBSReader&publishgroupname=0&publishname2=DYJetsToLL_M-50_TuneCP5_13TeV-amcatnloFXFX-pythia8_2017&jobtype=Analysis&sitewhitelist=T2_US_MIT&sitewhitelist=T2_US_Wisconsin&sitewhitelist=T2_US_Purdue&sitewhitelist=T2_US_UCSD&sitewhitelist=T2_US_Caltech&sitewhitelist=T2_US_Nebraska&edmoutfiles=tree.root&scriptargs=isdata%3DMC&scriptargs=year%3D2017&scriptargs=era%3DB
DEBUG 2022-02-17 14:17:56.119 UTC: 	 Executing command :
 curl -v -X PUT -H "User-Agent: CRABClient/v3.220210" -H "Accept: */*" --data @/tmp/crab_curlData1xdZSd --cert "/tmp/x509up_u110046" --key "/tmp/x509up_u110046" --capath "/etc/grid-security/certificates/" "https://cmsweb.cern.ch:8443/crabserver/prod/workflow" | tee /dev/stderr 
DEBUG 2022-02-17 14:17:56.226 UTC: 	 output : {"result": [
 {"RequestName": "220217_141756:yian_crab_DYJetsToLL_M-50_TuneCP5_13TeV-amcatnloFXFX-pythia8_2017"}
]}

 error:   % Total    % Received % Xferd  Average Speed   Time    Time     Time  Current
                                 Dload  Upload   Total   Spent    Left  Speed
  0     0    0     0    0     0      0      0 --:--:-- --:--:-- --:--:--     0*   Trying 137.138.120.6...
* TCP_NODELAY set
* Connected to cmsweb.cern.ch (137.138.120.6) port 8443 (#0)
* ALPN, offering http/1.1
* Cipher selection: ALL:!EXPORT:!EXPORT40:!EXPORT56:!aNULL:!LOW:!RC4:@STRENGTH
* successfully set certificate verify locations:
  CAfile: /etc/pki/tls/certs/ca-bundle.crt
  CApath: /etc/grid-security/certificates/
* TLSv1.2 (OUT), TLS header, Certificate Status (22):
} [5 bytes data]
* TLSv1.2 (OUT), TLS handshake, Client hello (1):
} [512 bytes data]
* TLSv1.2 (IN), TLS handshake, Server hello (2):
{ [109 bytes data]
* TLSv1.2 (IN), TLS handshake, Certificate (11):
{ [6199 bytes data]
* TLSv1.2 (IN), TLS handshake, Server key exchange (12):
{ [333 bytes data]
* TLSv1.2 (IN), TLS handshake, Request CERT (13):
{ [13495 bytes data]
* TLSv1.2 (IN), TLS handshake, Server finished (14):
{ [4 bytes data]
* TLSv1.2 (OUT), TLS handshake, Certificate (11):
} [6129 bytes data]
* TLSv1.2 (OUT), TLS handshake, Client key exchange (16):
} [70 bytes data]
* TLSv1.2 (OUT), TLS handshake, CERT verify (15):
} [264 bytes data]
* TLSv1.2 (OUT), TLS change cipher, Client hello (1):
} [1 bytes data]
* TLSv1.2 (OUT), TLS handshake, Finished (20):
} [16 bytes data]
* TLSv1.2 (IN), TLS change cipher, Client hello (1):
{ [1 bytes data]
* TLSv1.2 (IN), TLS handshake, Finished (20):
{ [16 bytes data]
* SSL connection using TLSv1.2 / ECDHE-RSA-AES128-GCM-SHA256
* ALPN, server accepted to use http/1.1
* Server certificate:
*  subject: DC=ch; DC=cern; OU=computers; CN=cmsweb.cern.ch
*  start date: Feb 17 13:05:12 2022 GMT
*  expire date: Mar 24 13:05:12 2023 GMT
*  subjectAltName: host "cmsweb.cern.ch" matched cert's "cmsweb.cern.ch"
*  issuer: DC=ch; DC=cern; CN=CERN Grid Certification Authority
*  SSL certificate verify ok.
} [5 bytes data]
> PUT /crabserver/prod/workflow HTTP/1.1
> Host: cmsweb.cern.ch:8443
> User-Agent: CRABClient/v3.220210
> Accept: */*
> Content-Length: 1316
> Content-Type: application/x-www-form-urlencoded
> Expect: 100-continue
> 
{ [5 bytes data]
< HTTP/1.1 100 Continue
} [5 bytes data]
* We are completely uploaded and fine
{ [5 bytes data]
< HTTP/1.1 200 OK
< Date: Thu, 17 Feb 2022 14:17:56 GMT
< Server: nginx/1.17.10
< Content-Type: application/json
< Content-Length: 116
< Vary: Accept
< X-Rest-Status: 100
< Etag: "4954330eee7a92a905bb5aa1fc46c269a7118c92"
< X-Rest-Time: 14849.901 us
< CMS-Server-Time: D=44768 t=1645107476177871
< 
{ [5 bytes data]
100  1432  100   116  100  1316   1468  16658 --:--:-- --:--:-- --:--:-- 18358
* Connection #0 to host cmsweb.cern.ch left intact
{"result": [
 {"RequestName": "220217_141756:yian_crab_DYJetsToLL_M-50_TuneCP5_13TeV-amcatnloFXFX-pythia8_2017"}
]}

 retcode : 0
DEBUG 2022-02-17 14:17:58.439 UTC: 	 Result: {u'result': [{u'RequestName': u'220217_141756:yian_crab_DYJetsToLL_M-50_TuneCP5_13TeV-amcatnloFXFX-pythia8_2017'}]}
INFO 2022-02-17 14:17:58.444 UTC: 	 Success: Your task has been delivered to the prod CRAB3 server.
INFO 2022-02-17 14:17:58.444 UTC: 	 Task name: 220217_141756:yian_crab_DYJetsToLL_M-50_TuneCP5_13TeV-amcatnloFXFX-pythia8_2017
INFO 2022-02-17 14:17:58.444 UTC: 	 Project dir: crab2017/crab_DYJetsToLL_M-50_TuneCP5_13TeV-amcatnloFXFX-pythia8_2017
INFO 2022-02-17 14:17:58.444 UTC: 	 Please use ' crab status -d crab2017/crab_DYJetsToLL_M-50_TuneCP5_13TeV-amcatnloFXFX-pythia8_2017 ' to check how the submission process proceeds.
DEBUG 2022-02-17 14:17:58.444 UTC: 	 About to return
INFO 2022-02-17 14:17:58.448 UTC: 	 Log file is /afs/cern.ch/work/y/yian/work/GZ/CMSSW_10_6_29/src/PhysicsTools/NanoAODTools/WWG/2017/crab/crab2017/crab_DYJetsToLL_M-50_TuneCP5_13TeV-amcatnloFXFX-pythia8_2017/crab.log
