DEBUG 2022-01-30 05:23:32.677 UTC: 	 CRAB Client version: v3.211130
DEBUG 2022-01-30 05:23:32.678 UTC: 	 Running on: Linux lxplus731.cern.ch 3.10.0-1160.49.1.el7.x86_64 #1 SMP Tue Nov 30 15:51:32 UTC 2021 x86_64 x86_64 x86_64 GNU/Linux - CentOS Linux 7 (Core)
DEBUG 2022-01-30 05:23:32.678 UTC: 	 Executing command: 'submit'
DEBUG 2022-01-30 05:23:32.678 UTC: 	 Found CRAB cache file /afs/cern.ch/user/y/yian/.crab3
INFO 2022-01-30 05:23:32.679 UTC: 	 Will use CRAB configuration file crabcode_2016pre/WJetsToLNu_TuneCP5_13TeV-amcatnloFXFX-pythia8_2016pre_cfg.py
DEBUG 2022-01-30 05:23:32.679 UTC: 	 Loading CRAB configuration file.
DEBUG 2022-01-30 05:23:32.683 UTC: 	 Will use CRAB Analysis plugin (i.e. will run an analysis job type).
DEBUG 2022-01-30 05:23:32.695 UTC: 	 Checking credentials
DEBUG 2022-01-30 05:23:32.695 UTC: 	 Found proxy file /tmp/x509up_u110046
DEBUG 2022-01-30 05:23:32.695 UTC: 	 Getting proxy life time left
DEBUG 2022-01-30 05:23:32.695 UTC: 	 Executing command :
 voms-proxy-info --actimeleft --timeleft --file /tmp/x509up_u110046
DEBUG 2022-01-30 05:23:33.188 UTC: 	 output : 690797
690797

 error: 
 retcode : 0
DEBUG 2022-01-30 05:23:33.188 UTC: 	 Proxy valid for 191:53:17 hours
DEBUG 2022-01-30 05:23:33.198 UTC: 	 Encoded data for curl request: subresource=delegatedn
DEBUG 2022-01-30 05:23:33.199 UTC: 	 Executing command :
 curl -v -X GET -H "User-Agent: CRABClient/v3.211130" -H "Accept: */*" --data @/tmp/curlDataXruuq4 --cert "/tmp/x509up_u110046" --key "/tmp/x509up_u110046" --capath "/etc/grid-security/certificates/" "https://cmsweb.cern.ch:8443/crabserver/prod/info?subresource=delegatedn" | tee /dev/stderr 
DEBUG 2022-01-30 05:23:33.260 UTC: 	 output : {"result": [
 {"services": ["/DC=ch/DC=cern/OU=computers/CN=crab-(preprod|prod|dev)-tw(02|01).cern.ch|/DC=ch/DC=cern/OU=computers/CN=stefanov(m|m2).cern.ch|/DC=ch/DC=cern/OU=computers/CN=dciangot-tw.cern.ch"]}
]}

 error:   % Total    % Received % Xferd  Average Speed   Time    Time     Time  Current
                                 Dload  Upload   Total   Spent    Left  Speed
  0     0    0     0    0     0      0      0 --:--:-- --:--:-- --:--:--     0*   Trying 188.184.75.95...
* TCP_NODELAY set
* Connected to cmsweb.cern.ch (188.184.75.95) port 8443 (#0)
* ALPN, offering http/1.1
* Cipher selection: ALL:!EXPORT:!EXPORT40:!EXPORT56:!aNULL:!LOW:!RC4:@STRENGTH
* successfully set certificate verify locations:
  CAfile: /etc/pki/tls/certs/ca-bundle.crt
  CApath: /etc/grid-security/certificates/
* TLSv1.2 (OUT), TLS header, Certificate Status (22):
} [5 bytes data]
* TLSv1.2 (OUT), TLS handshake, Client hello (1):
} [512 bytes data]
* TLSv1.2 (IN), TLS handshake, Server hello (2):
{ [109 bytes data]
* TLSv1.2 (IN), TLS handshake, Certificate (11):
{ [6224 bytes data]
* TLSv1.2 (IN), TLS handshake, Server key exchange (12):
{ [333 bytes data]
* TLSv1.2 (IN), TLS handshake, Request CERT (13):
{ [13495 bytes data]
* TLSv1.2 (IN), TLS handshake, Server finished (14):
{ [4 bytes data]
* TLSv1.2 (OUT), TLS handshake, Certificate (11):
} [6616 bytes data]
* TLSv1.2 (OUT), TLS handshake, Client key exchange (16):
} [70 bytes data]
* TLSv1.2 (OUT), TLS handshake, CERT verify (15):
} [264 bytes data]
* TLSv1.2 (OUT), TLS change cipher, Client hello (1):
} [1 bytes data]
* TLSv1.2 (OUT), TLS handshake, Finished (20):
} [16 bytes data]
* TLSv1.2 (IN), TLS change cipher, Client hello (1):
{ [1 bytes data]
* TLSv1.2 (IN), TLS handshake, Finished (20):
{ [16 bytes data]
* SSL connection using TLSv1.2 / ECDHE-RSA-AES128-GCM-SHA256
* ALPN, server accepted to use http/1.1
* Server certificate:
*  subject: DC=ch; DC=cern; OU=computers; CN=cmsweb.cern.ch
*  start date: Feb  2 08:08:53 2021 GMT
*  expire date: Mar  9 08:08:53 2022 GMT
*  subjectAltName: host "cmsweb.cern.ch" matched cert's "cmsweb.cern.ch"
*  issuer: DC=ch; DC=cern; CN=CERN Grid Certification Authority
*  SSL certificate verify ok.
} [5 bytes data]
> GET /crabserver/prod/info?subresource=delegatedn HTTP/1.1
> Host: cmsweb.cern.ch:8443
> User-Agent: CRABClient/v3.211130
> Accept: */*
> Content-Length: 22
> Content-Type: application/x-www-form-urlencoded
> 
} [22 bytes data]
* upload completely sent off: 22 out of 22 bytes
{ [5 bytes data]
< HTTP/1.1 200 OK
< Date: Sun, 30 Jan 2022 05:23:33 GMT
< Server: nginx/1.17.10
< Content-Type: application/json
< Content-Length: 213
< Vary: Accept
< Cache-Control: max-age=3600
< X-Rest-Status: 100
< Etag: "de92dcb56f87dabbe30965e60a433c3f1b873eab"
< X-Rest-Time: 2480.030 us
< CMS-Server-Time: D=11048 t=1643520213245994
< 
{ [5 bytes data]
100   235  100   213  100    22   5461    564 --:--:-- --:--:-- --:--:--  6025
* Connection #0 to host cmsweb.cern.ch left intact
{"result": [
 {"services": ["/DC=ch/DC=cern/OU=computers/CN=crab-(preprod|prod|dev)-tw(02|01).cern.ch|/DC=ch/DC=cern/OU=computers/CN=stefanov(m|m2).cern.ch|/DC=ch/DC=cern/OU=computers/CN=dciangot-tw.cern.ch"]}
]}

 retcode : 0
DEBUG 2022-01-30 05:23:33.261 UTC: 	 Registering user credentials on myproxy for /DC=ch/DC=cern/OU=computers/CN=crab-(preprod|prod|dev)-tw(02|01).cern.ch|/DC=ch/DC=cern/OU=computers/CN=stefanov(m|m2).cern.ch|/DC=ch/DC=cern/OU=computers/CN=dciangot-tw.cern.ch
DEBUG 2022-01-30 05:23:33.261 UTC: 	 Executing command :
 voms-proxy-info --identity --file /tmp/x509up_u110046
DEBUG 2022-01-30 05:23:33.761 UTC: 	 output : /DC=ch/DC=cern/OU=Organic Units/OU=Users/CN=yian/CN=826694/CN=Ying An

 error: 
 retcode : 0
DEBUG 2022-01-30 05:23:33.761 UTC: 	 Getting myproxy life time left for b52ac606a6f7097e9b4b8f05a3a67cc69f8f291b
DEBUG 2022-01-30 05:23:33.761 UTC: 	 Executing command :
 myproxy-info -s myproxy.cern.ch -l b52ac606a6f7097e9b4b8f05a3a67cc69f8f291b
DEBUG 2022-01-30 05:23:34.053 UTC: 	 output : username: b52ac606a6f7097e9b4b8f05a3a67cc69f8f291b
owner: /DC=ch/DC=cern/OU=Organic Units/OU=Users/CN=yian/CN=826694/CN=Ying An
  renewal policy: /DC=ch/DC=cern/OU=computers/CN=crab-(preprod|prod|dev)-tw(02|01).cern.ch|/DC=ch/DC=cern/OU=computers/CN=stefanov(m|m2).cern.ch|/DC=ch/DC=cern/OU=computers/CN=dciangot-tw.cern.ch
  trusted retrieval policy: /DC=ch/DC=cern/OU=computers/CN=crab-(preprod|prod|dev)-tw(02|01).cern.ch|/DC=ch/DC=cern/OU=computers/CN=stefanov(m|m2).cern.ch|/DC=ch/DC=cern/OU=computers/CN=dciangot-tw.cern.ch
  timeleft: 461:08:53  (19.2 days)

 error: 
 retcode : 0
DEBUG 2022-01-30 05:23:34.053 UTC: 	 Myproxy is valid: 1660080
DEBUG 2022-01-30 05:23:34.053 UTC: 	 Result of myproxy credential check:
  Credential exists on myproxy: username: b52ac606a6f7097e9b4b8f05a3a67cc69f8f291b  - validity: 19 days, 5:08:00
DEBUG 2022-01-30 05:23:34.053 UTC: 	 Command use: submit
DEBUG 2022-01-30 05:23:34.053 UTC: 	 Options use: ['-c', 'crabcode_2016pre/WJetsToLNu_TuneCP5_13TeV-amcatnloFXFX-pythia8_2016pre_cfg.py']
DEBUG 2022-01-30 05:23:34.053 UTC: 	 Encoded data for curl request: subresource=version
DEBUG 2022-01-30 05:23:34.054 UTC: 	 Executing command :
 curl -v -X GET -H "User-Agent: CRABClient/v3.211130" -H "Accept: */*" --data @/tmp/curlDataKy_LPW --cert "/tmp/x509up_u110046" --key "/tmp/x509up_u110046" --capath "/etc/grid-security/certificates/" "https://cmsweb.cern.ch:8443/crabserver/prod/info?subresource=version" | tee /dev/stderr 
DEBUG 2022-01-30 05:23:34.113 UTC: 	 output : {"result": [
 ["3.3.19", "3.3.20", "v3", "development", "py3.220124"]
]}

 error:   % Total    % Received % Xferd  Average Speed   Time    Time     Time  Current
                                 Dload  Upload   Total   Spent    Left  Speed
  0     0    0     0    0     0      0      0 --:--:-- --:--:-- --:--:--     0*   Trying 188.184.75.95...
* TCP_NODELAY set
  0     0    0     0    0     0      0      0 --:--:-- --:--:-- --:--:--     0* Connected to cmsweb.cern.ch (188.184.75.95) port 8443 (#0)
* ALPN, offering http/1.1
* Cipher selection: ALL:!EXPORT:!EXPORT40:!EXPORT56:!aNULL:!LOW:!RC4:@STRENGTH
* successfully set certificate verify locations:
  CAfile: /etc/pki/tls/certs/ca-bundle.crt
  CApath: /etc/grid-security/certificates/
* TLSv1.2 (OUT), TLS header, Certificate Status (22):
} [5 bytes data]
* TLSv1.2 (OUT), TLS handshake, Client hello (1):
} [512 bytes data]
* TLSv1.2 (IN), TLS handshake, Server hello (2):
{ [109 bytes data]
* TLSv1.2 (IN), TLS handshake, Certificate (11):
{ [6224 bytes data]
* TLSv1.2 (IN), TLS handshake, Server key exchange (12):
{ [333 bytes data]
* TLSv1.2 (IN), TLS handshake, Request CERT (13):
{ [13495 bytes data]
* TLSv1.2 (IN), TLS handshake, Server finished (14):
{ [4 bytes data]
* TLSv1.2 (OUT), TLS handshake, Certificate (11):
} [6616 bytes data]
* TLSv1.2 (OUT), TLS handshake, Client key exchange (16):
} [70 bytes data]
* TLSv1.2 (OUT), TLS handshake, CERT verify (15):
} [264 bytes data]
* TLSv1.2 (OUT), TLS change cipher, Client hello (1):
} [1 bytes data]
* TLSv1.2 (OUT), TLS handshake, Finished (20):
} [16 bytes data]
* TLSv1.2 (IN), TLS change cipher, Client hello (1):
{ [1 bytes data]
* TLSv1.2 (IN), TLS handshake, Finished (20):
{ [16 bytes data]
* SSL connection using TLSv1.2 / ECDHE-RSA-AES128-GCM-SHA256
* ALPN, server accepted to use http/1.1
* Server certificate:
*  subject: DC=ch; DC=cern; OU=computers; CN=cmsweb.cern.ch
*  start date: Feb  2 08:08:53 2021 GMT
*  expire date: Mar  9 08:08:53 2022 GMT
*  subjectAltName: host "cmsweb.cern.ch" matched cert's "cmsweb.cern.ch"
*  issuer: DC=ch; DC=cern; CN=CERN Grid Certification Authority
*  SSL certificate verify ok.
} [5 bytes data]
> GET /crabserver/prod/info?subresource=version HTTP/1.1
> Host: cmsweb.cern.ch:8443
> User-Agent: CRABClient/v3.211130
> Accept: */*
> Content-Length: 19
> Content-Type: application/x-www-form-urlencoded
> 
} [19 bytes data]
* upload completely sent off: 19 out of 19 bytes
{ [5 bytes data]
< HTTP/1.1 200 OK
< Date: Sun, 30 Jan 2022 05:23:34 GMT
< Server: nginx/1.17.10
< Content-Type: application/json
< Content-Length: 73
< Vary: Accept
< Cache-Control: max-age=3600
< X-Rest-Status: 100
< Etag: "3309a93c90cdb00bd297a532c9c67f645a0b4b24"
< X-Rest-Time: 2509.594 us
< CMS-Server-Time: D=11064 t=1643520214099266
< 
{ [5 bytes data]
100    92  100    73  100    19   1871    487 --:--:-- --:--:-- --:--:--  2300
* Connection #0 to host cmsweb.cern.ch left intact
{"result": [
 ["3.3.19", "3.3.20", "v3", "development", "py3.220124"]
]}

 retcode : 0
DEBUG 2022-01-30 05:23:34.114 UTC: 	 CRABClient version: v3.211130
DEBUG 2022-01-30 05:23:34.114 UTC: 	 Instance is prod
DEBUG 2022-01-30 05:23:34.114 UTC: 	 Server base url is cmsweb.cern.ch
DEBUG 2022-01-30 05:23:34.114 UTC: 	 Command api workflow
DEBUG 2022-01-30 05:23:34.114 UTC: 	 Started submission
DEBUG 2022-01-30 05:23:34.114 UTC: 	 Working on /afs/cern.ch/work/y/yian/work/GZ/CMSSW_10_6_29/src/PhysicsTools/NanoAODTools/WWG/2016pre/fakelepton_crab/crab2016pre/crab_WJetsToLNu_TuneCP5_13TeV-amcatnloFXFX-pythia8_2016pre
DEBUG 2022-01-30 05:23:34.115 UTC: 	 Encoded data for curl request: subresource=backendurls
DEBUG 2022-01-30 05:23:34.115 UTC: 	 Executing command :
 curl -v -X GET -H "User-Agent: CRABClient/v3.211130" -H "Accept: */*" --data @/tmp/curlData3bUQ8u --cert "/tmp/x509up_u110046" --key "/tmp/x509up_u110046" --capath "/etc/grid-security/certificates/" "https://cmsweb.cern.ch:8443/crabserver/prod/info?subresource=backendurls" | tee /dev/stderr 
DEBUG 2022-01-30 05:23:34.175 UTC: 	 output : {"result": [
 {"cacheSSL": "https://cmsweb.cern.ch/S3/crabcache_prod", "htcondorSchedds": {"crab3@vocms059.cern.ch": {"proxiedurl": "https://cmsweb.cern.ch:8443/scheddmon/059", "weightfactor": 0}, "crab3@vocms068.cern.ch": {"proxiedurl": "https://cmsweb.cern.ch:8443/scheddmon/068", "weightfactor": 1}, "crab3@vocms069.cern.ch": {"proxiedurl": "https://cmsweb.cern.ch:8443/scheddmon/069", "weightfactor": 1}, "crab3@vocms0106.cern.ch": {"proxiedurl": "https://cmsweb.cern.ch:8443/scheddmon/0106", "weightfactor": 1}, "crab3@vocms0107.cern.ch": {"proxiedurl": "https://cmsweb.cern.ch:8443/scheddmon/0107", "weightfactor": 1}, "crab3@vocms0119.cern.ch": {"proxiedurl": "https://cmsweb.cern.ch:8443/scheddmon/0119", "weightfactor": 1}, "crab3@vocms0120.cern.ch": {"proxiedurl": "https://cmsweb.cern.ch:8443/scheddmon/0120", "weightfactor": 1}, "crab3@vocms0121.cern.ch": {"proxiedurl": "https://cmsweb.cern.ch:8443/scheddmon/0121", "weightfactor": 1}, "crab3@vocms0122.cern.ch": {"proxiedurl": "https://cmsweb.cern.ch:8443/scheddmon/0122", "weightfactor": 1}, "crab3@vocms0137.cern.ch": {"proxiedurl": "https://cmsweb.cern.ch:8443/scheddmon/0137", "weightfactor": 1}, "crab3@vocms0144.cern.ch": {"proxiedurl": "https://cmsweb.cern.ch:8443/scheddmon/0144", "weightfactor": 1}, "crab3@vocms0155.cern.ch": {"proxiedurl": "https://cmsweb.cern.ch:8443/scheddmon/0155", "weightfactor": 1}, "crab3@vocms0194.cern.ch": {"proxiedurl": "https://cmsweb.cern.ch:8443/scheddmon/0194", "weightfactor": 1}, "crab3@vocms0195.cern.ch": {"proxiedurl": "https://cmsweb.cern.ch:8443/scheddmon/0195", "weightfactor": 1}, "crab3@vocms0196.cern.ch": {"proxiedurl": "https://cmsweb.cern.ch:8443/scheddmon/0196", "weightfactor": 1}, "crab3@vocms0197.cern.ch": {"proxiedurl": "https://cmsweb.cern.ch:8443/scheddmon/0197", "weightfactor": 1}, "crab3@vocms0198.cern.ch": {"proxiedurl": "https://cmsweb.cern.ch:8443/scheddmon/0198", "weightfactor": 1}, "crab3@vocms0199.cern.ch": {"proxiedurl": "https://cmsweb.cern.ch:8443/scheddmon/0199", "weightfactor": 1}}, "asoConfig": [{"couchURL": "https://cmsweb.cern.ch/crabserver/prod", "couchDBName": "filetransfers"}], "htcondorPool": "cmsgwms-collector-global.cern.ch:9620,cmsgwms-collector-global.fnal.gov:9620"}
]}

 error:   % Total    % Received % Xferd  Average Speed   Time    Time     Time  Current
                                 Dload  Upload   Total   Spent    Left  Speed
  0     0    0     0    0     0      0      0 --:--:-- --:--:-- --:--:--     0*   Trying 188.184.75.95...
* TCP_NODELAY set
* Connected to cmsweb.cern.ch (188.184.75.95) port 8443 (#0)
* ALPN, offering http/1.1
* Cipher selection: ALL:!EXPORT:!EXPORT40:!EXPORT56:!aNULL:!LOW:!RC4:@STRENGTH
* successfully set certificate verify locations:
  CAfile: /etc/pki/tls/certs/ca-bundle.crt
  CApath: /etc/grid-security/certificates/
* TLSv1.2 (OUT), TLS header, Certificate Status (22):
} [5 bytes data]
* TLSv1.2 (OUT), TLS handshake, Client hello (1):
} [512 bytes data]
* TLSv1.2 (IN), TLS handshake, Server hello (2):
{ [109 bytes data]
* TLSv1.2 (IN), TLS handshake, Certificate (11):
{ [6224 bytes data]
* TLSv1.2 (IN), TLS handshake, Server key exchange (12):
{ [333 bytes data]
* TLSv1.2 (IN), TLS handshake, Request CERT (13):
{ [13495 bytes data]
* TLSv1.2 (IN), TLS handshake, Server finished (14):
{ [4 bytes data]
* TLSv1.2 (OUT), TLS handshake, Certificate (11):
} [6616 bytes data]
* TLSv1.2 (OUT), TLS handshake, Client key exchange (16):
} [70 bytes data]
* TLSv1.2 (OUT), TLS handshake, CERT verify (15):
} [264 bytes data]
* TLSv1.2 (OUT), TLS change cipher, Client hello (1):
} [1 bytes data]
* TLSv1.2 (OUT), TLS handshake, Finished (20):
} [16 bytes data]
* TLSv1.2 (IN), TLS change cipher, Client hello (1):
{ [1 bytes data]
* TLSv1.2 (IN), TLS handshake, Finished (20):
{ [16 bytes data]
* SSL connection using TLSv1.2 / ECDHE-RSA-AES128-GCM-SHA256
* ALPN, server accepted to use http/1.1
* Server certificate:
*  subject: DC=ch; DC=cern; OU=computers; CN=cmsweb.cern.ch
*  start date: Feb  2 08:08:53 2021 GMT
*  expire date: Mar  9 08:08:53 2022 GMT
*  subjectAltName: host "cmsweb.cern.ch" matched cert's "cmsweb.cern.ch"
*  issuer: DC=ch; DC=cern; CN=CERN Grid Certification Authority
*  SSL certificate verify ok.
} [5 bytes data]
> GET /crabserver/prod/info?subresource=backendurls HTTP/1.1
> Host: cmsweb.cern.ch:8443
> User-Agent: CRABClient/v3.211130
> Accept: */*
> Content-Length: 23
> Content-Type: application/x-www-form-urlencoded
> 
} [23 bytes data]
* upload completely sent off: 23 out of 23 bytes
{ [5 bytes data]
< HTTP/1.1 200 OK
< Date: Sun, 30 Jan 2022 05:23:34 GMT
< Server: nginx/1.17.10
< Content-Type: application/json
< Content-Length: 2232
< Vary: Accept-Encoding,Accept
< Cache-Control: max-age=3600
< X-Rest-Status: 100
< Etag: "33581c872b594825cd6b153efac3e8632410185f"
< X-Rest-Time: 2660.990 us
< CMS-Server-Time: D=11124 t=1643520214160413
< 
{ [5 bytes data]
100  2255  100  2232  100    23  57230    589 --:--:-- --:--:-- --:--:-- 57820
* Connection #0 to host cmsweb.cern.ch left intact
{"result": [
 {"cacheSSL": "https://cmsweb.cern.ch/S3/crabcache_prod", "htcondorSchedds": {"crab3@vocms059.cern.ch": {"proxiedurl": "https://cmsweb.cern.ch:8443/scheddmon/059", "weightfactor": 0}, "crab3@vocms068.cern.ch": {"proxiedurl": "https://cmsweb.cern.ch:8443/scheddmon/068", "weightfactor": 1}, "crab3@vocms069.cern.ch": {"proxiedurl": "https://cmsweb.cern.ch:8443/scheddmon/069", "weightfactor": 1}, "crab3@vocms0106.cern.ch": {"proxiedurl": "https://cmsweb.cern.ch:8443/scheddmon/0106", "weightfactor": 1}, "crab3@vocms0107.cern.ch": {"proxiedurl": "https://cmsweb.cern.ch:8443/scheddmon/0107", "weightfactor": 1}, "crab3@vocms0119.cern.ch": {"proxiedurl": "https://cmsweb.cern.ch:8443/scheddmon/0119", "weightfactor": 1}, "crab3@vocms0120.cern.ch": {"proxiedurl": "https://cmsweb.cern.ch:8443/scheddmon/0120", "weightfactor": 1}, "crab3@vocms0121.cern.ch": {"proxiedurl": "https://cmsweb.cern.ch:8443/scheddmon/0121", "weightfactor": 1}, "crab3@vocms0122.cern.ch": {"proxiedurl": "https://cmsweb.cern.ch:8443/scheddmon/0122", "weightfactor": 1}, "crab3@vocms0137.cern.ch": {"proxiedurl": "https://cmsweb.cern.ch:8443/scheddmon/0137", "weightfactor": 1}, "crab3@vocms0144.cern.ch": {"proxiedurl": "https://cmsweb.cern.ch:8443/scheddmon/0144", "weightfactor": 1}, "crab3@vocms0155.cern.ch": {"proxiedurl": "https://cmsweb.cern.ch:8443/scheddmon/0155", "weightfactor": 1}, "crab3@vocms0194.cern.ch": {"proxiedurl": "https://cmsweb.cern.ch:8443/scheddmon/0194", "weightfactor": 1}, "crab3@vocms0195.cern.ch": {"proxiedurl": "https://cmsweb.cern.ch:8443/scheddmon/0195", "weightfactor": 1}, "crab3@vocms0196.cern.ch": {"proxiedurl": "https://cmsweb.cern.ch:8443/scheddmon/0196", "weightfactor": 1}, "crab3@vocms0197.cern.ch": {"proxiedurl": "https://cmsweb.cern.ch:8443/scheddmon/0197", "weightfactor": 1}, "crab3@vocms0198.cern.ch": {"proxiedurl": "https://cmsweb.cern.ch:8443/scheddmon/0198", "weightfactor": 1}, "crab3@vocms0199.cern.ch": {"proxiedurl": "https://cmsweb.cern.ch:8443/scheddmon/0199", "weightfactor": 1}}, "asoConfig": [{"couchURL": "https://cmsweb.cern.ch/crabserver/prod", "couchDBName": "filetransfers"}], "htcondorPool": "cmsgwms-collector-global.cern.ch:9620,cmsgwms-collector-global.fnal.gov:9620"}
]}

 retcode : 0
DEBUG 2022-01-30 05:23:34.211 UTC: 	 Loading required information from the environment
DEBUG 2022-01-30 05:23:34.211 UTC: 	 Found CMSSW_10_6_29 for slc7_amd64_gcc820 with base /afs/cern.ch/work/y/yian/work/GZ/CMSSW_10_6_29
DEBUG 2022-01-30 05:23:34.211 UTC: 	 Loading required information from the environment
DEBUG 2022-01-30 05:23:34.211 UTC: 	 Found CMSSW_10_6_29 for slc7_amd64_gcc820 with base /afs/cern.ch/work/y/yian/work/GZ/CMSSW_10_6_29
DEBUG 2022-01-30 05:23:34.211 UTC: 	 UNIQUE NAME: tarUUID dd3395ec-6c2e-4216-af8e-d37378f3d23c 
DEBUG 2022-01-30 05:23:34.211 UTC: 	 self.config: from WMCore.Configuration import Configuration
config = Configuration()
config.section_('General')
config.General.workArea = 'crab2016pre'
config.General.transferLogs = False
config.General.requestName = 'WJetsToLNu_TuneCP5_13TeV-amcatnloFXFX-pythia8_2016pre'
config.section_('JobType')
config.JobType.scriptArgs = ['isdata=MC', 'year=2016pre', 'era=B']
config.JobType.scriptExe = './WWG_crab_script.sh'
config.JobType.pluginName = 'Analysis'
config.JobType.sendPythonFolder = True
config.JobType.allowUndistributedCMSSW = True
config.JobType.psetName = 'PSet.py'
config.JobType.inputFiles = ['../../../scripts/haddnano.py', '../WWG_fakelepton/WWG_postproc.py', '../WWG_fakelepton/WWGfakelepton_Module.py', '../WWG_fakelepton/WWG_keep_and_drop.txt', '../WWG_fakelepton/WWG_output_branch.txt', '../WWG_fakelepton/DAS_filesearch.py']
config.section_('Data')
config.Data.inputDataset = '/WJetsToLNu_TuneCP5_13TeV-amcatnloFXFX-pythia8/RunIISummer20UL16NanoAODAPVv9-106X_mcRun2_asymptotic_preVFP_v11-v2/NANOAODSIM'
config.Data.allowNonValidInputDataset = True
config.Data.publication = False
config.Data.unitsPerJob = 1
config.Data.ignoreLocality = True
config.Data.inputDBS = 'global'
config.Data.splitting = 'FileBased'
config.Data.outputDatasetTag = 'WJetsToLNu_TuneCP5_13TeV-amcatnloFXFX-pythia8_2016pre'
config.section_('Site')
config.Site.whitelist = ['T2_US_MIT', 'T2_US_Wisconsin', 'T2_US_Purdue', 'T2_US_UCSD', 'T2_US_Caltech', 'T2_US_Nebraska']
config.Site.storageSite = 'T3_CH_CERNBOX'

DEBUG 2022-01-30 05:23:34.211 UTC: 	 self.config.JobType.psetName: PSet.py
INFO 2022-01-30 05:23:34.211 UTC: 	 Importing CMSSW configuration PSet.py
INFO 2022-01-30 05:23:34.425 UTC: 	 Finished importing CMSSW configuration PSet.py
DEBUG 2022-01-30 05:23:34.425 UTC: 	 Writing CMSSW configuration to /afs/cern.ch/work/y/yian/work/GZ/CMSSW_10_6_29/src/PhysicsTools/NanoAODTools/WWG/2016pre/fakelepton_crab/crab2016pre/crab_WJetsToLNu_TuneCP5_13TeV-amcatnloFXFX-pythia8_2016pre/inputs/PSet.py
DEBUG 2022-01-30 05:23:34.432 UTC: 	 The following EDM output files will be collected: ['tree.root']
DEBUG 2022-01-30 05:23:34.432 UTC: 	 The following TFile output files will be collected: []
DEBUG 2022-01-30 05:23:34.432 UTC: 	 The following user output files (not listed as PoolOuputModule or TFileService in the CMSSW PSet) will be collected: 
DEBUG 2022-01-30 05:23:34.432 UTC: 	 Loading required information from the environment
DEBUG 2022-01-30 05:23:34.432 UTC: 	 Found CMSSW_10_6_29 for slc7_amd64_gcc820 with base /afs/cern.ch/work/y/yian/work/GZ/CMSSW_10_6_29
DEBUG 2022-01-30 05:23:34.432 UTC: 	 Making tarball in /afs/cern.ch/work/y/yian/work/GZ/CMSSW_10_6_29/src/PhysicsTools/NanoAODTools/WWG/2016pre/fakelepton_crab/crab2016pre/crab_WJetsToLNu_TuneCP5_13TeV-amcatnloFXFX-pythia8_2016pre/inputs/dd3395ec-6c2e-4216-af8e-d37378f3d23cdefault.tgz
DEBUG 2022-01-30 05:23:34.433 UTC: 	 Checking directory /afs/cern.ch/work/y/yian/work/GZ/CMSSW_10_6_29/lib
DEBUG 2022-01-30 05:23:34.433 UTC: 	 Adding directory /afs/cern.ch/work/y/yian/work/GZ/CMSSW_10_6_29/lib to tarball
DEBUG 2022-01-30 05:23:34.592 UTC: 	 Checking directory /afs/cern.ch/work/y/yian/work/GZ/CMSSW_10_6_29/biglib
DEBUG 2022-01-30 05:23:34.592 UTC: 	 Adding directory /afs/cern.ch/work/y/yian/work/GZ/CMSSW_10_6_29/biglib to tarball
DEBUG 2022-01-30 05:23:34.593 UTC: 	 Checking directory /afs/cern.ch/work/y/yian/work/GZ/CMSSW_10_6_29/module
DEBUG 2022-01-30 05:23:34.593 UTC: 	 Checking directory /afs/cern.ch/work/y/yian/work/GZ/CMSSW_10_6_29/python
DEBUG 2022-01-30 05:23:34.593 UTC: 	 Adding directory /afs/cern.ch/work/y/yian/work/GZ/CMSSW_10_6_29/python to tarball
DEBUG 2022-01-30 05:23:36.781 UTC: 	 Checking directory /afs/cern.ch/work/y/yian/work/GZ/CMSSW_10_6_29/cfipython
DEBUG 2022-01-30 05:23:36.781 UTC: 	 Adding directory /afs/cern.ch/work/y/yian/work/GZ/CMSSW_10_6_29/cfipython to tarball
DEBUG 2022-01-30 05:23:36.797 UTC: 	 Adding data directory /afs/cern.ch/work/y/yian/work/GZ/CMSSW_10_6_29/src/PhysicsTools/NanoAODTools/data to tarball
DEBUG 2022-01-30 05:23:55.409 UTC: 	 Adding data directory /afs/cern.ch/work/y/yian/work/GZ/CMSSW_10_6_29/src/PhysicsTools/NanoAODTools/interface to tarball
DEBUG 2022-01-30 05:23:55.413 UTC: 	 Adding data directory /afs/cern.ch/work/y/yian/work/GZ/CMSSW_10_6_29/src/PhysicsTools/NanoAODTools/python/postprocessing/data to tarball
DEBUG 2022-01-30 05:23:58.378 UTC: 	 Adding file ../../../scripts/haddnano.py to tarball
DEBUG 2022-01-30 05:23:58.379 UTC: 	 Adding file ../WWG_fakelepton/WWG_postproc.py to tarball
DEBUG 2022-01-30 05:23:58.400 UTC: 	 Adding file ../WWG_fakelepton/WWGfakelepton_Module.py to tarball
DEBUG 2022-01-30 05:23:58.429 UTC: 	 Adding file ../WWG_fakelepton/WWG_keep_and_drop.txt to tarball
DEBUG 2022-01-30 05:23:58.449 UTC: 	 Adding file ../WWG_fakelepton/WWG_output_branch.txt to tarball
DEBUG 2022-01-30 05:23:58.468 UTC: 	 Adding file ../WWG_fakelepton/DAS_filesearch.py to tarball
DEBUG 2022-01-30 05:24:03.268 UTC: 	 Uploading archive /afs/cern.ch/work/y/yian/work/GZ/CMSSW_10_6_29/src/PhysicsTools/NanoAODTools/WWG/2016pre/fakelepton_crab/crab2016pre/crab_WJetsToLNu_TuneCP5_13TeV-amcatnloFXFX-pythia8_2016pre/inputs/dd3395ec-6c2e-4216-af8e-d37378f3d23cdefault.tgz (98 MB) to the CRAB cache. Using URI https://cmsweb.cern.ch/S3/crabcache_prod
DEBUG 2022-01-30 05:24:26.141 UTC: 	 Encoded data for curl request: tarballname=a9038de2a1ca42645097d99fdcbdc2e92adf80ecbd992e00d3fffc292d87cf8f.tar.gz&subresource=upload&objecttype=sandbox
DEBUG 2022-01-30 05:24:26.142 UTC: 	 Executing command :
 curl -v -X GET -H "User-Agent: CRABClient/v3.211130" -H "Accept: */*" --data @/tmp/curlDatalgnnWB --cert "/tmp/x509up_u110046" --key "/tmp/x509up_u110046" --capath "/etc/grid-security/certificates/" "https://cmsweb.cern.ch:8443/crabserver/prod/cache?tarballname=a9038de2a1ca42645097d99fdcbdc2e92adf80ecbd992e00d3fffc292d87cf8f.tar.gz&subresource=upload&objecttype=sandbox" | tee /dev/stderr 
DEBUG 2022-01-30 05:24:26.243 UTC: 	 output : {"result": [
 ""
,{}
]}

 error:   % Total    % Received % Xferd  Average Speed   Time    Time     Time  Current
                                 Dload  Upload   Total   Spent    Left  Speed
  0     0    0     0    0     0      0      0 --:--:-- --:--:-- --:--:--     0*   Trying 188.184.75.95...
* TCP_NODELAY set
* Connected to cmsweb.cern.ch (188.184.75.95) port 8443 (#0)
* ALPN, offering http/1.1
* Cipher selection: ALL:!EXPORT:!EXPORT40:!EXPORT56:!aNULL:!LOW:!RC4:@STRENGTH
* successfully set certificate verify locations:
  CAfile: /etc/pki/tls/certs/ca-bundle.crt
  CApath: /etc/grid-security/certificates/
* TLSv1.2 (OUT), TLS header, Certificate Status (22):
} [5 bytes data]
* TLSv1.2 (OUT), TLS handshake, Client hello (1):
} [512 bytes data]
* TLSv1.2 (IN), TLS handshake, Server hello (2):
{ [109 bytes data]
* TLSv1.2 (IN), TLS handshake, Certificate (11):
{ [6224 bytes data]
* TLSv1.2 (IN), TLS handshake, Server key exchange (12):
{ [333 bytes data]
* TLSv1.2 (IN), TLS handshake, Request CERT (13):
{ [13495 bytes data]
* TLSv1.2 (IN), TLS handshake, Server finished (14):
{ [4 bytes data]
* TLSv1.2 (OUT), TLS handshake, Certificate (11):
} [6616 bytes data]
* TLSv1.2 (OUT), TLS handshake, Client key exchange (16):
} [70 bytes data]
* TLSv1.2 (OUT), TLS handshake, CERT verify (15):
} [264 bytes data]
* TLSv1.2 (OUT), TLS change cipher, Client hello (1):
} [1 bytes data]
* TLSv1.2 (OUT), TLS handshake, Finished (20):
} [16 bytes data]
* TLSv1.2 (IN), TLS change cipher, Client hello (1):
{ [1 bytes data]
* TLSv1.2 (IN), TLS handshake, Finished (20):
{ [16 bytes data]
* SSL connection using TLSv1.2 / ECDHE-RSA-AES128-GCM-SHA256
* ALPN, server accepted to use http/1.1
* Server certificate:
*  subject: DC=ch; DC=cern; OU=computers; CN=cmsweb.cern.ch
*  start date: Feb  2 08:08:53 2021 GMT
*  expire date: Mar  9 08:08:53 2022 GMT
*  subjectAltName: host "cmsweb.cern.ch" matched cert's "cmsweb.cern.ch"
*  issuer: DC=ch; DC=cern; CN=CERN Grid Certification Authority
*  SSL certificate verify ok.
} [5 bytes data]
> GET /crabserver/prod/cache?tarballname=a9038de2a1ca42645097d99fdcbdc2e92adf80ecbd992e00d3fffc292d87cf8f.tar.gz&subresource=upload&objecttype=sandbox HTTP/1.1
> Host: cmsweb.cern.ch:8443
> User-Agent: CRABClient/v3.211130
> Accept: */*
> Content-Length: 121
> Content-Type: application/x-www-form-urlencoded
> 
} [121 bytes data]
* upload completely sent off: 121 out of 121 bytes
{ [5 bytes data]
< HTTP/1.1 200 OK
< Date: Sun, 30 Jan 2022 05:24:26 GMT
< Server: nginx/1.17.10
< Content-Type: application/json
< Content-Length: 24
< Vary: Accept
< Cache-Control: max-age=3600
< X-Rest-Status: 100
< Etag: "556ce43763b116622238c65d89d24dd485f20666"
< X-Rest-Time: 26631.355 us
< CMS-Server-Time: D=34949 t=1643520266204210
< 
{ [5 bytes data]
100   145  100    24  100   121    380   1920 --:--:-- --:--:-- --:--:--  2301
* Connection #0 to host cmsweb.cern.ch left intact
{"result": [
 ""
,{}
]}

 retcode : 0
DEBUG 2022-01-30 05:24:26.244 UTC: 	 sandbox a9038de2a1ca42645097d99fdcbdc2e92adf80ecbd992e00d3fffc292d87cf8f.tar.gz is already in the S3 store, will not upload again
DEBUG 2022-01-30 05:24:26.244 UTC: 	 Loading required information from the environment
DEBUG 2022-01-30 05:24:26.244 UTC: 	 Found CMSSW_10_6_29 for slc7_amd64_gcc820 with base /afs/cern.ch/work/y/yian/work/GZ/CMSSW_10_6_29
DEBUG 2022-01-30 05:24:26.244 UTC: 	 Making tarball in /afs/cern.ch/work/y/yian/work/GZ/CMSSW_10_6_29/src/PhysicsTools/NanoAODTools/WWG/2016pre/fakelepton_crab/crab2016pre/crab_WJetsToLNu_TuneCP5_13TeV-amcatnloFXFX-pythia8_2016pre/inputs/debugFiles.tgz
DEBUG 2022-01-30 05:24:26.249 UTC: 	 Uploading archive /afs/cern.ch/work/y/yian/work/GZ/CMSSW_10_6_29/src/PhysicsTools/NanoAODTools/WWG/2016pre/fakelepton_crab/crab2016pre/crab_WJetsToLNu_TuneCP5_13TeV-amcatnloFXFX-pythia8_2016pre/inputs/debugFiles.tgz (1 KB) to the CRAB cache. Using URI https://cmsweb.cern.ch/S3/crabcache_prod
DEBUG 2022-01-30 05:24:26.251 UTC: 	 Encoded data for curl request: tarballname=d37b56b63c021366389898127a9db8387d6de5be3559acc0fd7db2f694ed6a77.tar.gz&subresource=upload&objecttype=sandbox
DEBUG 2022-01-30 05:24:26.252 UTC: 	 Executing command :
 curl -v -X GET -H "User-Agent: CRABClient/v3.211130" -H "Accept: */*" --data @/tmp/curlDataRe__cJ --cert "/tmp/x509up_u110046" --key "/tmp/x509up_u110046" --capath "/etc/grid-security/certificates/" "https://cmsweb.cern.ch:8443/crabserver/prod/cache?tarballname=d37b56b63c021366389898127a9db8387d6de5be3559acc0fd7db2f694ed6a77.tar.gz&subresource=upload&objecttype=sandbox" | tee /dev/stderr 
DEBUG 2022-01-30 05:24:26.324 UTC: 	 output : {"result": [
 "https://s3.cern.ch/crabcache_prod"
,{"key": "yian/sandboxes/d37b56b63c021366389898127a9db8387d6de5be3559acc0fd7db2f694ed6a77.tar.gz", "AWSAccessKeyId": "d542228b5cc74605885bd10e80fe3e8f", "policy": "eyJleHBpcmF0aW9uIjogIjIwMjItMDEtMzBUMDY6MjQ6MjZaIiwgImNvbmRpdGlvbnMiOiBbeyJidWNrZXQiOiAiY3JhYmNhY2hlX3Byb2QifSwgeyJrZXkiOiAieWlhbi9zYW5kYm94ZXMvZDM3YjU2YjYzYzAyMTM2NjM4OTg5ODEyN2E5ZGI4Mzg3ZDZkZTViZTM1NTlhY2MwZmQ3ZGIyZjY5NGVkNmE3Ny50YXIuZ3oifV19", "signature": "GAGIFwamPXc0HDOJwkEI6q6GXb4="}
]}

 error:   % Total    % Received % Xferd  Average Speed   Time    Time     Time  Current
                                 Dload  Upload   Total   Spent    Left  Speed
  0     0    0     0    0     0      0      0 --:--:-- --:--:-- --:--:--     0*   Trying 188.184.75.95...
* TCP_NODELAY set
* Connected to cmsweb.cern.ch (188.184.75.95) port 8443 (#0)
* ALPN, offering http/1.1
* Cipher selection: ALL:!EXPORT:!EXPORT40:!EXPORT56:!aNULL:!LOW:!RC4:@STRENGTH
* successfully set certificate verify locations:
  CAfile: /etc/pki/tls/certs/ca-bundle.crt
  CApath: /etc/grid-security/certificates/
* TLSv1.2 (OUT), TLS header, Certificate Status (22):
} [5 bytes data]
* TLSv1.2 (OUT), TLS handshake, Client hello (1):
} [512 bytes data]
* TLSv1.2 (IN), TLS handshake, Server hello (2):
{ [109 bytes data]
* TLSv1.2 (IN), TLS handshake, Certificate (11):
{ [6224 bytes data]
* TLSv1.2 (IN), TLS handshake, Server key exchange (12):
{ [333 bytes data]
* TLSv1.2 (IN), TLS handshake, Request CERT (13):
{ [13495 bytes data]
* TLSv1.2 (IN), TLS handshake, Server finished (14):
{ [4 bytes data]
* TLSv1.2 (OUT), TLS handshake, Certificate (11):
} [6616 bytes data]
* TLSv1.2 (OUT), TLS handshake, Client key exchange (16):
} [70 bytes data]
* TLSv1.2 (OUT), TLS handshake, CERT verify (15):
} [264 bytes data]
* TLSv1.2 (OUT), TLS change cipher, Client hello (1):
} [1 bytes data]
* TLSv1.2 (OUT), TLS handshake, Finished (20):
} [16 bytes data]
* TLSv1.2 (IN), TLS change cipher, Client hello (1):
{ [1 bytes data]
* TLSv1.2 (IN), TLS handshake, Finished (20):
{ [16 bytes data]
* SSL connection using TLSv1.2 / ECDHE-RSA-AES128-GCM-SHA256
* ALPN, server accepted to use http/1.1
* Server certificate:
*  subject: DC=ch; DC=cern; OU=computers; CN=cmsweb.cern.ch
*  start date: Feb  2 08:08:53 2021 GMT
*  expire date: Mar  9 08:08:53 2022 GMT
*  subjectAltName: host "cmsweb.cern.ch" matched cert's "cmsweb.cern.ch"
*  issuer: DC=ch; DC=cern; CN=CERN Grid Certification Authority
*  SSL certificate verify ok.
} [5 bytes data]
> GET /crabserver/prod/cache?tarballname=d37b56b63c021366389898127a9db8387d6de5be3559acc0fd7db2f694ed6a77.tar.gz&subresource=upload&objecttype=sandbox HTTP/1.1
> Host: cmsweb.cern.ch:8443
> User-Agent: CRABClient/v3.211130
> Accept: */*
> Content-Length: 121
> Content-Type: application/x-www-form-urlencoded
> 
} [121 bytes data]
* upload completely sent off: 121 out of 121 bytes
{ [5 bytes data]
< HTTP/1.1 200 OK
< Date: Sun, 30 Jan 2022 05:24:26 GMT
< Server: nginx/1.17.10
< Content-Type: application/json
< Content-Length: 509
< Vary: Accept-Encoding,Accept
< Cache-Control: max-age=3600
< X-Rest-Status: 100
< Etag: "a8bd3b6d96bb96d3dbdfb82f33ad63deccb5503b"
< X-Rest-Time: 11668.205 us
< CMS-Server-Time: D=21553 t=1643520266298485
< 
{ [5 bytes data]
100   630  100   509  100   121  10387   2469 --:--:-- --:--:-- --:--:-- 12857
* Connection #0 to host cmsweb.cern.ch left intact
{"result": [
 "https://s3.cern.ch/crabcache_prod"
,{"key": "yian/sandboxes/d37b56b63c021366389898127a9db8387d6de5be3559acc0fd7db2f694ed6a77.tar.gz", "AWSAccessKeyId": "d542228b5cc74605885bd10e80fe3e8f", "policy": "eyJleHBpcmF0aW9uIjogIjIwMjItMDEtMzBUMDY6MjQ6MjZaIiwgImNvbmRpdGlvbnMiOiBbeyJidWNrZXQiOiAiY3JhYmNhY2hlX3Byb2QifSwgeyJrZXkiOiAieWlhbi9zYW5kYm94ZXMvZDM3YjU2YjYzYzAyMTM2NjM4OTg5ODEyN2E5ZGI4Mzg3ZDZkZTViZTM1NTlhY2MwZmQ3ZGIyZjY5NGVkNmE3Ny50YXIuZ3oifV19", "signature": "GAGIFwamPXc0HDOJwkEI6q6GXb4="}
]}

 retcode : 0
DEBUG 2022-01-30 05:24:26.324 UTC: 	 Will execute:
curl -f -v -X POST  -H "User-Agent: CRAB" -F "key=yian/sandboxes/d37b56b63c021366389898127a9db8387d6de5be3559acc0fd7db2f694ed6a77.tar.gz" -F "AWSAccessKeyId=d542228b5cc74605885bd10e80fe3e8f" -F "policy=eyJleHBpcmF0aW9uIjogIjIwMjItMDEtMzBUMDY6MjQ6MjZaIiwgImNvbmRpdGlvbnMiOiBbeyJidWNrZXQiOiAiY3JhYmNhY2hlX3Byb2QifSwgeyJrZXkiOiAieWlhbi9zYW5kYm94ZXMvZDM3YjU2YjYzYzAyMTM2NjM4OTg5ODEyN2E5ZGI4Mzg3ZDZkZTViZTM1NTlhY2MwZmQ3ZGIyZjY5NGVkNmE3Ny50YXIuZ3oifV19" -F "signature=GAGIFwamPXc0HDOJwkEI6q6GXb4=" -F "file=@/afs/cern.ch/work/y/yian/work/GZ/CMSSW_10_6_29/src/PhysicsTools/NanoAODTools/WWG/2016pre/fakelepton_crab/crab2016pre/crab_WJetsToLNu_TuneCP5_13TeV-amcatnloFXFX-pythia8_2016pre/inputs/debugFiles.tgz" "https://s3.cern.ch/crabcache_prod"
DEBUG 2022-01-30 05:24:27.372 UTC: 	 exitcode: 0
stdout: 
DEBUG 2022-01-30 05:24:27.373 UTC: 	 sandbox /afs/cern.ch/work/y/yian/work/GZ/CMSSW_10_6_29/src/PhysicsTools/NanoAODTools/WWG/2016pre/fakelepton_crab/crab2016pre/crab_WJetsToLNu_TuneCP5_13TeV-amcatnloFXFX-pythia8_2016pre/inputs/debugFiles.tgz successully uploaded to S3
DEBUG 2022-01-30 05:24:27.373 UTC: 	 Result uploading input files: a9038de2a1ca42645097d99fdcbdc2e92adf80ecbd992e00d3fffc292d87cf8f.tar.gz 
INFO 2022-01-30 05:24:27.373 UTC: 	 Sending the request to the server at cmsweb.cern.ch
DEBUG 2022-01-30 05:24:27.374 UTC: 	 Submitting {'maxjobruntime': 1250, 'extrajdl': [], 'ignorelocality': 1, 'savelogsflag': 0, 'useparent': 0, 'scriptexe': 'WWG_crab_script.sh', 'asyncdest': 'T3_CH_CERNBOX', 'algoargs': 1, 'cachefilename': 'a9038de2a1ca42645097d99fdcbdc2e92adf80ecbd992e00d3fffc292d87cf8f.tar.gz', 'numcores': 1, 'addoutputfiles': [], 'generator': 'pythia', 'maxmemory': 2000, 'publishdbsurl': 'https://cmsweb.cern.ch/dbs/prod/phys03/DBSWriter', 'priority': 10, 'jobsw': 'CMSSW_10_6_29', 'edmoutfiles': ['tree.root'], 'userfiles': [], 'primarydataset': '', 'inputdata': '/WJetsToLNu_TuneCP5_13TeV-amcatnloFXFX-pythia8/RunIISummer20UL16NanoAODAPVv9-106X_mcRun2_asymptotic_preVFP_v11-v2/NANOAODSIM', 'dryrun': 0, 'workflow': 'crab_WJetsToLNu_TuneCP5_13TeV-amcatnloFXFX-pythia8_2016pre', 'scriptargs': ['isdata=MC', 'year=2016pre', 'era=B'], 'sitewhitelist': ['T2_US_MIT', 'T2_US_Wisconsin', 'T2_US_Purdue', 'T2_US_UCSD', 'T2_US_Caltech', 'T2_US_Nebraska'], 'nonprodsw': 1, 'tfileoutfiles': [], 'oneEventMode': 0, 'debugfilename': 'd37b56b63c021366389898127a9db8387d6de5be3559acc0fd7db2f694ed6a77.tar.gz', 'cacheurl': u'https://cmsweb.cern.ch/S3/crabcache_prod', 'saveoutput': 1, 'publication': 0, 'jobarch': 'slc7_amd64_gcc820', 'totalunits': 0, 'splitalgo': 'FileBased', 'ignoreglobalblacklist': 0, 'nonvaliddata': 1, 'dbsurl': 'https://cmsweb.cern.ch/dbs/prod/global/DBSReader', 'publishgroupname': 0, 'jobtype': 'Analysis', 'publishname2': 'WJetsToLNu_TuneCP5_13TeV-amcatnloFXFX-pythia8_2016pre'} 
DEBUG 2022-01-30 05:24:27.374 UTC: 	 Encoded submit request: maxjobruntime=1250&ignorelocality=1&savelogsflag=0&useparent=0&scriptexe=WWG_crab_script.sh&asyncdest=T3_CH_CERNBOX&algoargs=1&cachefilename=a9038de2a1ca42645097d99fdcbdc2e92adf80ecbd992e00d3fffc292d87cf8f.tar.gz&numcores=1&generator=pythia&maxmemory=2000&publishdbsurl=https%3A%2F%2Fcmsweb.cern.ch%2Fdbs%2Fprod%2Fphys03%2FDBSWriter&priority=10&jobsw=CMSSW_10_6_29&primarydataset=&inputdata=%2FWJetsToLNu_TuneCP5_13TeV-amcatnloFXFX-pythia8%2FRunIISummer20UL16NanoAODAPVv9-106X_mcRun2_asymptotic_preVFP_v11-v2%2FNANOAODSIM&dryrun=0&workflow=crab_WJetsToLNu_TuneCP5_13TeV-amcatnloFXFX-pythia8_2016pre&nonprodsw=1&oneEventMode=0&debugfilename=d37b56b63c021366389898127a9db8387d6de5be3559acc0fd7db2f694ed6a77.tar.gz&cacheurl=https%3A%2F%2Fcmsweb.cern.ch%2FS3%2Fcrabcache_prod&saveoutput=1&publication=0&jobarch=slc7_amd64_gcc820&totalunits=0&splitalgo=FileBased&ignoreglobalblacklist=0&nonvaliddata=1&dbsurl=https%3A%2F%2Fcmsweb.cern.ch%2Fdbs%2Fprod%2Fglobal%2FDBSReader&publishgroupname=0&jobtype=Analysis&publishname2=WJetsToLNu_TuneCP5_13TeV-amcatnloFXFX-pythia8_2016pre&sitewhitelist=T2_US_MIT&sitewhitelist=T2_US_Wisconsin&sitewhitelist=T2_US_Purdue&sitewhitelist=T2_US_UCSD&sitewhitelist=T2_US_Caltech&sitewhitelist=T2_US_Nebraska&edmoutfiles=tree.root&scriptargs=isdata%3DMC&scriptargs=year%3D2016pre&scriptargs=era%3DB
DEBUG 2022-01-30 05:24:27.374 UTC: 	 Encoded data for curl request: maxjobruntime=1250&ignorelocality=1&savelogsflag=0&useparent=0&scriptexe=WWG_crab_script.sh&asyncdest=T3_CH_CERNBOX&algoargs=1&cachefilename=a9038de2a1ca42645097d99fdcbdc2e92adf80ecbd992e00d3fffc292d87cf8f.tar.gz&numcores=1&generator=pythia&maxmemory=2000&publishdbsurl=https%3A%2F%2Fcmsweb.cern.ch%2Fdbs%2Fprod%2Fphys03%2FDBSWriter&priority=10&jobsw=CMSSW_10_6_29&primarydataset=&inputdata=%2FWJetsToLNu_TuneCP5_13TeV-amcatnloFXFX-pythia8%2FRunIISummer20UL16NanoAODAPVv9-106X_mcRun2_asymptotic_preVFP_v11-v2%2FNANOAODSIM&dryrun=0&workflow=crab_WJetsToLNu_TuneCP5_13TeV-amcatnloFXFX-pythia8_2016pre&nonprodsw=1&oneEventMode=0&debugfilename=d37b56b63c021366389898127a9db8387d6de5be3559acc0fd7db2f694ed6a77.tar.gz&cacheurl=https%3A%2F%2Fcmsweb.cern.ch%2FS3%2Fcrabcache_prod&saveoutput=1&publication=0&jobarch=slc7_amd64_gcc820&totalunits=0&splitalgo=FileBased&ignoreglobalblacklist=0&nonvaliddata=1&dbsurl=https%3A%2F%2Fcmsweb.cern.ch%2Fdbs%2Fprod%2Fglobal%2FDBSReader&publishgroupname=0&jobtype=Analysis&publishname2=WJetsToLNu_TuneCP5_13TeV-amcatnloFXFX-pythia8_2016pre&sitewhitelist=T2_US_MIT&sitewhitelist=T2_US_Wisconsin&sitewhitelist=T2_US_Purdue&sitewhitelist=T2_US_UCSD&sitewhitelist=T2_US_Caltech&sitewhitelist=T2_US_Nebraska&edmoutfiles=tree.root&scriptargs=isdata%3DMC&scriptargs=year%3D2016pre&scriptargs=era%3DB
DEBUG 2022-01-30 05:24:27.375 UTC: 	 Executing command :
 curl -v -X PUT -H "User-Agent: CRABClient/v3.211130" -H "Accept: */*" --data @/tmp/curlData7V8Ri8 --cert "/tmp/x509up_u110046" --key "/tmp/x509up_u110046" --capath "/etc/grid-security/certificates/" "https://cmsweb.cern.ch:8443/crabserver/prod/workflow" | tee /dev/stderr 
DEBUG 2022-01-30 05:24:27.450 UTC: 	 output : {"result": [
 {"RequestName": "220130_052427:yian_crab_WJetsToLNu_TuneCP5_13TeV-amcatnloFXFX-pythia8_2016pre"}
]}

 error:   % Total    % Received % Xferd  Average Speed   Time    Time     Time  Current
                                 Dload  Upload   Total   Spent    Left  Speed
  0     0    0     0    0     0      0      0 --:--:-- --:--:-- --:--:--     0*   Trying 188.184.75.95...
* TCP_NODELAY set
* Connected to cmsweb.cern.ch (188.184.75.95) port 8443 (#0)
* ALPN, offering http/1.1
* Cipher selection: ALL:!EXPORT:!EXPORT40:!EXPORT56:!aNULL:!LOW:!RC4:@STRENGTH
* successfully set certificate verify locations:
  CAfile: /etc/pki/tls/certs/ca-bundle.crt
  CApath: /etc/grid-security/certificates/
* TLSv1.2 (OUT), TLS header, Certificate Status (22):
} [5 bytes data]
* TLSv1.2 (OUT), TLS handshake, Client hello (1):
} [512 bytes data]
* TLSv1.2 (IN), TLS handshake, Server hello (2):
{ [109 bytes data]
* TLSv1.2 (IN), TLS handshake, Certificate (11):
{ [6224 bytes data]
* TLSv1.2 (IN), TLS handshake, Server key exchange (12):
{ [333 bytes data]
* TLSv1.2 (IN), TLS handshake, Request CERT (13):
{ [13495 bytes data]
* TLSv1.2 (IN), TLS handshake, Server finished (14):
{ [4 bytes data]
* TLSv1.2 (OUT), TLS handshake, Certificate (11):
} [6616 bytes data]
* TLSv1.2 (OUT), TLS handshake, Client key exchange (16):
} [70 bytes data]
* TLSv1.2 (OUT), TLS handshake, CERT verify (15):
} [264 bytes data]
* TLSv1.2 (OUT), TLS change cipher, Client hello (1):
} [1 bytes data]
* TLSv1.2 (OUT), TLS handshake, Finished (20):
} [16 bytes data]
* TLSv1.2 (IN), TLS change cipher, Client hello (1):
{ [1 bytes data]
* TLSv1.2 (IN), TLS handshake, Finished (20):
{ [16 bytes data]
* SSL connection using TLSv1.2 / ECDHE-RSA-AES128-GCM-SHA256
* ALPN, server accepted to use http/1.1
* Server certificate:
*  subject: DC=ch; DC=cern; OU=computers; CN=cmsweb.cern.ch
*  start date: Feb  2 08:08:53 2021 GMT
*  expire date: Mar  9 08:08:53 2022 GMT
*  subjectAltName: host "cmsweb.cern.ch" matched cert's "cmsweb.cern.ch"
*  issuer: DC=ch; DC=cern; CN=CERN Grid Certification Authority
*  SSL certificate verify ok.
} [5 bytes data]
> PUT /crabserver/prod/workflow HTTP/1.1
> Host: cmsweb.cern.ch:8443
> User-Agent: CRABClient/v3.211130
> Accept: */*
> Content-Length: 1322
> Content-Type: application/x-www-form-urlencoded
> Expect: 100-continue
> 
{ [5 bytes data]
< HTTP/1.1 100 Continue
} [5 bytes data]
* We are completely uploaded and fine
{ [5 bytes data]
< HTTP/1.1 200 OK
< Date: Sun, 30 Jan 2022 05:24:27 GMT
< Server: nginx/1.17.10
< Content-Type: application/json
< Content-Length: 114
< Vary: Accept
< X-Rest-Status: 100
< Etag: "ad9c55875b5fb956e30aed0c6e5aa580f4dde1c4"
< X-Rest-Time: 17039.299 us
< CMS-Server-Time: D=26013 t=1643520267420953
< 
{ [5 bytes data]
100  1436  100   114  100  1322   2150  24943 --:--:-- --:--:-- --:--:-- 27094
* Connection #0 to host cmsweb.cern.ch left intact
{"result": [
 {"RequestName": "220130_052427:yian_crab_WJetsToLNu_TuneCP5_13TeV-amcatnloFXFX-pythia8_2016pre"}
]}

 retcode : 0
DEBUG 2022-01-30 05:24:27.451 UTC: 	 Result: {u'result': [{u'RequestName': u'220130_052427:yian_crab_WJetsToLNu_TuneCP5_13TeV-amcatnloFXFX-pythia8_2016pre'}]}
INFO 2022-01-30 05:24:27.455 UTC: 	 Success: Your task has been delivered to the prod CRAB3 server.
INFO 2022-01-30 05:24:27.455 UTC: 	 Task name: 220130_052427:yian_crab_WJetsToLNu_TuneCP5_13TeV-amcatnloFXFX-pythia8_2016pre
INFO 2022-01-30 05:24:27.455 UTC: 	 Project dir: crab2016pre/crab_WJetsToLNu_TuneCP5_13TeV-amcatnloFXFX-pythia8_2016pre
INFO 2022-01-30 05:24:27.455 UTC: 	 Please use ' crab status -d crab2016pre/crab_WJetsToLNu_TuneCP5_13TeV-amcatnloFXFX-pythia8_2016pre ' to check how the submission process proceeds.
DEBUG 2022-01-30 05:24:27.455 UTC: 	 About to return
INFO 2022-01-30 05:24:27.459 UTC: 	 Log file is /afs/cern.ch/work/y/yian/work/GZ/CMSSW_10_6_29/src/PhysicsTools/NanoAODTools/WWG/2016pre/fakelepton_crab/crab2016pre/crab_WJetsToLNu_TuneCP5_13TeV-amcatnloFXFX-pythia8_2016pre/crab.log
