DEBUG 2022-01-30 05:22:54.934 UTC: 	 CRAB Client version: v3.211130
DEBUG 2022-01-30 05:22:54.935 UTC: 	 Running on: Linux lxplus765.cern.ch 3.10.0-1160.49.1.el7.x86_64 #1 SMP Tue Nov 30 15:51:32 UTC 2021 x86_64 x86_64 x86_64 GNU/Linux - CentOS Linux 7 (Core)
DEBUG 2022-01-30 05:22:54.935 UTC: 	 Executing command: 'submit'
DEBUG 2022-01-30 05:22:54.936 UTC: 	 Found CRAB cache file /afs/cern.ch/user/y/yian/.crab3
INFO 2022-01-30 05:22:54.937 UTC: 	 Will use CRAB configuration file crabcode_2016/WJetsToLNu_TuneCP5_13TeV-amcatnloFXFX-pythia8_2016_cfg.py
DEBUG 2022-01-30 05:22:54.937 UTC: 	 Loading CRAB configuration file.
DEBUG 2022-01-30 05:22:54.941 UTC: 	 Will use CRAB Analysis plugin (i.e. will run an analysis job type).
DEBUG 2022-01-30 05:22:54.950 UTC: 	 Checking credentials
DEBUG 2022-01-30 05:22:54.950 UTC: 	 Found proxy file /tmp/x509up_u110046
DEBUG 2022-01-30 05:22:54.950 UTC: 	 Getting proxy life time left
DEBUG 2022-01-30 05:22:54.950 UTC: 	 Executing command :
 voms-proxy-info --actimeleft --timeleft --file /tmp/x509up_u110046
DEBUG 2022-01-30 05:22:55.555 UTC: 	 output : 690408
690408

 error: 
 retcode : 0
DEBUG 2022-01-30 05:22:55.555 UTC: 	 Proxy valid for 191:46:48 hours
DEBUG 2022-01-30 05:22:55.630 UTC: 	 Encoded data for curl request: subresource=delegatedn
DEBUG 2022-01-30 05:22:55.650 UTC: 	 Executing command :
 curl -v -X GET -H "User-Agent: CRABClient/v3.211130" -H "Accept: */*" --data @/tmp/curlDataraL9XO --cert "/tmp/x509up_u110046" --key "/tmp/x509up_u110046" --capath "/etc/grid-security/certificates/" "https://cmsweb.cern.ch:8443/crabserver/prod/info?subresource=delegatedn" | tee /dev/stderr 
DEBUG 2022-01-30 05:22:55.721 UTC: 	 output : {"result": [
 {"services": ["/DC=ch/DC=cern/OU=computers/CN=crab-(preprod|prod|dev)-tw(02|01).cern.ch|/DC=ch/DC=cern/OU=computers/CN=stefanov(m|m2).cern.ch|/DC=ch/DC=cern/OU=computers/CN=dciangot-tw.cern.ch"]}
]}

 error:   % Total    % Received % Xferd  Average Speed   Time    Time     Time  Current
                                 Dload  Upload   Total   Spent    Left  Speed
  0     0    0     0    0     0      0      0 --:--:-- --:--:-- --:--:--     0*   Trying 137.138.120.6...
* TCP_NODELAY set
* Connected to cmsweb.cern.ch (137.138.120.6) port 8443 (#0)
* ALPN, offering http/1.1
* Cipher selection: ALL:!EXPORT:!EXPORT40:!EXPORT56:!aNULL:!LOW:!RC4:@STRENGTH
* successfully set certificate verify locations:
  CAfile: /etc/pki/tls/certs/ca-bundle.crt
  CApath: /etc/grid-security/certificates/
* TLSv1.2 (OUT), TLS header, Certificate Status (22):
} [5 bytes data]
* TLSv1.2 (OUT), TLS handshake, Client hello (1):
} [512 bytes data]
* TLSv1.2 (IN), TLS handshake, Server hello (2):
{ [109 bytes data]
* TLSv1.2 (IN), TLS handshake, Certificate (11):
{ [6224 bytes data]
* TLSv1.2 (IN), TLS handshake, Server key exchange (12):
{ [333 bytes data]
* TLSv1.2 (IN), TLS handshake, Request CERT (13):
{ [13495 bytes data]
* TLSv1.2 (IN), TLS handshake, Server finished (14):
{ [4 bytes data]
* TLSv1.2 (OUT), TLS handshake, Certificate (11):
} [6129 bytes data]
* TLSv1.2 (OUT), TLS handshake, Client key exchange (16):
} [70 bytes data]
* TLSv1.2 (OUT), TLS handshake, CERT verify (15):
} [264 bytes data]
* TLSv1.2 (OUT), TLS change cipher, Client hello (1):
} [1 bytes data]
* TLSv1.2 (OUT), TLS handshake, Finished (20):
} [16 bytes data]
* TLSv1.2 (IN), TLS change cipher, Client hello (1):
{ [1 bytes data]
* TLSv1.2 (IN), TLS handshake, Finished (20):
{ [16 bytes data]
* SSL connection using TLSv1.2 / ECDHE-RSA-AES128-GCM-SHA256
* ALPN, server accepted to use http/1.1
* Server certificate:
*  subject: DC=ch; DC=cern; OU=computers; CN=cmsweb.cern.ch
*  start date: Feb  2 08:08:53 2021 GMT
*  expire date: Mar  9 08:08:53 2022 GMT
*  subjectAltName: host "cmsweb.cern.ch" matched cert's "cmsweb.cern.ch"
*  issuer: DC=ch; DC=cern; CN=CERN Grid Certification Authority
*  SSL certificate verify ok.
} [5 bytes data]
> GET /crabserver/prod/info?subresource=delegatedn HTTP/1.1
> Host: cmsweb.cern.ch:8443
> User-Agent: CRABClient/v3.211130
> Accept: */*
> Content-Length: 22
> Content-Type: application/x-www-form-urlencoded
> 
} [22 bytes data]
* upload completely sent off: 22 out of 22 bytes
{ [5 bytes data]
< HTTP/1.1 200 OK
< Date: Sun, 30 Jan 2022 05:22:55 GMT
< Server: nginx/1.17.10
< Content-Type: application/json
< Content-Length: 213
< Vary: Accept
< Cache-Control: max-age=3600
< X-Rest-Status: 100
< Etag: "de92dcb56f87dabbe30965e60a433c3f1b873eab"
< X-Rest-Time: 2290.487 us
< CMS-Server-Time: D=11044 t=1643520175706412
< 
{ [5 bytes data]
100   235  100   213  100    22   4733    488 --:--:-- --:--:-- --:--:--  5222
* Connection #0 to host cmsweb.cern.ch left intact
{"result": [
 {"services": ["/DC=ch/DC=cern/OU=computers/CN=crab-(preprod|prod|dev)-tw(02|01).cern.ch|/DC=ch/DC=cern/OU=computers/CN=stefanov(m|m2).cern.ch|/DC=ch/DC=cern/OU=computers/CN=dciangot-tw.cern.ch"]}
]}

 retcode : 0
DEBUG 2022-01-30 05:22:55.723 UTC: 	 Registering user credentials on myproxy for /DC=ch/DC=cern/OU=computers/CN=crab-(preprod|prod|dev)-tw(02|01).cern.ch|/DC=ch/DC=cern/OU=computers/CN=stefanov(m|m2).cern.ch|/DC=ch/DC=cern/OU=computers/CN=dciangot-tw.cern.ch
DEBUG 2022-01-30 05:22:55.723 UTC: 	 Executing command :
 voms-proxy-info --identity --file /tmp/x509up_u110046
DEBUG 2022-01-30 05:22:56.301 UTC: 	 output : /DC=ch/DC=cern/OU=Organic Units/OU=Users/CN=yian/CN=826694/CN=Ying An

 error: 
 retcode : 0
DEBUG 2022-01-30 05:22:56.302 UTC: 	 Getting myproxy life time left for b52ac606a6f7097e9b4b8f05a3a67cc69f8f291b
DEBUG 2022-01-30 05:22:56.302 UTC: 	 Executing command :
 myproxy-info -s myproxy.cern.ch -l b52ac606a6f7097e9b4b8f05a3a67cc69f8f291b
DEBUG 2022-01-30 05:22:56.584 UTC: 	 output : username: b52ac606a6f7097e9b4b8f05a3a67cc69f8f291b
owner: /DC=ch/DC=cern/OU=Organic Units/OU=Users/CN=yian/CN=826694/CN=Ying An
  renewal policy: /DC=ch/DC=cern/OU=computers/CN=crab-(preprod|prod|dev)-tw(02|01).cern.ch|/DC=ch/DC=cern/OU=computers/CN=stefanov(m|m2).cern.ch|/DC=ch/DC=cern/OU=computers/CN=dciangot-tw.cern.ch
  trusted retrieval policy: /DC=ch/DC=cern/OU=computers/CN=crab-(preprod|prod|dev)-tw(02|01).cern.ch|/DC=ch/DC=cern/OU=computers/CN=stefanov(m|m2).cern.ch|/DC=ch/DC=cern/OU=computers/CN=dciangot-tw.cern.ch
  timeleft: 461:09:31  (19.2 days)

 error: 
 retcode : 0
DEBUG 2022-01-30 05:22:56.584 UTC: 	 Myproxy is valid: 1660140
DEBUG 2022-01-30 05:22:56.584 UTC: 	 Result of myproxy credential check:
  Credential exists on myproxy: username: b52ac606a6f7097e9b4b8f05a3a67cc69f8f291b  - validity: 19 days, 5:09:00
DEBUG 2022-01-30 05:22:56.585 UTC: 	 Command use: submit
DEBUG 2022-01-30 05:22:56.585 UTC: 	 Options use: ['-c', 'crabcode_2016/WJetsToLNu_TuneCP5_13TeV-amcatnloFXFX-pythia8_2016_cfg.py']
DEBUG 2022-01-30 05:22:56.585 UTC: 	 Encoded data for curl request: subresource=version
DEBUG 2022-01-30 05:22:56.585 UTC: 	 Executing command :
 curl -v -X GET -H "User-Agent: CRABClient/v3.211130" -H "Accept: */*" --data @/tmp/curlDataofhEP1 --cert "/tmp/x509up_u110046" --key "/tmp/x509up_u110046" --capath "/etc/grid-security/certificates/" "https://cmsweb.cern.ch:8443/crabserver/prod/info?subresource=version" | tee /dev/stderr 
DEBUG 2022-01-30 05:22:56.659 UTC: 	 output : {"result": [
 ["3.3.19", "3.3.20", "v3", "development", "py3.220124"]
]}

 error:   % Total    % Received % Xferd  Average Speed   Time    Time     Time  Current
                                 Dload  Upload   Total   Spent    Left  Speed
  0     0    0     0    0     0      0      0 --:--:-- --:--:-- --:--:--     0*   Trying 137.138.120.6...
* TCP_NODELAY set
* Connected to cmsweb.cern.ch (137.138.120.6) port 8443 (#0)
* ALPN, offering http/1.1
* Cipher selection: ALL:!EXPORT:!EXPORT40:!EXPORT56:!aNULL:!LOW:!RC4:@STRENGTH
* successfully set certificate verify locations:
  CAfile: /etc/pki/tls/certs/ca-bundle.crt
  CApath: /etc/grid-security/certificates/
* TLSv1.2 (OUT), TLS header, Certificate Status (22):
} [5 bytes data]
* TLSv1.2 (OUT), TLS handshake, Client hello (1):
} [512 bytes data]
* TLSv1.2 (IN), TLS handshake, Server hello (2):
{ [109 bytes data]
* TLSv1.2 (IN), TLS handshake, Certificate (11):
{ [6224 bytes data]
* TLSv1.2 (IN), TLS handshake, Server key exchange (12):
{ [333 bytes data]
* TLSv1.2 (IN), TLS handshake, Request CERT (13):
{ [13495 bytes data]
* TLSv1.2 (IN), TLS handshake, Server finished (14):
{ [4 bytes data]
* TLSv1.2 (OUT), TLS handshake, Certificate (11):
} [6129 bytes data]
* TLSv1.2 (OUT), TLS handshake, Client key exchange (16):
} [70 bytes data]
* TLSv1.2 (OUT), TLS handshake, CERT verify (15):
} [264 bytes data]
* TLSv1.2 (OUT), TLS change cipher, Client hello (1):
} [1 bytes data]
* TLSv1.2 (OUT), TLS handshake, Finished (20):
} [16 bytes data]
* TLSv1.2 (IN), TLS change cipher, Client hello (1):
{ [1 bytes data]
* TLSv1.2 (IN), TLS handshake, Finished (20):
{ [16 bytes data]
* SSL connection using TLSv1.2 / ECDHE-RSA-AES128-GCM-SHA256
* ALPN, server accepted to use http/1.1
* Server certificate:
*  subject: DC=ch; DC=cern; OU=computers; CN=cmsweb.cern.ch
*  start date: Feb  2 08:08:53 2021 GMT
*  expire date: Mar  9 08:08:53 2022 GMT
*  subjectAltName: host "cmsweb.cern.ch" matched cert's "cmsweb.cern.ch"
*  issuer: DC=ch; DC=cern; CN=CERN Grid Certification Authority
*  SSL certificate verify ok.
} [5 bytes data]
> GET /crabserver/prod/info?subresource=version HTTP/1.1
> Host: cmsweb.cern.ch:8443
> User-Agent: CRABClient/v3.211130
> Accept: */*
> Content-Length: 19
> Content-Type: application/x-www-form-urlencoded
> 
} [19 bytes data]
* upload completely sent off: 19 out of 19 bytes
{ [5 bytes data]
< HTTP/1.1 200 OK
< Date: Sun, 30 Jan 2022 05:22:56 GMT
< Server: nginx/1.17.10
< Content-Type: application/json
< Content-Length: 73
< Vary: Accept
< Cache-Control: max-age=3600
< X-Rest-Status: 100
< Etag: "3309a93c90cdb00bd297a532c9c67f645a0b4b24"
< X-Rest-Time: 2845.526 us
< CMS-Server-Time: D=11775 t=1643520176642252
< 
{ [5 bytes data]
100    92  100    73  100    19   1586    413 --:--:-- --:--:-- --:--:--  2000
* Connection #0 to host cmsweb.cern.ch left intact
{"result": [
 ["3.3.19", "3.3.20", "v3", "development", "py3.220124"]
]}

 retcode : 0
DEBUG 2022-01-30 05:22:56.660 UTC: 	 CRABClient version: v3.211130
DEBUG 2022-01-30 05:22:56.660 UTC: 	 Instance is prod
DEBUG 2022-01-30 05:22:56.660 UTC: 	 Server base url is cmsweb.cern.ch
DEBUG 2022-01-30 05:22:56.660 UTC: 	 Command api workflow
DEBUG 2022-01-30 05:22:56.660 UTC: 	 Started submission
DEBUG 2022-01-30 05:22:56.660 UTC: 	 Working on /afs/cern.ch/work/y/yian/work/GZ/CMSSW_10_6_29/src/PhysicsTools/NanoAODTools/WWG/2016post/fakelepton_crab/crab2016/crab_WJetsToLNu_TuneCP5_13TeV-amcatnloFXFX-pythia8_2016
DEBUG 2022-01-30 05:22:56.660 UTC: 	 Encoded data for curl request: subresource=backendurls
DEBUG 2022-01-30 05:22:56.661 UTC: 	 Executing command :
 curl -v -X GET -H "User-Agent: CRABClient/v3.211130" -H "Accept: */*" --data @/tmp/curlDatamM3aqQ --cert "/tmp/x509up_u110046" --key "/tmp/x509up_u110046" --capath "/etc/grid-security/certificates/" "https://cmsweb.cern.ch:8443/crabserver/prod/info?subresource=backendurls" | tee /dev/stderr 
DEBUG 2022-01-30 05:22:56.735 UTC: 	 output : {"result": [
 {"cacheSSL": "https://cmsweb.cern.ch/S3/crabcache_prod", "htcondorSchedds": {"crab3@vocms059.cern.ch": {"proxiedurl": "https://cmsweb.cern.ch:8443/scheddmon/059", "weightfactor": 0}, "crab3@vocms068.cern.ch": {"proxiedurl": "https://cmsweb.cern.ch:8443/scheddmon/068", "weightfactor": 1}, "crab3@vocms069.cern.ch": {"proxiedurl": "https://cmsweb.cern.ch:8443/scheddmon/069", "weightfactor": 1}, "crab3@vocms0106.cern.ch": {"proxiedurl": "https://cmsweb.cern.ch:8443/scheddmon/0106", "weightfactor": 1}, "crab3@vocms0107.cern.ch": {"proxiedurl": "https://cmsweb.cern.ch:8443/scheddmon/0107", "weightfactor": 1}, "crab3@vocms0119.cern.ch": {"proxiedurl": "https://cmsweb.cern.ch:8443/scheddmon/0119", "weightfactor": 1}, "crab3@vocms0120.cern.ch": {"proxiedurl": "https://cmsweb.cern.ch:8443/scheddmon/0120", "weightfactor": 1}, "crab3@vocms0121.cern.ch": {"proxiedurl": "https://cmsweb.cern.ch:8443/scheddmon/0121", "weightfactor": 1}, "crab3@vocms0122.cern.ch": {"proxiedurl": "https://cmsweb.cern.ch:8443/scheddmon/0122", "weightfactor": 1}, "crab3@vocms0137.cern.ch": {"proxiedurl": "https://cmsweb.cern.ch:8443/scheddmon/0137", "weightfactor": 1}, "crab3@vocms0144.cern.ch": {"proxiedurl": "https://cmsweb.cern.ch:8443/scheddmon/0144", "weightfactor": 1}, "crab3@vocms0155.cern.ch": {"proxiedurl": "https://cmsweb.cern.ch:8443/scheddmon/0155", "weightfactor": 1}, "crab3@vocms0194.cern.ch": {"proxiedurl": "https://cmsweb.cern.ch:8443/scheddmon/0194", "weightfactor": 1}, "crab3@vocms0195.cern.ch": {"proxiedurl": "https://cmsweb.cern.ch:8443/scheddmon/0195", "weightfactor": 1}, "crab3@vocms0196.cern.ch": {"proxiedurl": "https://cmsweb.cern.ch:8443/scheddmon/0196", "weightfactor": 1}, "crab3@vocms0197.cern.ch": {"proxiedurl": "https://cmsweb.cern.ch:8443/scheddmon/0197", "weightfactor": 1}, "crab3@vocms0198.cern.ch": {"proxiedurl": "https://cmsweb.cern.ch:8443/scheddmon/0198", "weightfactor": 1}, "crab3@vocms0199.cern.ch": {"proxiedurl": "https://cmsweb.cern.ch:8443/scheddmon/0199", "weightfactor": 1}}, "asoConfig": [{"couchURL": "https://cmsweb.cern.ch/crabserver/prod", "couchDBName": "filetransfers"}], "htcondorPool": "cmsgwms-collector-global.cern.ch:9620,cmsgwms-collector-global.fnal.gov:9620"}
]}

 error:   % Total    % Received % Xferd  Average Speed   Time    Time     Time  Current
                                 Dload  Upload   Total   Spent    Left  Speed
  0     0    0     0    0     0      0      0 --:--:-- --:--:-- --:--:--     0*   Trying 137.138.120.6...
* TCP_NODELAY set
* Connected to cmsweb.cern.ch (137.138.120.6) port 8443 (#0)
* ALPN, offering http/1.1
* Cipher selection: ALL:!EXPORT:!EXPORT40:!EXPORT56:!aNULL:!LOW:!RC4:@STRENGTH
* successfully set certificate verify locations:
  CAfile: /etc/pki/tls/certs/ca-bundle.crt
  CApath: /etc/grid-security/certificates/
* TLSv1.2 (OUT), TLS header, Certificate Status (22):
} [5 bytes data]
* TLSv1.2 (OUT), TLS handshake, Client hello (1):
} [512 bytes data]
* TLSv1.2 (IN), TLS handshake, Server hello (2):
{ [109 bytes data]
* TLSv1.2 (IN), TLS handshake, Certificate (11):
{ [6224 bytes data]
* TLSv1.2 (IN), TLS handshake, Server key exchange (12):
{ [333 bytes data]
* TLSv1.2 (IN), TLS handshake, Request CERT (13):
{ [13495 bytes data]
* TLSv1.2 (IN), TLS handshake, Server finished (14):
{ [4 bytes data]
* TLSv1.2 (OUT), TLS handshake, Certificate (11):
} [6129 bytes data]
* TLSv1.2 (OUT), TLS handshake, Client key exchange (16):
} [70 bytes data]
* TLSv1.2 (OUT), TLS handshake, CERT verify (15):
} [264 bytes data]
* TLSv1.2 (OUT), TLS change cipher, Client hello (1):
} [1 bytes data]
* TLSv1.2 (OUT), TLS handshake, Finished (20):
} [16 bytes data]
* TLSv1.2 (IN), TLS change cipher, Client hello (1):
{ [1 bytes data]
* TLSv1.2 (IN), TLS handshake, Finished (20):
{ [16 bytes data]
* SSL connection using TLSv1.2 / ECDHE-RSA-AES128-GCM-SHA256
* ALPN, server accepted to use http/1.1
* Server certificate:
*  subject: DC=ch; DC=cern; OU=computers; CN=cmsweb.cern.ch
*  start date: Feb  2 08:08:53 2021 GMT
*  expire date: Mar  9 08:08:53 2022 GMT
*  subjectAltName: host "cmsweb.cern.ch" matched cert's "cmsweb.cern.ch"
*  issuer: DC=ch; DC=cern; CN=CERN Grid Certification Authority
*  SSL certificate verify ok.
} [5 bytes data]
> GET /crabserver/prod/info?subresource=backendurls HTTP/1.1
> Host: cmsweb.cern.ch:8443
> User-Agent: CRABClient/v3.211130
> Accept: */*
> Content-Length: 23
> Content-Type: application/x-www-form-urlencoded
> 
} [23 bytes data]
* upload completely sent off: 23 out of 23 bytes
{ [5 bytes data]
< HTTP/1.1 200 OK
< Date: Sun, 30 Jan 2022 05:22:56 GMT
< Server: nginx/1.17.10
< Content-Type: application/json
< Content-Length: 2232
< Vary: Accept-Encoding,Accept
< Cache-Control: max-age=3600
< X-Rest-Status: 100
< Etag: "33581c872b594825cd6b153efac3e8632410185f"
< X-Rest-Time: 2635.241 us
< CMS-Server-Time: D=12449 t=1643520176716959
< 
{ [5 bytes data]
100  2255  100  2232  100    23  47489    489 --:--:-- --:--:-- --:--:-- 47978
* Connection #0 to host cmsweb.cern.ch left intact
{"result": [
 {"cacheSSL": "https://cmsweb.cern.ch/S3/crabcache_prod", "htcondorSchedds": {"crab3@vocms059.cern.ch": {"proxiedurl": "https://cmsweb.cern.ch:8443/scheddmon/059", "weightfactor": 0}, "crab3@vocms068.cern.ch": {"proxiedurl": "https://cmsweb.cern.ch:8443/scheddmon/068", "weightfactor": 1}, "crab3@vocms069.cern.ch": {"proxiedurl": "https://cmsweb.cern.ch:8443/scheddmon/069", "weightfactor": 1}, "crab3@vocms0106.cern.ch": {"proxiedurl": "https://cmsweb.cern.ch:8443/scheddmon/0106", "weightfactor": 1}, "crab3@vocms0107.cern.ch": {"proxiedurl": "https://cmsweb.cern.ch:8443/scheddmon/0107", "weightfactor": 1}, "crab3@vocms0119.cern.ch": {"proxiedurl": "https://cmsweb.cern.ch:8443/scheddmon/0119", "weightfactor": 1}, "crab3@vocms0120.cern.ch": {"proxiedurl": "https://cmsweb.cern.ch:8443/scheddmon/0120", "weightfactor": 1}, "crab3@vocms0121.cern.ch": {"proxiedurl": "https://cmsweb.cern.ch:8443/scheddmon/0121", "weightfactor": 1}, "crab3@vocms0122.cern.ch": {"proxiedurl": "https://cmsweb.cern.ch:8443/scheddmon/0122", "weightfactor": 1}, "crab3@vocms0137.cern.ch": {"proxiedurl": "https://cmsweb.cern.ch:8443/scheddmon/0137", "weightfactor": 1}, "crab3@vocms0144.cern.ch": {"proxiedurl": "https://cmsweb.cern.ch:8443/scheddmon/0144", "weightfactor": 1}, "crab3@vocms0155.cern.ch": {"proxiedurl": "https://cmsweb.cern.ch:8443/scheddmon/0155", "weightfactor": 1}, "crab3@vocms0194.cern.ch": {"proxiedurl": "https://cmsweb.cern.ch:8443/scheddmon/0194", "weightfactor": 1}, "crab3@vocms0195.cern.ch": {"proxiedurl": "https://cmsweb.cern.ch:8443/scheddmon/0195", "weightfactor": 1}, "crab3@vocms0196.cern.ch": {"proxiedurl": "https://cmsweb.cern.ch:8443/scheddmon/0196", "weightfactor": 1}, "crab3@vocms0197.cern.ch": {"proxiedurl": "https://cmsweb.cern.ch:8443/scheddmon/0197", "weightfactor": 1}, "crab3@vocms0198.cern.ch": {"proxiedurl": "https://cmsweb.cern.ch:8443/scheddmon/0198", "weightfactor": 1}, "crab3@vocms0199.cern.ch": {"proxiedurl": "https://cmsweb.cern.ch:8443/scheddmon/0199", "weightfactor": 1}}, "asoConfig": [{"couchURL": "https://cmsweb.cern.ch/crabserver/prod", "couchDBName": "filetransfers"}], "htcondorPool": "cmsgwms-collector-global.cern.ch:9620,cmsgwms-collector-global.fnal.gov:9620"}
]}

 retcode : 0
DEBUG 2022-01-30 05:22:56.799 UTC: 	 Loading required information from the environment
DEBUG 2022-01-30 05:22:56.799 UTC: 	 Found CMSSW_10_6_29 for slc7_amd64_gcc820 with base /afs/cern.ch/work/y/yian/work/GZ/CMSSW_10_6_29
DEBUG 2022-01-30 05:22:56.799 UTC: 	 Loading required information from the environment
DEBUG 2022-01-30 05:22:56.799 UTC: 	 Found CMSSW_10_6_29 for slc7_amd64_gcc820 with base /afs/cern.ch/work/y/yian/work/GZ/CMSSW_10_6_29
DEBUG 2022-01-30 05:22:56.800 UTC: 	 UNIQUE NAME: tarUUID 0c39865a-e408-401b-8e42-bb42a8394b57 
DEBUG 2022-01-30 05:22:56.800 UTC: 	 self.config: from WMCore.Configuration import Configuration
config = Configuration()
config.section_('General')
config.General.workArea = 'crab2016'
config.General.transferLogs = False
config.General.requestName = 'WJetsToLNu_TuneCP5_13TeV-amcatnloFXFX-pythia8_2016'
config.section_('JobType')
config.JobType.scriptArgs = ['isdata=MC', 'year=2016', 'era=G']
config.JobType.scriptExe = './WWG_crab_script.sh'
config.JobType.pluginName = 'Analysis'
config.JobType.sendPythonFolder = True
config.JobType.allowUndistributedCMSSW = True
config.JobType.psetName = 'PSet.py'
config.JobType.inputFiles = ['../../../scripts/haddnano.py', '../WWG_fakelepton/WWG_postproc.py', '../WWG_fakelepton/WWGfakelepton_Module.py', '../WWG_fakelepton/WWG_keep_and_drop.txt', '../WWG_fakelepton/WWG_output_branch.txt', '../WWG_fakelepton/DAS_filesearch.py']
config.section_('Data')
config.Data.inputDataset = '/WJetsToLNu_TuneCP5_13TeV-amcatnloFXFX-pythia8/RunIISummer20UL16NanoAODAPVv9-106X_mcRun2_asymptotic_preVFP_v11-v2/NANOAODSIM'
config.Data.allowNonValidInputDataset = True
config.Data.publication = False
config.Data.unitsPerJob = 1
config.Data.ignoreLocality = True
config.Data.inputDBS = 'global'
config.Data.splitting = 'FileBased'
config.Data.outputDatasetTag = 'WJetsToLNu_TuneCP5_13TeV-amcatnloFXFX-pythia8_2016'
config.section_('Site')
config.Site.whitelist = ['T2_US_MIT', 'T2_US_Wisconsin', 'T2_US_Purdue', 'T2_US_UCSD', 'T2_US_Caltech', 'T2_US_Nebraska']
config.Site.storageSite = 'T3_CH_CERNBOX'

DEBUG 2022-01-30 05:22:56.800 UTC: 	 self.config.JobType.psetName: PSet.py
INFO 2022-01-30 05:22:56.800 UTC: 	 Importing CMSSW configuration PSet.py
INFO 2022-01-30 05:22:57.269 UTC: 	 Finished importing CMSSW configuration PSet.py
DEBUG 2022-01-30 05:22:57.270 UTC: 	 Writing CMSSW configuration to /afs/cern.ch/work/y/yian/work/GZ/CMSSW_10_6_29/src/PhysicsTools/NanoAODTools/WWG/2016post/fakelepton_crab/crab2016/crab_WJetsToLNu_TuneCP5_13TeV-amcatnloFXFX-pythia8_2016/inputs/PSet.py
DEBUG 2022-01-30 05:22:57.279 UTC: 	 The following EDM output files will be collected: ['tree.root']
DEBUG 2022-01-30 05:22:57.279 UTC: 	 The following TFile output files will be collected: []
DEBUG 2022-01-30 05:22:57.279 UTC: 	 The following user output files (not listed as PoolOuputModule or TFileService in the CMSSW PSet) will be collected: 
DEBUG 2022-01-30 05:22:57.279 UTC: 	 Loading required information from the environment
DEBUG 2022-01-30 05:22:57.279 UTC: 	 Found CMSSW_10_6_29 for slc7_amd64_gcc820 with base /afs/cern.ch/work/y/yian/work/GZ/CMSSW_10_6_29
DEBUG 2022-01-30 05:22:57.279 UTC: 	 Making tarball in /afs/cern.ch/work/y/yian/work/GZ/CMSSW_10_6_29/src/PhysicsTools/NanoAODTools/WWG/2016post/fakelepton_crab/crab2016/crab_WJetsToLNu_TuneCP5_13TeV-amcatnloFXFX-pythia8_2016/inputs/0c39865a-e408-401b-8e42-bb42a8394b57default.tgz
DEBUG 2022-01-30 05:22:57.280 UTC: 	 Checking directory /afs/cern.ch/work/y/yian/work/GZ/CMSSW_10_6_29/lib
DEBUG 2022-01-30 05:22:57.280 UTC: 	 Adding directory /afs/cern.ch/work/y/yian/work/GZ/CMSSW_10_6_29/lib to tarball
DEBUG 2022-01-30 05:22:57.460 UTC: 	 Checking directory /afs/cern.ch/work/y/yian/work/GZ/CMSSW_10_6_29/biglib
DEBUG 2022-01-30 05:22:57.460 UTC: 	 Adding directory /afs/cern.ch/work/y/yian/work/GZ/CMSSW_10_6_29/biglib to tarball
DEBUG 2022-01-30 05:22:57.461 UTC: 	 Checking directory /afs/cern.ch/work/y/yian/work/GZ/CMSSW_10_6_29/module
DEBUG 2022-01-30 05:22:57.461 UTC: 	 Checking directory /afs/cern.ch/work/y/yian/work/GZ/CMSSW_10_6_29/python
DEBUG 2022-01-30 05:22:57.461 UTC: 	 Adding directory /afs/cern.ch/work/y/yian/work/GZ/CMSSW_10_6_29/python to tarball
DEBUG 2022-01-30 05:22:59.787 UTC: 	 Checking directory /afs/cern.ch/work/y/yian/work/GZ/CMSSW_10_6_29/cfipython
DEBUG 2022-01-30 05:22:59.787 UTC: 	 Adding directory /afs/cern.ch/work/y/yian/work/GZ/CMSSW_10_6_29/cfipython to tarball
DEBUG 2022-01-30 05:22:59.790 UTC: 	 Adding data directory /afs/cern.ch/work/y/yian/work/GZ/CMSSW_10_6_29/src/PhysicsTools/NanoAODTools/data to tarball
DEBUG 2022-01-30 05:23:19.882 UTC: 	 Adding data directory /afs/cern.ch/work/y/yian/work/GZ/CMSSW_10_6_29/src/PhysicsTools/NanoAODTools/interface to tarball
DEBUG 2022-01-30 05:23:19.886 UTC: 	 Adding data directory /afs/cern.ch/work/y/yian/work/GZ/CMSSW_10_6_29/src/PhysicsTools/NanoAODTools/python/postprocessing/data to tarball
DEBUG 2022-01-30 05:23:22.449 UTC: 	 Adding file ../../../scripts/haddnano.py to tarball
DEBUG 2022-01-30 05:23:22.450 UTC: 	 Adding file ../WWG_fakelepton/WWG_postproc.py to tarball
DEBUG 2022-01-30 05:23:22.463 UTC: 	 Adding file ../WWG_fakelepton/WWGfakelepton_Module.py to tarball
DEBUG 2022-01-30 05:23:22.503 UTC: 	 Adding file ../WWG_fakelepton/WWG_keep_and_drop.txt to tarball
DEBUG 2022-01-30 05:23:22.506 UTC: 	 Adding file ../WWG_fakelepton/WWG_output_branch.txt to tarball
DEBUG 2022-01-30 05:23:22.508 UTC: 	 Adding file ../WWG_fakelepton/DAS_filesearch.py to tarball
DEBUG 2022-01-30 05:23:27.429 UTC: 	 Uploading archive /afs/cern.ch/work/y/yian/work/GZ/CMSSW_10_6_29/src/PhysicsTools/NanoAODTools/WWG/2016post/fakelepton_crab/crab2016/crab_WJetsToLNu_TuneCP5_13TeV-amcatnloFXFX-pythia8_2016/inputs/0c39865a-e408-401b-8e42-bb42a8394b57default.tgz (98 MB) to the CRAB cache. Using URI https://cmsweb.cern.ch/S3/crabcache_prod
DEBUG 2022-01-30 05:23:51.170 UTC: 	 Encoded data for curl request: tarballname=a9038de2a1ca42645097d99fdcbdc2e92adf80ecbd992e00d3fffc292d87cf8f.tar.gz&subresource=upload&objecttype=sandbox
DEBUG 2022-01-30 05:23:51.170 UTC: 	 Executing command :
 curl -v -X GET -H "User-Agent: CRABClient/v3.211130" -H "Accept: */*" --data @/tmp/curlDataxJz4fa --cert "/tmp/x509up_u110046" --key "/tmp/x509up_u110046" --capath "/etc/grid-security/certificates/" "https://cmsweb.cern.ch:8443/crabserver/prod/cache?tarballname=a9038de2a1ca42645097d99fdcbdc2e92adf80ecbd992e00d3fffc292d87cf8f.tar.gz&subresource=upload&objecttype=sandbox" | tee /dev/stderr 
DEBUG 2022-01-30 05:23:51.294 UTC: 	 output : {"result": [
 ""
,{}
]}

 error:   % Total    % Received % Xferd  Average Speed   Time    Time     Time  Current
                                 Dload  Upload   Total   Spent    Left  Speed
  0     0    0     0    0     0      0      0 --:--:-- --:--:-- --:--:--     0*   Trying 137.138.120.6...
* TCP_NODELAY set
* Connected to cmsweb.cern.ch (137.138.120.6) port 8443 (#0)
* ALPN, offering http/1.1
* Cipher selection: ALL:!EXPORT:!EXPORT40:!EXPORT56:!aNULL:!LOW:!RC4:@STRENGTH
* successfully set certificate verify locations:
  CAfile: /etc/pki/tls/certs/ca-bundle.crt
  CApath: /etc/grid-security/certificates/
* TLSv1.2 (OUT), TLS header, Certificate Status (22):
} [5 bytes data]
* TLSv1.2 (OUT), TLS handshake, Client hello (1):
} [512 bytes data]
* TLSv1.2 (IN), TLS handshake, Server hello (2):
{ [109 bytes data]
* TLSv1.2 (IN), TLS handshake, Certificate (11):
{ [6224 bytes data]
* TLSv1.2 (IN), TLS handshake, Server key exchange (12):
{ [333 bytes data]
* TLSv1.2 (IN), TLS handshake, Request CERT (13):
{ [13495 bytes data]
* TLSv1.2 (IN), TLS handshake, Server finished (14):
{ [4 bytes data]
* TLSv1.2 (OUT), TLS handshake, Certificate (11):
} [6129 bytes data]
* TLSv1.2 (OUT), TLS handshake, Client key exchange (16):
} [70 bytes data]
* TLSv1.2 (OUT), TLS handshake, CERT verify (15):
} [264 bytes data]
* TLSv1.2 (OUT), TLS change cipher, Client hello (1):
} [1 bytes data]
* TLSv1.2 (OUT), TLS handshake, Finished (20):
} [16 bytes data]
* TLSv1.2 (IN), TLS change cipher, Client hello (1):
{ [1 bytes data]
* TLSv1.2 (IN), TLS handshake, Finished (20):
{ [16 bytes data]
* SSL connection using TLSv1.2 / ECDHE-RSA-AES128-GCM-SHA256
* ALPN, server accepted to use http/1.1
* Server certificate:
*  subject: DC=ch; DC=cern; OU=computers; CN=cmsweb.cern.ch
*  start date: Feb  2 08:08:53 2021 GMT
*  expire date: Mar  9 08:08:53 2022 GMT
*  subjectAltName: host "cmsweb.cern.ch" matched cert's "cmsweb.cern.ch"
*  issuer: DC=ch; DC=cern; CN=CERN Grid Certification Authority
*  SSL certificate verify ok.
} [5 bytes data]
> GET /crabserver/prod/cache?tarballname=a9038de2a1ca42645097d99fdcbdc2e92adf80ecbd992e00d3fffc292d87cf8f.tar.gz&subresource=upload&objecttype=sandbox HTTP/1.1
> Host: cmsweb.cern.ch:8443
> User-Agent: CRABClient/v3.211130
> Accept: */*
> Content-Length: 121
> Content-Type: application/x-www-form-urlencoded
> 
} [121 bytes data]
* upload completely sent off: 121 out of 121 bytes
{ [5 bytes data]
< HTTP/1.1 200 OK
< Date: Sun, 30 Jan 2022 05:23:51 GMT
< Server: nginx/1.17.10
< Content-Type: application/json
< Content-Length: 24
< Vary: Accept
< Cache-Control: max-age=3600
< X-Rest-Status: 100
< Etag: "556ce43763b116622238c65d89d24dd485f20666"
< X-Rest-Time: 26849.031 us
< CMS-Server-Time: D=36668 t=1643520231252667
< 
{ [5 bytes data]
100   145  100    24  100   121    324   1635 --:--:-- --:--:-- --:--:--  1959
* Connection #0 to host cmsweb.cern.ch left intact
{"result": [
 ""
,{}
]}

 retcode : 0
DEBUG 2022-01-30 05:23:51.295 UTC: 	 sandbox a9038de2a1ca42645097d99fdcbdc2e92adf80ecbd992e00d3fffc292d87cf8f.tar.gz is already in the S3 store, will not upload again
DEBUG 2022-01-30 05:23:51.295 UTC: 	 Loading required information from the environment
DEBUG 2022-01-30 05:23:51.295 UTC: 	 Found CMSSW_10_6_29 for slc7_amd64_gcc820 with base /afs/cern.ch/work/y/yian/work/GZ/CMSSW_10_6_29
DEBUG 2022-01-30 05:23:51.295 UTC: 	 Making tarball in /afs/cern.ch/work/y/yian/work/GZ/CMSSW_10_6_29/src/PhysicsTools/NanoAODTools/WWG/2016post/fakelepton_crab/crab2016/crab_WJetsToLNu_TuneCP5_13TeV-amcatnloFXFX-pythia8_2016/inputs/debugFiles.tgz
DEBUG 2022-01-30 05:23:51.302 UTC: 	 Uploading archive /afs/cern.ch/work/y/yian/work/GZ/CMSSW_10_6_29/src/PhysicsTools/NanoAODTools/WWG/2016post/fakelepton_crab/crab2016/crab_WJetsToLNu_TuneCP5_13TeV-amcatnloFXFX-pythia8_2016/inputs/debugFiles.tgz (1 KB) to the CRAB cache. Using URI https://cmsweb.cern.ch/S3/crabcache_prod
DEBUG 2022-01-30 05:23:51.304 UTC: 	 Encoded data for curl request: tarballname=298795b56886d7661ecce9abefa9b27c517981d955aef24510b35649fbe85803.tar.gz&subresource=upload&objecttype=sandbox
DEBUG 2022-01-30 05:23:51.305 UTC: 	 Executing command :
 curl -v -X GET -H "User-Agent: CRABClient/v3.211130" -H "Accept: */*" --data @/tmp/curlDataVYXUfk --cert "/tmp/x509up_u110046" --key "/tmp/x509up_u110046" --capath "/etc/grid-security/certificates/" "https://cmsweb.cern.ch:8443/crabserver/prod/cache?tarballname=298795b56886d7661ecce9abefa9b27c517981d955aef24510b35649fbe85803.tar.gz&subresource=upload&objecttype=sandbox" | tee /dev/stderr 
DEBUG 2022-01-30 05:23:51.408 UTC: 	 output : {"result": [
 "https://s3.cern.ch/crabcache_prod"
,{"key": "yian/sandboxes/298795b56886d7661ecce9abefa9b27c517981d955aef24510b35649fbe85803.tar.gz", "AWSAccessKeyId": "d542228b5cc74605885bd10e80fe3e8f", "policy": "eyJleHBpcmF0aW9uIjogIjIwMjItMDEtMzBUMDY6MjM6NTFaIiwgImNvbmRpdGlvbnMiOiBbeyJidWNrZXQiOiAiY3JhYmNhY2hlX3Byb2QifSwgeyJrZXkiOiAieWlhbi9zYW5kYm94ZXMvMjk4Nzk1YjU2ODg2ZDc2NjFlY2NlOWFiZWZhOWIyN2M1MTc5ODFkOTU1YWVmMjQ1MTBiMzU2NDlmYmU4NTgwMy50YXIuZ3oifV19", "signature": "+jUxI5NwIghNCuwyg+NFfxnsVaw="}
]}

 error:   % Total    % Received % Xferd  Average Speed   Time    Time     Time  Current
                                 Dload  Upload   Total   Spent    Left  Speed
  0     0    0     0    0     0      0      0 --:--:-- --:--:-- --:--:--     0*   Trying 137.138.120.6...
* TCP_NODELAY set
* Connected to cmsweb.cern.ch (137.138.120.6) port 8443 (#0)
* ALPN, offering http/1.1
* Cipher selection: ALL:!EXPORT:!EXPORT40:!EXPORT56:!aNULL:!LOW:!RC4:@STRENGTH
* successfully set certificate verify locations:
  CAfile: /etc/pki/tls/certs/ca-bundle.crt
  CApath: /etc/grid-security/certificates/
* TLSv1.2 (OUT), TLS header, Certificate Status (22):
} [5 bytes data]
* TLSv1.2 (OUT), TLS handshake, Client hello (1):
} [512 bytes data]
* TLSv1.2 (IN), TLS handshake, Server hello (2):
{ [109 bytes data]
* TLSv1.2 (IN), TLS handshake, Certificate (11):
{ [6224 bytes data]
* TLSv1.2 (IN), TLS handshake, Server key exchange (12):
{ [333 bytes data]
* TLSv1.2 (IN), TLS handshake, Request CERT (13):
{ [13495 bytes data]
* TLSv1.2 (IN), TLS handshake, Server finished (14):
{ [4 bytes data]
* TLSv1.2 (OUT), TLS handshake, Certificate (11):
} [6129 bytes data]
* TLSv1.2 (OUT), TLS handshake, Client key exchange (16):
} [70 bytes data]
* TLSv1.2 (OUT), TLS handshake, CERT verify (15):
} [264 bytes data]
* TLSv1.2 (OUT), TLS change cipher, Client hello (1):
} [1 bytes data]
* TLSv1.2 (OUT), TLS handshake, Finished (20):
} [16 bytes data]
* TLSv1.2 (IN), TLS change cipher, Client hello (1):
{ [1 bytes data]
* TLSv1.2 (IN), TLS handshake, Finished (20):
{ [16 bytes data]
* SSL connection using TLSv1.2 / ECDHE-RSA-AES128-GCM-SHA256
* ALPN, server accepted to use http/1.1
* Server certificate:
*  subject: DC=ch; DC=cern; OU=computers; CN=cmsweb.cern.ch
*  start date: Feb  2 08:08:53 2021 GMT
*  expire date: Mar  9 08:08:53 2022 GMT
*  subjectAltName: host "cmsweb.cern.ch" matched cert's "cmsweb.cern.ch"
*  issuer: DC=ch; DC=cern; CN=CERN Grid Certification Authority
*  SSL certificate verify ok.
} [5 bytes data]
> GET /crabserver/prod/cache?tarballname=298795b56886d7661ecce9abefa9b27c517981d955aef24510b35649fbe85803.tar.gz&subresource=upload&objecttype=sandbox HTTP/1.1
> Host: cmsweb.cern.ch:8443
> User-Agent: CRABClient/v3.211130
> Accept: */*
> Content-Length: 121
> Content-Type: application/x-www-form-urlencoded
> 
} [121 bytes data]
* upload completely sent off: 121 out of 121 bytes
{ [5 bytes data]
< HTTP/1.1 200 OK
< Date: Sun, 30 Jan 2022 05:23:51 GMT
< Server: nginx/1.17.10
< Content-Type: application/json
< Content-Length: 509
< Vary: Accept-Encoding,Accept
< Cache-Control: max-age=3600
< X-Rest-Status: 100
< Etag: "8a09d109c564334cca9ba3c05756213097a86543"
< X-Rest-Time: 26414.394 us
< CMS-Server-Time: D=35206 t=1643520231367345
< 
{ [5 bytes data]
100   630  100   509  100   121   7069   1680 --:--:-- --:--:-- --:--:--  8750
* Connection #0 to host cmsweb.cern.ch left intact
{"result": [
 "https://s3.cern.ch/crabcache_prod"
,{"key": "yian/sandboxes/298795b56886d7661ecce9abefa9b27c517981d955aef24510b35649fbe85803.tar.gz", "AWSAccessKeyId": "d542228b5cc74605885bd10e80fe3e8f", "policy": "eyJleHBpcmF0aW9uIjogIjIwMjItMDEtMzBUMDY6MjM6NTFaIiwgImNvbmRpdGlvbnMiOiBbeyJidWNrZXQiOiAiY3JhYmNhY2hlX3Byb2QifSwgeyJrZXkiOiAieWlhbi9zYW5kYm94ZXMvMjk4Nzk1YjU2ODg2ZDc2NjFlY2NlOWFiZWZhOWIyN2M1MTc5ODFkOTU1YWVmMjQ1MTBiMzU2NDlmYmU4NTgwMy50YXIuZ3oifV19", "signature": "+jUxI5NwIghNCuwyg+NFfxnsVaw="}
]}

 retcode : 0
DEBUG 2022-01-30 05:23:51.408 UTC: 	 Will execute:
curl -f -v -X POST  -H "User-Agent: CRAB" -F "key=yian/sandboxes/298795b56886d7661ecce9abefa9b27c517981d955aef24510b35649fbe85803.tar.gz" -F "AWSAccessKeyId=d542228b5cc74605885bd10e80fe3e8f" -F "policy=eyJleHBpcmF0aW9uIjogIjIwMjItMDEtMzBUMDY6MjM6NTFaIiwgImNvbmRpdGlvbnMiOiBbeyJidWNrZXQiOiAiY3JhYmNhY2hlX3Byb2QifSwgeyJrZXkiOiAieWlhbi9zYW5kYm94ZXMvMjk4Nzk1YjU2ODg2ZDc2NjFlY2NlOWFiZWZhOWIyN2M1MTc5ODFkOTU1YWVmMjQ1MTBiMzU2NDlmYmU4NTgwMy50YXIuZ3oifV19" -F "signature=+jUxI5NwIghNCuwyg+NFfxnsVaw=" -F "file=@/afs/cern.ch/work/y/yian/work/GZ/CMSSW_10_6_29/src/PhysicsTools/NanoAODTools/WWG/2016post/fakelepton_crab/crab2016/crab_WJetsToLNu_TuneCP5_13TeV-amcatnloFXFX-pythia8_2016/inputs/debugFiles.tgz" "https://s3.cern.ch/crabcache_prod"
DEBUG 2022-01-30 05:23:52.472 UTC: 	 exitcode: 0
stdout: 
DEBUG 2022-01-30 05:23:52.472 UTC: 	 sandbox /afs/cern.ch/work/y/yian/work/GZ/CMSSW_10_6_29/src/PhysicsTools/NanoAODTools/WWG/2016post/fakelepton_crab/crab2016/crab_WJetsToLNu_TuneCP5_13TeV-amcatnloFXFX-pythia8_2016/inputs/debugFiles.tgz successully uploaded to S3
DEBUG 2022-01-30 05:23:52.472 UTC: 	 Result uploading input files: a9038de2a1ca42645097d99fdcbdc2e92adf80ecbd992e00d3fffc292d87cf8f.tar.gz 
INFO 2022-01-30 05:23:52.473 UTC: 	 Sending the request to the server at cmsweb.cern.ch
DEBUG 2022-01-30 05:23:52.473 UTC: 	 Submitting {'maxjobruntime': 1250, 'extrajdl': [], 'ignorelocality': 1, 'savelogsflag': 0, 'useparent': 0, 'scriptexe': 'WWG_crab_script.sh', 'asyncdest': 'T3_CH_CERNBOX', 'algoargs': 1, 'cachefilename': 'a9038de2a1ca42645097d99fdcbdc2e92adf80ecbd992e00d3fffc292d87cf8f.tar.gz', 'numcores': 1, 'addoutputfiles': [], 'generator': 'pythia', 'maxmemory': 2000, 'publishdbsurl': 'https://cmsweb.cern.ch/dbs/prod/phys03/DBSWriter', 'priority': 10, 'jobsw': 'CMSSW_10_6_29', 'edmoutfiles': ['tree.root'], 'userfiles': [], 'primarydataset': '', 'inputdata': '/WJetsToLNu_TuneCP5_13TeV-amcatnloFXFX-pythia8/RunIISummer20UL16NanoAODAPVv9-106X_mcRun2_asymptotic_preVFP_v11-v2/NANOAODSIM', 'dryrun': 0, 'workflow': 'crab_WJetsToLNu_TuneCP5_13TeV-amcatnloFXFX-pythia8_2016', 'scriptargs': ['isdata=MC', 'year=2016', 'era=G'], 'sitewhitelist': ['T2_US_MIT', 'T2_US_Wisconsin', 'T2_US_Purdue', 'T2_US_UCSD', 'T2_US_Caltech', 'T2_US_Nebraska'], 'nonprodsw': 1, 'tfileoutfiles': [], 'oneEventMode': 0, 'debugfilename': '298795b56886d7661ecce9abefa9b27c517981d955aef24510b35649fbe85803.tar.gz', 'cacheurl': u'https://cmsweb.cern.ch/S3/crabcache_prod', 'saveoutput': 1, 'publication': 0, 'jobarch': 'slc7_amd64_gcc820', 'totalunits': 0, 'splitalgo': 'FileBased', 'ignoreglobalblacklist': 0, 'nonvaliddata': 1, 'dbsurl': 'https://cmsweb.cern.ch/dbs/prod/global/DBSReader', 'publishgroupname': 0, 'jobtype': 'Analysis', 'publishname2': 'WJetsToLNu_TuneCP5_13TeV-amcatnloFXFX-pythia8_2016'} 
DEBUG 2022-01-30 05:23:52.474 UTC: 	 Encoded submit request: maxjobruntime=1250&ignorelocality=1&savelogsflag=0&useparent=0&scriptexe=WWG_crab_script.sh&asyncdest=T3_CH_CERNBOX&algoargs=1&cachefilename=a9038de2a1ca42645097d99fdcbdc2e92adf80ecbd992e00d3fffc292d87cf8f.tar.gz&numcores=1&generator=pythia&maxmemory=2000&publishdbsurl=https%3A%2F%2Fcmsweb.cern.ch%2Fdbs%2Fprod%2Fphys03%2FDBSWriter&priority=10&jobsw=CMSSW_10_6_29&primarydataset=&inputdata=%2FWJetsToLNu_TuneCP5_13TeV-amcatnloFXFX-pythia8%2FRunIISummer20UL16NanoAODAPVv9-106X_mcRun2_asymptotic_preVFP_v11-v2%2FNANOAODSIM&dryrun=0&workflow=crab_WJetsToLNu_TuneCP5_13TeV-amcatnloFXFX-pythia8_2016&nonprodsw=1&oneEventMode=0&debugfilename=298795b56886d7661ecce9abefa9b27c517981d955aef24510b35649fbe85803.tar.gz&cacheurl=https%3A%2F%2Fcmsweb.cern.ch%2FS3%2Fcrabcache_prod&saveoutput=1&publication=0&jobarch=slc7_amd64_gcc820&totalunits=0&splitalgo=FileBased&ignoreglobalblacklist=0&nonvaliddata=1&dbsurl=https%3A%2F%2Fcmsweb.cern.ch%2Fdbs%2Fprod%2Fglobal%2FDBSReader&publishgroupname=0&jobtype=Analysis&publishname2=WJetsToLNu_TuneCP5_13TeV-amcatnloFXFX-pythia8_2016&sitewhitelist=T2_US_MIT&sitewhitelist=T2_US_Wisconsin&sitewhitelist=T2_US_Purdue&sitewhitelist=T2_US_UCSD&sitewhitelist=T2_US_Caltech&sitewhitelist=T2_US_Nebraska&edmoutfiles=tree.root&scriptargs=isdata%3DMC&scriptargs=year%3D2016&scriptargs=era%3DG
DEBUG 2022-01-30 05:23:52.474 UTC: 	 Encoded data for curl request: maxjobruntime=1250&ignorelocality=1&savelogsflag=0&useparent=0&scriptexe=WWG_crab_script.sh&asyncdest=T3_CH_CERNBOX&algoargs=1&cachefilename=a9038de2a1ca42645097d99fdcbdc2e92adf80ecbd992e00d3fffc292d87cf8f.tar.gz&numcores=1&generator=pythia&maxmemory=2000&publishdbsurl=https%3A%2F%2Fcmsweb.cern.ch%2Fdbs%2Fprod%2Fphys03%2FDBSWriter&priority=10&jobsw=CMSSW_10_6_29&primarydataset=&inputdata=%2FWJetsToLNu_TuneCP5_13TeV-amcatnloFXFX-pythia8%2FRunIISummer20UL16NanoAODAPVv9-106X_mcRun2_asymptotic_preVFP_v11-v2%2FNANOAODSIM&dryrun=0&workflow=crab_WJetsToLNu_TuneCP5_13TeV-amcatnloFXFX-pythia8_2016&nonprodsw=1&oneEventMode=0&debugfilename=298795b56886d7661ecce9abefa9b27c517981d955aef24510b35649fbe85803.tar.gz&cacheurl=https%3A%2F%2Fcmsweb.cern.ch%2FS3%2Fcrabcache_prod&saveoutput=1&publication=0&jobarch=slc7_amd64_gcc820&totalunits=0&splitalgo=FileBased&ignoreglobalblacklist=0&nonvaliddata=1&dbsurl=https%3A%2F%2Fcmsweb.cern.ch%2Fdbs%2Fprod%2Fglobal%2FDBSReader&publishgroupname=0&jobtype=Analysis&publishname2=WJetsToLNu_TuneCP5_13TeV-amcatnloFXFX-pythia8_2016&sitewhitelist=T2_US_MIT&sitewhitelist=T2_US_Wisconsin&sitewhitelist=T2_US_Purdue&sitewhitelist=T2_US_UCSD&sitewhitelist=T2_US_Caltech&sitewhitelist=T2_US_Nebraska&edmoutfiles=tree.root&scriptargs=isdata%3DMC&scriptargs=year%3D2016&scriptargs=era%3DG
DEBUG 2022-01-30 05:23:52.474 UTC: 	 Executing command :
 curl -v -X PUT -H "User-Agent: CRABClient/v3.211130" -H "Accept: */*" --data @/tmp/curlDataUKnR5v --cert "/tmp/x509up_u110046" --key "/tmp/x509up_u110046" --capath "/etc/grid-security/certificates/" "https://cmsweb.cern.ch:8443/crabserver/prod/workflow" | tee /dev/stderr 
DEBUG 2022-01-30 05:23:52.555 UTC: 	 output : {"result": [
 {"RequestName": "220130_052352:yian_crab_WJetsToLNu_TuneCP5_13TeV-amcatnloFXFX-pythia8_2016"}
]}

 error:   % Total    % Received % Xferd  Average Speed   Time    Time     Time  Current
                                 Dload  Upload   Total   Spent    Left  Speed
  0     0    0     0    0     0      0      0 --:--:-- --:--:-- --:--:--     0*   Trying 137.138.120.6...
* TCP_NODELAY set
* Connected to cmsweb.cern.ch (137.138.120.6) port 8443 (#0)
* ALPN, offering http/1.1
* Cipher selection: ALL:!EXPORT:!EXPORT40:!EXPORT56:!aNULL:!LOW:!RC4:@STRENGTH
* successfully set certificate verify locations:
  CAfile: /etc/pki/tls/certs/ca-bundle.crt
  CApath: /etc/grid-security/certificates/
* TLSv1.2 (OUT), TLS header, Certificate Status (22):
} [5 bytes data]
* TLSv1.2 (OUT), TLS handshake, Client hello (1):
} [512 bytes data]
* TLSv1.2 (IN), TLS handshake, Server hello (2):
{ [109 bytes data]
* TLSv1.2 (IN), TLS handshake, Certificate (11):
{ [6224 bytes data]
* TLSv1.2 (IN), TLS handshake, Server key exchange (12):
{ [333 bytes data]
* TLSv1.2 (IN), TLS handshake, Request CERT (13):
{ [13495 bytes data]
* TLSv1.2 (IN), TLS handshake, Server finished (14):
{ [4 bytes data]
* TLSv1.2 (OUT), TLS handshake, Certificate (11):
} [6129 bytes data]
* TLSv1.2 (OUT), TLS handshake, Client key exchange (16):
} [70 bytes data]
* TLSv1.2 (OUT), TLS handshake, CERT verify (15):
} [264 bytes data]
* TLSv1.2 (OUT), TLS change cipher, Client hello (1):
} [1 bytes data]
* TLSv1.2 (OUT), TLS handshake, Finished (20):
} [16 bytes data]
* TLSv1.2 (IN), TLS change cipher, Client hello (1):
{ [1 bytes data]
* TLSv1.2 (IN), TLS handshake, Finished (20):
{ [16 bytes data]
* SSL connection using TLSv1.2 / ECDHE-RSA-AES128-GCM-SHA256
* ALPN, server accepted to use http/1.1
* Server certificate:
*  subject: DC=ch; DC=cern; OU=computers; CN=cmsweb.cern.ch
*  start date: Feb  2 08:08:53 2021 GMT
*  expire date: Mar  9 08:08:53 2022 GMT
*  subjectAltName: host "cmsweb.cern.ch" matched cert's "cmsweb.cern.ch"
*  issuer: DC=ch; DC=cern; CN=CERN Grid Certification Authority
*  SSL certificate verify ok.
} [5 bytes data]
> PUT /crabserver/prod/workflow HTTP/1.1
> Host: cmsweb.cern.ch:8443
> User-Agent: CRABClient/v3.211130
> Accept: */*
> Content-Length: 1313
> Content-Type: application/x-www-form-urlencoded
> Expect: 100-continue
> 
{ [5 bytes data]
< HTTP/1.1 100 Continue
} [5 bytes data]
* We are completely uploaded and fine
{ [5 bytes data]
< HTTP/1.1 200 OK
< Date: Sun, 30 Jan 2022 05:23:52 GMT
< Server: nginx/1.17.10
< Content-Type: application/json
< Content-Length: 111
< Vary: Accept
< X-Rest-Status: 100
< Etag: "6082c9b102fb01cddd8a1d6f19a8c76cbb205b1c"
< X-Rest-Time: 11621.714 us
< CMS-Server-Time: D=25034 t=1643520232526578
< 
{ [5 bytes data]
100  1424  100   111  100  1313   2018  23872 --:--:-- --:--:-- --:--:-- 25890
* Connection #0 to host cmsweb.cern.ch left intact
{"result": [
 {"RequestName": "220130_052352:yian_crab_WJetsToLNu_TuneCP5_13TeV-amcatnloFXFX-pythia8_2016"}
]}

 retcode : 0
DEBUG 2022-01-30 05:23:52.556 UTC: 	 Result: {u'result': [{u'RequestName': u'220130_052352:yian_crab_WJetsToLNu_TuneCP5_13TeV-amcatnloFXFX-pythia8_2016'}]}
INFO 2022-01-30 05:23:52.560 UTC: 	 Success: Your task has been delivered to the prod CRAB3 server.
INFO 2022-01-30 05:23:52.561 UTC: 	 Task name: 220130_052352:yian_crab_WJetsToLNu_TuneCP5_13TeV-amcatnloFXFX-pythia8_2016
INFO 2022-01-30 05:23:52.561 UTC: 	 Project dir: crab2016/crab_WJetsToLNu_TuneCP5_13TeV-amcatnloFXFX-pythia8_2016
INFO 2022-01-30 05:23:52.561 UTC: 	 Please use ' crab status -d crab2016/crab_WJetsToLNu_TuneCP5_13TeV-amcatnloFXFX-pythia8_2016 ' to check how the submission process proceeds.
DEBUG 2022-01-30 05:23:52.561 UTC: 	 About to return
INFO 2022-01-30 05:23:52.565 UTC: 	 Log file is /afs/cern.ch/work/y/yian/work/GZ/CMSSW_10_6_29/src/PhysicsTools/NanoAODTools/WWG/2016post/fakelepton_crab/crab2016/crab_WJetsToLNu_TuneCP5_13TeV-amcatnloFXFX-pythia8_2016/crab.log
