DEBUG 2022-02-17 14:23:45.492 UTC: 	 CRAB Client version: v3.220210
DEBUG 2022-02-17 14:23:45.492 UTC: 	 Running on: Linux lxplus791.cern.ch 3.10.0-1160.53.1.el7.x86_64 #1 SMP Fri Jan 14 13:59:45 UTC 2022 x86_64 x86_64 x86_64 GNU/Linux - CentOS Linux 7 (Core)
DEBUG 2022-02-17 14:23:45.492 UTC: 	 Executing command: 'submit'
DEBUG 2022-02-17 14:23:45.495 UTC: 	 Found CRAB cache file /afs/cern.ch/user/y/yian/.crab3
INFO 2022-02-17 14:23:45.505 UTC: 	 Will use CRAB configuration file crabcode_2018/DYJetsToLL_M-50_TuneCP5_13TeV-amcatnloFXFX-pythia8_2018_cfg.py
DEBUG 2022-02-17 14:23:45.505 UTC: 	 Loading CRAB configuration file.
DEBUG 2022-02-17 14:23:45.605 UTC: 	 Will use CRAB Analysis plugin (i.e. will run an analysis job type).
DEBUG 2022-02-17 14:23:45.648 UTC: 	 Checking credentials
DEBUG 2022-02-17 14:23:45.648 UTC: 	 Found proxy file /tmp/x509up_u110046
DEBUG 2022-02-17 14:23:45.648 UTC: 	 Making sure it has proper VOMS extension
DEBUG 2022-02-17 14:23:45.648 UTC: 	 Executing command :
 voms-proxy-info --vo --file /tmp/x509up_u110046
DEBUG 2022-02-17 14:23:46.790 UTC: 	 output : cms

 error: 
 retcode : 0
DEBUG 2022-02-17 14:23:46.790 UTC: 	 Getting proxy life time left
DEBUG 2022-02-17 14:23:46.790 UTC: 	 Executing command :
 voms-proxy-info --actimeleft --timeleft --file /tmp/x509up_u110046
DEBUG 2022-02-17 14:23:47.712 UTC: 	 output : 604390
604390

 error: 
 retcode : 0
DEBUG 2022-02-17 14:23:47.712 UTC: 	 Proxy valid for 167:53:10 hours
DEBUG 2022-02-17 14:23:48.065 UTC: 	 Encoded data for curl request: subresource=delegatedn
DEBUG 2022-02-17 14:23:48.067 UTC: 	 Executing command :
 curl -v -X GET -H "User-Agent: CRABClient/v3.220210" -H "Accept: */*" --data @/tmp/crab_curlDatacvyhGW --cert "/tmp/x509up_u110046" --key "/tmp/x509up_u110046" --capath "/etc/grid-security/certificates/" "https://cmsweb.cern.ch:8443/crabserver/prod/info?subresource=delegatedn" | tee /dev/stderr 
DEBUG 2022-02-17 14:23:48.191 UTC: 	 output : {"result": [
 {"services": ["/DC=ch/DC=cern/OU=computers/CN=crab-(preprod|prod|dev)-tw(02|01).cern.ch|/DC=ch/DC=cern/OU=computers/CN=stefanov(m|m2).cern.ch|/DC=ch/DC=cern/OU=computers/CN=dciangot-tw.cern.ch"]}
]}

 error:   % Total    % Received % Xferd  Average Speed   Time    Time     Time  Current
                                 Dload  Upload   Total   Spent    Left  Speed
  0     0    0     0    0     0      0      0 --:--:-- --:--:-- --:--:--     0*   Trying 188.184.97.219...
* TCP_NODELAY set
* Connected to cmsweb.cern.ch (188.184.97.219) port 8443 (#0)
* ALPN, offering http/1.1
* Cipher selection: ALL:!EXPORT:!EXPORT40:!EXPORT56:!aNULL:!LOW:!RC4:@STRENGTH
* successfully set certificate verify locations:
  CAfile: /etc/pki/tls/certs/ca-bundle.crt
  CApath: /etc/grid-security/certificates/
* TLSv1.2 (OUT), TLS header, Certificate Status (22):
} [5 bytes data]
* TLSv1.2 (OUT), TLS handshake, Client hello (1):
} [512 bytes data]
* TLSv1.2 (IN), TLS handshake, Server hello (2):
{ [109 bytes data]
* TLSv1.2 (IN), TLS handshake, Certificate (11):
{ [6199 bytes data]
* TLSv1.2 (IN), TLS handshake, Server key exchange (12):
{ [333 bytes data]
* TLSv1.2 (IN), TLS handshake, Request CERT (13):
{ [13495 bytes data]
* TLSv1.2 (IN), TLS handshake, Server finished (14):
{ [4 bytes data]
* TLSv1.2 (OUT), TLS handshake, Certificate (11):
} [6615 bytes data]
* TLSv1.2 (OUT), TLS handshake, Client key exchange (16):
} [70 bytes data]
* TLSv1.2 (OUT), TLS handshake, CERT verify (15):
} [264 bytes data]
* TLSv1.2 (OUT), TLS change cipher, Client hello (1):
} [1 bytes data]
* TLSv1.2 (OUT), TLS handshake, Finished (20):
} [16 bytes data]
* TLSv1.2 (IN), TLS change cipher, Client hello (1):
{ [1 bytes data]
* TLSv1.2 (IN), TLS handshake, Finished (20):
{ [16 bytes data]
* SSL connection using TLSv1.2 / ECDHE-RSA-AES128-GCM-SHA256
* ALPN, server accepted to use http/1.1
* Server certificate:
*  subject: DC=ch; DC=cern; OU=computers; CN=cmsweb.cern.ch
*  start date: Feb 17 13:05:12 2022 GMT
*  expire date: Mar 24 13:05:12 2023 GMT
*  subjectAltName: host "cmsweb.cern.ch" matched cert's "cmsweb.cern.ch"
*  issuer: DC=ch; DC=cern; CN=CERN Grid Certification Authority
*  SSL certificate verify ok.
} [5 bytes data]
> GET /crabserver/prod/info?subresource=delegatedn HTTP/1.1
> Host: cmsweb.cern.ch:8443
> User-Agent: CRABClient/v3.220210
> Accept: */*
> Content-Length: 22
> Content-Type: application/x-www-form-urlencoded
> 
} [22 bytes data]
* upload completely sent off: 22 out of 22 bytes
{ [5 bytes data]
< HTTP/1.1 200 OK
< Date: Thu, 17 Feb 2022 14:23:48 GMT
< Server: nginx/1.17.10
< Content-Type: application/json
< Content-Length: 213
< Vary: Accept
< Cache-Control: max-age=3600
< X-Rest-Status: 100
< Etag: "de92dcb56f87dabbe30965e60a433c3f1b873eab"
< X-Rest-Time: 2853.155 us
< CMS-Server-Time: D=11879 t=1645107828171633
< 
{ [5 bytes data]
100   235  100   213  100    22   2958    305 --:--:-- --:--:-- --:--:--  3263
* Connection #0 to host cmsweb.cern.ch left intact
{"result": [
 {"services": ["/DC=ch/DC=cern/OU=computers/CN=crab-(preprod|prod|dev)-tw(02|01).cern.ch|/DC=ch/DC=cern/OU=computers/CN=stefanov(m|m2).cern.ch|/DC=ch/DC=cern/OU=computers/CN=dciangot-tw.cern.ch"]}
]}

 retcode : 0
DEBUG 2022-02-17 14:23:48.192 UTC: 	 Registering user credentials on myproxy for /DC=ch/DC=cern/OU=computers/CN=crab-(preprod|prod|dev)-tw(02|01).cern.ch|/DC=ch/DC=cern/OU=computers/CN=stefanov(m|m2).cern.ch|/DC=ch/DC=cern/OU=computers/CN=dciangot-tw.cern.ch
DEBUG 2022-02-17 14:23:48.192 UTC: 	 Executing command :
 voms-proxy-info --identity --file /tmp/x509up_u110046
DEBUG 2022-02-17 14:23:49.512 UTC: 	 output : /DC=ch/DC=cern/OU=Organic Units/OU=Users/CN=yian/CN=826694/CN=Ying An

 error: 
 retcode : 0
DEBUG 2022-02-17 14:23:49.512 UTC: 	 Getting myproxy life time left for b52ac606a6f7097e9b4b8f05a3a67cc69f8f291b
DEBUG 2022-02-17 14:23:49.513 UTC: 	 Executing command :
 myproxy-info -s myproxy.cern.ch -l b52ac606a6f7097e9b4b8f05a3a67cc69f8f291b
DEBUG 2022-02-17 14:23:50.182 UTC: 	 output : username: b52ac606a6f7097e9b4b8f05a3a67cc69f8f291b
owner: /DC=ch/DC=cern/OU=Organic Units/OU=Users/CN=yian/CN=826694/CN=Ying An
  renewal policy: /DC=ch/DC=cern/OU=computers/CN=crab-(preprod|prod|dev)-tw(02|01).cern.ch|/DC=ch/DC=cern/OU=computers/CN=stefanov(m|m2).cern.ch|/DC=ch/DC=cern/OU=computers/CN=dciangot-tw.cern.ch
  trusted retrieval policy: /DC=ch/DC=cern/OU=computers/CN=crab-(preprod|prod|dev)-tw(02|01).cern.ch|/DC=ch/DC=cern/OU=computers/CN=stefanov(m|m2).cern.ch|/DC=ch/DC=cern/OU=computers/CN=dciangot-tw.cern.ch
  timeleft: 380:09:47  (15.8 days)

 error: 
 retcode : 0
DEBUG 2022-02-17 14:23:50.182 UTC: 	 Myproxy is valid: 1368540
DEBUG 2022-02-17 14:23:50.182 UTC: 	 Result of myproxy credential check:
  Credential exists on myproxy: username: b52ac606a6f7097e9b4b8f05a3a67cc69f8f291b  - validity: 15 days, 20:09:00
DEBUG 2022-02-17 14:23:50.182 UTC: 	 Command use: submit
DEBUG 2022-02-17 14:23:50.182 UTC: 	 Options use: ['-c', 'crabcode_2018/DYJetsToLL_M-50_TuneCP5_13TeV-amcatnloFXFX-pythia8_2018_cfg.py']
DEBUG 2022-02-17 14:23:50.182 UTC: 	 Encoded data for curl request: subresource=version
DEBUG 2022-02-17 14:23:50.189 UTC: 	 Executing command :
 curl -v -X GET -H "User-Agent: CRABClient/v3.220210" -H "Accept: */*" --data @/tmp/crab_curlData1fr4KF --cert "/tmp/x509up_u110046" --key "/tmp/x509up_u110046" --capath "/etc/grid-security/certificates/" "https://cmsweb.cern.ch:8443/crabserver/prod/info?subresource=version" | tee /dev/stderr 
DEBUG 2022-02-17 14:23:50.413 UTC: 	 output : {"result": [
 ["3.3.19", "3.3.20", "v3", "development", "py3.220124"]
]}

 error:   % Total    % Received % Xferd  Average Speed   Time    Time     Time  Current
                                 Dload  Upload   Total   Spent    Left  Speed
  0     0    0     0    0     0      0      0 --:--:-- --:--:-- --:--:--     0*   Trying 188.184.97.219...
* TCP_NODELAY set
* Connected to cmsweb.cern.ch (188.184.97.219) port 8443 (#0)
* ALPN, offering http/1.1
* Cipher selection: ALL:!EXPORT:!EXPORT40:!EXPORT56:!aNULL:!LOW:!RC4:@STRENGTH
* successfully set certificate verify locations:
  CAfile: /etc/pki/tls/certs/ca-bundle.crt
  CApath: /etc/grid-security/certificates/
* TLSv1.2 (OUT), TLS header, Certificate Status (22):
} [5 bytes data]
* TLSv1.2 (OUT), TLS handshake, Client hello (1):
} [512 bytes data]
* TLSv1.2 (IN), TLS handshake, Server hello (2):
{ [109 bytes data]
* TLSv1.2 (IN), TLS handshake, Certificate (11):
{ [6199 bytes data]
* TLSv1.2 (IN), TLS handshake, Server key exchange (12):
{ [333 bytes data]
* TLSv1.2 (IN), TLS handshake, Request CERT (13):
{ [13495 bytes data]
* TLSv1.2 (IN), TLS handshake, Server finished (14):
{ [4 bytes data]
* TLSv1.2 (OUT), TLS handshake, Certificate (11):
} [6615 bytes data]
* TLSv1.2 (OUT), TLS handshake, Client key exchange (16):
} [70 bytes data]
* TLSv1.2 (OUT), TLS handshake, CERT verify (15):
} [264 bytes data]
* TLSv1.2 (OUT), TLS change cipher, Client hello (1):
} [1 bytes data]
* TLSv1.2 (OUT), TLS handshake, Finished (20):
} [16 bytes data]
* TLSv1.2 (IN), TLS change cipher, Client hello (1):
{ [1 bytes data]
* TLSv1.2 (IN), TLS handshake, Finished (20):
{ [16 bytes data]
* SSL connection using TLSv1.2 / ECDHE-RSA-AES128-GCM-SHA256
* ALPN, server accepted to use http/1.1
* Server certificate:
*  subject: DC=ch; DC=cern; OU=computers; CN=cmsweb.cern.ch
*  start date: Feb 17 13:05:12 2022 GMT
*  expire date: Mar 24 13:05:12 2023 GMT
*  subjectAltName: host "cmsweb.cern.ch" matched cert's "cmsweb.cern.ch"
*  issuer: DC=ch; DC=cern; CN=CERN Grid Certification Authority
*  SSL certificate verify ok.
} [5 bytes data]
> GET /crabserver/prod/info?subresource=version HTTP/1.1
> Host: cmsweb.cern.ch:8443
> User-Agent: CRABClient/v3.220210
> Accept: */*
> Content-Length: 19
> Content-Type: application/x-www-form-urlencoded
> 
} [19 bytes data]
* upload completely sent off: 19 out of 19 bytes
{ [5 bytes data]
< HTTP/1.1 200 OK
< Date: Thu, 17 Feb 2022 14:23:50 GMT
< Server: nginx/1.17.10
< Content-Type: application/json
< Content-Length: 73
< Vary: Accept
< Cache-Control: max-age=3600
< X-Rest-Status: 100
< Etag: "3309a93c90cdb00bd297a532c9c67f645a0b4b24"
< X-Rest-Time: 2456.188 us
< CMS-Server-Time: D=47519 t=1645107830361158
< 
{ [5 bytes data]
100    92  100    73  100    19    613    159 --:--:-- --:--:-- --:--:--   773
* Connection #0 to host cmsweb.cern.ch left intact
{"result": [
 ["3.3.19", "3.3.20", "v3", "development", "py3.220124"]
]}

 retcode : 0
DEBUG 2022-02-17 14:23:50.414 UTC: 	 CRABClient version: v3.220210
DEBUG 2022-02-17 14:23:50.414 UTC: 	 Instance is prod
DEBUG 2022-02-17 14:23:50.414 UTC: 	 Server base url is cmsweb.cern.ch
DEBUG 2022-02-17 14:23:50.414 UTC: 	 Command api workflow
DEBUG 2022-02-17 14:23:50.414 UTC: 	 Started submission
DEBUG 2022-02-17 14:23:50.414 UTC: 	 Working on /afs/cern.ch/work/y/yian/work/GZ/CMSSW_10_6_29/src/PhysicsTools/NanoAODTools/WWG/2018/fakelepton_crab/crab2018/crab_DYJetsToLL_M-50_TuneCP5_13TeV-amcatnloFXFX-pythia8_2018
DEBUG 2022-02-17 14:23:50.415 UTC: 	 Encoded data for curl request: subresource=backendurls
DEBUG 2022-02-17 14:23:50.416 UTC: 	 Executing command :
 curl -v -X GET -H "User-Agent: CRABClient/v3.220210" -H "Accept: */*" --data @/tmp/crab_curlDataVLF53W --cert "/tmp/x509up_u110046" --key "/tmp/x509up_u110046" --capath "/etc/grid-security/certificates/" "https://cmsweb.cern.ch:8443/crabserver/prod/info?subresource=backendurls" | tee /dev/stderr 
DEBUG 2022-02-17 14:23:50.494 UTC: 	 output : {"result": [
 {"cacheSSL": "https://cmsweb.cern.ch/S3/crabcache_prod", "htcondorSchedds": {"crab3@vocms059.cern.ch": {"proxiedurl": "https://cmsweb.cern.ch:8443/scheddmon/059", "weightfactor": 0}, "crab3@vocms068.cern.ch": {"proxiedurl": "https://cmsweb.cern.ch:8443/scheddmon/068", "weightfactor": 1}, "crab3@vocms069.cern.ch": {"proxiedurl": "https://cmsweb.cern.ch:8443/scheddmon/069", "weightfactor": 1}, "crab3@vocms0106.cern.ch": {"proxiedurl": "https://cmsweb.cern.ch:8443/scheddmon/0106", "weightfactor": 1}, "crab3@vocms0107.cern.ch": {"proxiedurl": "https://cmsweb.cern.ch:8443/scheddmon/0107", "weightfactor": 1}, "crab3@vocms0119.cern.ch": {"proxiedurl": "https://cmsweb.cern.ch:8443/scheddmon/0119", "weightfactor": 1}, "crab3@vocms0120.cern.ch": {"proxiedurl": "https://cmsweb.cern.ch:8443/scheddmon/0120", "weightfactor": 1}, "crab3@vocms0121.cern.ch": {"proxiedurl": "https://cmsweb.cern.ch:8443/scheddmon/0121", "weightfactor": 1}, "crab3@vocms0122.cern.ch": {"proxiedurl": "https://cmsweb.cern.ch:8443/scheddmon/0122", "weightfactor": 1}, "crab3@vocms0137.cern.ch": {"proxiedurl": "https://cmsweb.cern.ch:8443/scheddmon/0137", "weightfactor": 1}, "crab3@vocms0144.cern.ch": {"proxiedurl": "https://cmsweb.cern.ch:8443/scheddmon/0144", "weightfactor": 1}, "crab3@vocms0155.cern.ch": {"proxiedurl": "https://cmsweb.cern.ch:8443/scheddmon/0155", "weightfactor": 1}, "crab3@vocms0194.cern.ch": {"proxiedurl": "https://cmsweb.cern.ch:8443/scheddmon/0194", "weightfactor": 1}, "crab3@vocms0195.cern.ch": {"proxiedurl": "https://cmsweb.cern.ch:8443/scheddmon/0195", "weightfactor": 1}, "crab3@vocms0196.cern.ch": {"proxiedurl": "https://cmsweb.cern.ch:8443/scheddmon/0196", "weightfactor": 1}, "crab3@vocms0197.cern.ch": {"proxiedurl": "https://cmsweb.cern.ch:8443/scheddmon/0197", "weightfactor": 1}, "crab3@vocms0198.cern.ch": {"proxiedurl": "https://cmsweb.cern.ch:8443/scheddmon/0198", "weightfactor": 1}, "crab3@vocms0199.cern.ch": {"proxiedurl": "https://cmsweb.cern.ch:8443/scheddmon/0199", "weightfactor": 1}}, "asoConfig": [{"couchURL": "https://cmsweb.cern.ch/crabserver/prod", "couchDBName": "filetransfers"}], "htcondorPool": "cmsgwms-collector-global.cern.ch:9620,cmsgwms-collector-global.fnal.gov:9620"}
]}

 error:   % Total    % Received % Xferd  Average Speed   Time    Time     Time  Current
                                 Dload  Upload   Total   Spent    Left  Speed
  0     0    0     0    0     0      0      0 --:--:-- --:--:-- --:--:--     0*   Trying 188.184.97.219...
* TCP_NODELAY set
* Connected to cmsweb.cern.ch (188.184.97.219) port 8443 (#0)
* ALPN, offering http/1.1
* Cipher selection: ALL:!EXPORT:!EXPORT40:!EXPORT56:!aNULL:!LOW:!RC4:@STRENGTH
* successfully set certificate verify locations:
  CAfile: /etc/pki/tls/certs/ca-bundle.crt
  CApath: /etc/grid-security/certificates/
* TLSv1.2 (OUT), TLS header, Certificate Status (22):
} [5 bytes data]
* TLSv1.2 (OUT), TLS handshake, Client hello (1):
} [512 bytes data]
* TLSv1.2 (IN), TLS handshake, Server hello (2):
{ [109 bytes data]
* TLSv1.2 (IN), TLS handshake, Certificate (11):
{ [6199 bytes data]
* TLSv1.2 (IN), TLS handshake, Server key exchange (12):
{ [333 bytes data]
* TLSv1.2 (IN), TLS handshake, Request CERT (13):
{ [13495 bytes data]
* TLSv1.2 (IN), TLS handshake, Server finished (14):
{ [4 bytes data]
* TLSv1.2 (OUT), TLS handshake, Certificate (11):
} [6615 bytes data]
* TLSv1.2 (OUT), TLS handshake, Client key exchange (16):
} [70 bytes data]
* TLSv1.2 (OUT), TLS handshake, CERT verify (15):
} [264 bytes data]
* TLSv1.2 (OUT), TLS change cipher, Client hello (1):
} [1 bytes data]
* TLSv1.2 (OUT), TLS handshake, Finished (20):
} [16 bytes data]
* TLSv1.2 (IN), TLS change cipher, Client hello (1):
{ [1 bytes data]
* TLSv1.2 (IN), TLS handshake, Finished (20):
{ [16 bytes data]
* SSL connection using TLSv1.2 / ECDHE-RSA-AES128-GCM-SHA256
* ALPN, server accepted to use http/1.1
* Server certificate:
*  subject: DC=ch; DC=cern; OU=computers; CN=cmsweb.cern.ch
*  start date: Feb 17 13:05:12 2022 GMT
*  expire date: Mar 24 13:05:12 2023 GMT
*  subjectAltName: host "cmsweb.cern.ch" matched cert's "cmsweb.cern.ch"
*  issuer: DC=ch; DC=cern; CN=CERN Grid Certification Authority
*  SSL certificate verify ok.
} [5 bytes data]
> GET /crabserver/prod/info?subresource=backendurls HTTP/1.1
> Host: cmsweb.cern.ch:8443
> User-Agent: CRABClient/v3.220210
> Accept: */*
> Content-Length: 23
> Content-Type: application/x-www-form-urlencoded
> 
} [23 bytes data]
* upload completely sent off: 23 out of 23 bytes
{ [5 bytes data]
< HTTP/1.1 200 OK
< Date: Thu, 17 Feb 2022 14:23:50 GMT
< Server: nginx/1.17.10
< Content-Type: application/json
< Content-Length: 2232
< Vary: Accept-Encoding,Accept
< Cache-Control: max-age=3600
< X-Rest-Status: 100
< Etag: "33581c872b594825cd6b153efac3e8632410185f"
< X-Rest-Time: 3005.981 us
< CMS-Server-Time: D=11812 t=1645107830477696
< 
{ [5 bytes data]
100  2255  100  2232  100    23  51906    534 --:--:-- --:--:-- --:--:-- 52441
* Connection #0 to host cmsweb.cern.ch left intact
{"result": [
 {"cacheSSL": "https://cmsweb.cern.ch/S3/crabcache_prod", "htcondorSchedds": {"crab3@vocms059.cern.ch": {"proxiedurl": "https://cmsweb.cern.ch:8443/scheddmon/059", "weightfactor": 0}, "crab3@vocms068.cern.ch": {"proxiedurl": "https://cmsweb.cern.ch:8443/scheddmon/068", "weightfactor": 1}, "crab3@vocms069.cern.ch": {"proxiedurl": "https://cmsweb.cern.ch:8443/scheddmon/069", "weightfactor": 1}, "crab3@vocms0106.cern.ch": {"proxiedurl": "https://cmsweb.cern.ch:8443/scheddmon/0106", "weightfactor": 1}, "crab3@vocms0107.cern.ch": {"proxiedurl": "https://cmsweb.cern.ch:8443/scheddmon/0107", "weightfactor": 1}, "crab3@vocms0119.cern.ch": {"proxiedurl": "https://cmsweb.cern.ch:8443/scheddmon/0119", "weightfactor": 1}, "crab3@vocms0120.cern.ch": {"proxiedurl": "https://cmsweb.cern.ch:8443/scheddmon/0120", "weightfactor": 1}, "crab3@vocms0121.cern.ch": {"proxiedurl": "https://cmsweb.cern.ch:8443/scheddmon/0121", "weightfactor": 1}, "crab3@vocms0122.cern.ch": {"proxiedurl": "https://cmsweb.cern.ch:8443/scheddmon/0122", "weightfactor": 1}, "crab3@vocms0137.cern.ch": {"proxiedurl": "https://cmsweb.cern.ch:8443/scheddmon/0137", "weightfactor": 1}, "crab3@vocms0144.cern.ch": {"proxiedurl": "https://cmsweb.cern.ch:8443/scheddmon/0144", "weightfactor": 1}, "crab3@vocms0155.cern.ch": {"proxiedurl": "https://cmsweb.cern.ch:8443/scheddmon/0155", "weightfactor": 1}, "crab3@vocms0194.cern.ch": {"proxiedurl": "https://cmsweb.cern.ch:8443/scheddmon/0194", "weightfactor": 1}, "crab3@vocms0195.cern.ch": {"proxiedurl": "https://cmsweb.cern.ch:8443/scheddmon/0195", "weightfactor": 1}, "crab3@vocms0196.cern.ch": {"proxiedurl": "https://cmsweb.cern.ch:8443/scheddmon/0196", "weightfactor": 1}, "crab3@vocms0197.cern.ch": {"proxiedurl": "https://cmsweb.cern.ch:8443/scheddmon/0197", "weightfactor": 1}, "crab3@vocms0198.cern.ch": {"proxiedurl": "https://cmsweb.cern.ch:8443/scheddmon/0198", "weightfactor": 1}, "crab3@vocms0199.cern.ch": {"proxiedurl": "https://cmsweb.cern.ch:8443/scheddmon/0199", "weightfactor": 1}}, "asoConfig": [{"couchURL": "https://cmsweb.cern.ch/crabserver/prod", "couchDBName": "filetransfers"}], "htcondorPool": "cmsgwms-collector-global.cern.ch:9620,cmsgwms-collector-global.fnal.gov:9620"}
]}

 retcode : 0
DEBUG 2022-02-17 14:23:50.670 UTC: 	 Loading required information from the environment
DEBUG 2022-02-17 14:23:50.670 UTC: 	 Found CMSSW_10_6_29 for slc7_amd64_gcc820 with base /afs/cern.ch/work/y/yian/work/GZ/CMSSW_10_6_29
DEBUG 2022-02-17 14:23:50.670 UTC: 	 Loading required information from the environment
DEBUG 2022-02-17 14:23:50.670 UTC: 	 Found CMSSW_10_6_29 for slc7_amd64_gcc820 with base /afs/cern.ch/work/y/yian/work/GZ/CMSSW_10_6_29
DEBUG 2022-02-17 14:23:50.671 UTC: 	 UNIQUE NAME: tarUUID 37151845-fc1c-4436-927e-6249acabf7c8 
DEBUG 2022-02-17 14:23:50.671 UTC: 	 self.config: from WMCore.Configuration import Configuration
config = Configuration()
config.section_('General')
config.General.workArea = 'crab2018'
config.General.transferLogs = False
config.General.requestName = 'DYJetsToLL_M-50_TuneCP5_13TeV-amcatnloFXFX-pythia8_2018'
config.section_('JobType')
config.JobType.scriptArgs = ['isdata=MC', 'year=2018', 'era=A']
config.JobType.scriptExe = './WWG_crab_script.sh'
config.JobType.pluginName = 'Analysis'
config.JobType.sendPythonFolder = True
config.JobType.allowUndistributedCMSSW = True
config.JobType.psetName = 'PSet.py'
config.JobType.inputFiles = ['../../../scripts/haddnano.py', '../WWG_fakelepton/WWG_postproc.py', '../WWG_fakelepton/WWGfakelepton_Module.py', '../WWG_fakelepton/WWG_keep_and_drop.txt', '../WWG_fakelepton/WWG_output_branch.txt', '../WWG_fakelepton/DAS_filesearch.py']
config.section_('Data')
config.Data.inputDataset = '/DYJetsToLL_M-50_TuneCP5_13TeV-amcatnloFXFX-pythia8/RunIISummer20UL18NanoAODv9-106X_upgrade2018_realistic_v16_L1v1-v2/NANOAODSIM'
config.Data.allowNonValidInputDataset = True
config.Data.publication = False
config.Data.unitsPerJob = 1
config.Data.ignoreLocality = True
config.Data.inputDBS = 'global'
config.Data.splitting = 'FileBased'
config.Data.outputDatasetTag = 'DYJetsToLL_M-50_TuneCP5_13TeV-amcatnloFXFX-pythia8_2018'
config.section_('Site')
config.Site.whitelist = ['T2_US_MIT', 'T2_US_Wisconsin', 'T2_US_Purdue', 'T2_US_UCSD', 'T2_US_Caltech', 'T2_US_Nebraska']
config.Site.storageSite = 'T3_CH_CERNBOX'

DEBUG 2022-02-17 14:23:50.671 UTC: 	 self.config.JobType.psetName: PSet.py
INFO 2022-02-17 14:23:50.671 UTC: 	 Importing CMSSW configuration PSet.py
INFO 2022-02-17 14:23:51.874 UTC: 	 Finished importing CMSSW configuration PSet.py
DEBUG 2022-02-17 14:23:51.874 UTC: 	 Writing CMSSW configuration to /afs/cern.ch/work/y/yian/work/GZ/CMSSW_10_6_29/src/PhysicsTools/NanoAODTools/WWG/2018/fakelepton_crab/crab2018/crab_DYJetsToLL_M-50_TuneCP5_13TeV-amcatnloFXFX-pythia8_2018/inputs/PSet.py
DEBUG 2022-02-17 14:23:51.888 UTC: 	 The following EDM output files will be collected: ['tree.root']
DEBUG 2022-02-17 14:23:51.888 UTC: 	 The following TFile output files will be collected: []
DEBUG 2022-02-17 14:23:51.888 UTC: 	 The following user output files (not listed as PoolOuputModule or TFileService in the CMSSW PSet) will be collected: 
DEBUG 2022-02-17 14:23:51.889 UTC: 	 Loading required information from the environment
DEBUG 2022-02-17 14:23:51.889 UTC: 	 Found CMSSW_10_6_29 for slc7_amd64_gcc820 with base /afs/cern.ch/work/y/yian/work/GZ/CMSSW_10_6_29
DEBUG 2022-02-17 14:23:51.889 UTC: 	 Making tarball in /afs/cern.ch/work/y/yian/work/GZ/CMSSW_10_6_29/src/PhysicsTools/NanoAODTools/WWG/2018/fakelepton_crab/crab2018/crab_DYJetsToLL_M-50_TuneCP5_13TeV-amcatnloFXFX-pythia8_2018/inputs/37151845-fc1c-4436-927e-6249acabf7c8default.tgz
DEBUG 2022-02-17 14:23:51.893 UTC: 	 Checking directory /afs/cern.ch/work/y/yian/work/GZ/CMSSW_10_6_29/lib
DEBUG 2022-02-17 14:23:51.893 UTC: 	 Adding directory /afs/cern.ch/work/y/yian/work/GZ/CMSSW_10_6_29/lib to tarball
DEBUG 2022-02-17 14:23:52.340 UTC: 	 Checking directory /afs/cern.ch/work/y/yian/work/GZ/CMSSW_10_6_29/biglib
DEBUG 2022-02-17 14:23:52.341 UTC: 	 Adding directory /afs/cern.ch/work/y/yian/work/GZ/CMSSW_10_6_29/biglib to tarball
DEBUG 2022-02-17 14:23:52.344 UTC: 	 Checking directory /afs/cern.ch/work/y/yian/work/GZ/CMSSW_10_6_29/module
DEBUG 2022-02-17 14:23:52.345 UTC: 	 Checking directory /afs/cern.ch/work/y/yian/work/GZ/CMSSW_10_6_29/python
DEBUG 2022-02-17 14:23:52.345 UTC: 	 Adding directory /afs/cern.ch/work/y/yian/work/GZ/CMSSW_10_6_29/python to tarball
DEBUG 2022-02-17 14:24:01.019 UTC: 	 Checking directory /afs/cern.ch/work/y/yian/work/GZ/CMSSW_10_6_29/cfipython
DEBUG 2022-02-17 14:24:01.019 UTC: 	 Adding directory /afs/cern.ch/work/y/yian/work/GZ/CMSSW_10_6_29/cfipython to tarball
DEBUG 2022-02-17 14:24:01.211 UTC: 	 Adding data directory /afs/cern.ch/work/y/yian/work/GZ/CMSSW_10_6_29/src/PhysicsTools/NanoAODTools/data to tarball
DEBUG 2022-02-17 14:24:58.516 UTC: 	 Adding data directory /afs/cern.ch/work/y/yian/work/GZ/CMSSW_10_6_29/src/PhysicsTools/NanoAODTools/interface to tarball
DEBUG 2022-02-17 14:24:58.566 UTC: 	 Adding data directory /afs/cern.ch/work/y/yian/work/GZ/CMSSW_10_6_29/src/PhysicsTools/NanoAODTools/python/postprocessing/data to tarball
DEBUG 2022-02-17 14:25:24.365 UTC: 	 Adding file ../../../scripts/haddnano.py to tarball
DEBUG 2022-02-17 14:25:24.371 UTC: 	 Adding file ../WWG_fakelepton/WWG_postproc.py to tarball
DEBUG 2022-02-17 14:25:24.432 UTC: 	 Adding file ../WWG_fakelepton/WWGfakelepton_Module.py to tarball
DEBUG 2022-02-17 14:25:24.433 UTC: 	 Adding file ../WWG_fakelepton/WWG_keep_and_drop.txt to tarball
DEBUG 2022-02-17 14:25:24.460 UTC: 	 Adding file ../WWG_fakelepton/WWG_output_branch.txt to tarball
DEBUG 2022-02-17 14:25:24.465 UTC: 	 Adding file ../WWG_fakelepton/DAS_filesearch.py to tarball
DEBUG 2022-02-17 14:25:26.808 UTC: 	 Uploading archive /afs/cern.ch/work/y/yian/work/GZ/CMSSW_10_6_29/src/PhysicsTools/NanoAODTools/WWG/2018/fakelepton_crab/crab2018/crab_DYJetsToLL_M-50_TuneCP5_13TeV-amcatnloFXFX-pythia8_2018/inputs/37151845-fc1c-4436-927e-6249acabf7c8default.tgz (98 MB) to the CRAB cache. Using URI https://cmsweb.cern.ch/S3/crabcache_prod
DEBUG 2022-02-17 14:25:55.110 UTC: 	 Encoded data for curl request: tarballname=2f5137156c84b2ce676004d179169278b8fe00aa87f080af742ac1bedcbe6409.tar.gz&subresource=upload&objecttype=sandbox
DEBUG 2022-02-17 14:25:55.111 UTC: 	 Executing command :
 curl -v -X GET -H "User-Agent: CRABClient/v3.220210" -H "Accept: */*" --data @/tmp/crab_curlDatal2vzDN --cert "/tmp/x509up_u110046" --key "/tmp/x509up_u110046" --capath "/etc/grid-security/certificates/" "https://cmsweb.cern.ch:8443/crabserver/prod/cache?tarballname=2f5137156c84b2ce676004d179169278b8fe00aa87f080af742ac1bedcbe6409.tar.gz&subresource=upload&objecttype=sandbox" | tee /dev/stderr 
DEBUG 2022-02-17 14:25:55.993 UTC: 	 output : {"result": [
 "https://s3.cern.ch/crabcache_prod"
,{"key": "yian/sandboxes/2f5137156c84b2ce676004d179169278b8fe00aa87f080af742ac1bedcbe6409.tar.gz", "AWSAccessKeyId": "d542228b5cc74605885bd10e80fe3e8f", "policy": "eyJleHBpcmF0aW9uIjogIjIwMjItMDItMTdUMTU6MjU6NTVaIiwgImNvbmRpdGlvbnMiOiBbeyJidWNrZXQiOiAiY3JhYmNhY2hlX3Byb2QifSwgeyJrZXkiOiAieWlhbi9zYW5kYm94ZXMvMmY1MTM3MTU2Yzg0YjJjZTY3NjAwNGQxNzkxNjkyNzhiOGZlMDBhYTg3ZjA4MGFmNzQyYWMxYmVkY2JlNjQwOS50YXIuZ3oifV19", "signature": "arkP2Bw18mA5aS8JvJ6l6JK+LIE="}
]}

 error:   % Total    % Received % Xferd  Average Speed   Time    Time     Time  Current
                                 Dload  Upload   Total   Spent    Left  Speed
  0     0    0     0    0     0      0      0 --:--:-- --:--:-- --:--:--     0*   Trying 188.184.97.219...
* TCP_NODELAY set
* Connected to cmsweb.cern.ch (188.184.97.219) port 8443 (#0)
* ALPN, offering http/1.1
* Cipher selection: ALL:!EXPORT:!EXPORT40:!EXPORT56:!aNULL:!LOW:!RC4:@STRENGTH
* successfully set certificate verify locations:
  CAfile: /etc/pki/tls/certs/ca-bundle.crt
  CApath: /etc/grid-security/certificates/
* TLSv1.2 (OUT), TLS header, Certificate Status (22):
} [5 bytes data]
* TLSv1.2 (OUT), TLS handshake, Client hello (1):
} [512 bytes data]
* TLSv1.2 (IN), TLS handshake, Server hello (2):
{ [109 bytes data]
* TLSv1.2 (IN), TLS handshake, Certificate (11):
{ [6199 bytes data]
* TLSv1.2 (IN), TLS handshake, Server key exchange (12):
{ [333 bytes data]
* TLSv1.2 (IN), TLS handshake, Request CERT (13):
{ [13495 bytes data]
* TLSv1.2 (IN), TLS handshake, Server finished (14):
{ [4 bytes data]
* TLSv1.2 (OUT), TLS handshake, Certificate (11):
} [6615 bytes data]
* TLSv1.2 (OUT), TLS handshake, Client key exchange (16):
} [70 bytes data]
* TLSv1.2 (OUT), TLS handshake, CERT verify (15):
} [264 bytes data]
* TLSv1.2 (OUT), TLS change cipher, Client hello (1):
} [1 bytes data]
* TLSv1.2 (OUT), TLS handshake, Finished (20):
} [16 bytes data]
* TLSv1.2 (IN), TLS change cipher, Client hello (1):
{ [1 bytes data]
* TLSv1.2 (IN), TLS handshake, Finished (20):
{ [16 bytes data]
* SSL connection using TLSv1.2 / ECDHE-RSA-AES128-GCM-SHA256
* ALPN, server accepted to use http/1.1
* Server certificate:
*  subject: DC=ch; DC=cern; OU=computers; CN=cmsweb.cern.ch
*  start date: Feb 17 13:05:12 2022 GMT
*  expire date: Mar 24 13:05:12 2023 GMT
*  subjectAltName: host "cmsweb.cern.ch" matched cert's "cmsweb.cern.ch"
*  issuer: DC=ch; DC=cern; CN=CERN Grid Certification Authority
*  SSL certificate verify ok.
} [5 bytes data]
> GET /crabserver/prod/cache?tarballname=2f5137156c84b2ce676004d179169278b8fe00aa87f080af742ac1bedcbe6409.tar.gz&subresource=upload&objecttype=sandbox HTTP/1.1
> Host: cmsweb.cern.ch:8443
> User-Agent: CRABClient/v3.220210
> Accept: */*
> Content-Length: 121
> Content-Type: application/x-www-form-urlencoded
> 
} [121 bytes data]
* upload completely sent off: 121 out of 121 bytes
{ [5 bytes data]
< HTTP/1.1 200 OK
< Date: Thu, 17 Feb 2022 14:25:55 GMT
< Server: nginx/1.17.10
< Content-Type: application/json
< Content-Length: 509
< Vary: Accept-Encoding,Accept
< Cache-Control: max-age=3600
< X-Rest-Status: 100
< Etag: "573767fc16a0f97b234b9bb3f5b003c0b2cf4ac6"
< X-Rest-Time: 302351.236 us
< CMS-Server-Time: D=325182 t=1645107955642207
< 
 19   630    0     0  100   121      0    276 --:--:-- --:--:-- --:--:--   275{ [5 bytes data]
100   630  100   509  100   121   1159    275 --:--:-- --:--:-- --:--:--  1435
* Connection #0 to host cmsweb.cern.ch left intact
{"result": [
 "https://s3.cern.ch/crabcache_prod"
,{"key": "yian/sandboxes/2f5137156c84b2ce676004d179169278b8fe00aa87f080af742ac1bedcbe6409.tar.gz", "AWSAccessKeyId": "d542228b5cc74605885bd10e80fe3e8f", "policy": "eyJleHBpcmF0aW9uIjogIjIwMjItMDItMTdUMTU6MjU6NTVaIiwgImNvbmRpdGlvbnMiOiBbeyJidWNrZXQiOiAiY3JhYmNhY2hlX3Byb2QifSwgeyJrZXkiOiAieWlhbi9zYW5kYm94ZXMvMmY1MTM3MTU2Yzg0YjJjZTY3NjAwNGQxNzkxNjkyNzhiOGZlMDBhYTg3ZjA4MGFmNzQyYWMxYmVkY2JlNjQwOS50YXIuZ3oifV19", "signature": "arkP2Bw18mA5aS8JvJ6l6JK+LIE="}
]}

 retcode : 0
DEBUG 2022-02-17 14:25:55.994 UTC: 	 Will execute:
curl -f -v -X POST  -H "User-Agent: CRAB" -F "key=yian/sandboxes/2f5137156c84b2ce676004d179169278b8fe00aa87f080af742ac1bedcbe6409.tar.gz" -F "AWSAccessKeyId=d542228b5cc74605885bd10e80fe3e8f" -F "policy=eyJleHBpcmF0aW9uIjogIjIwMjItMDItMTdUMTU6MjU6NTVaIiwgImNvbmRpdGlvbnMiOiBbeyJidWNrZXQiOiAiY3JhYmNhY2hlX3Byb2QifSwgeyJrZXkiOiAieWlhbi9zYW5kYm94ZXMvMmY1MTM3MTU2Yzg0YjJjZTY3NjAwNGQxNzkxNjkyNzhiOGZlMDBhYTg3ZjA4MGFmNzQyYWMxYmVkY2JlNjQwOS50YXIuZ3oifV19" -F "signature=arkP2Bw18mA5aS8JvJ6l6JK+LIE=" -F "file=@/afs/cern.ch/work/y/yian/work/GZ/CMSSW_10_6_29/src/PhysicsTools/NanoAODTools/WWG/2018/fakelepton_crab/crab2018/crab_DYJetsToLL_M-50_TuneCP5_13TeV-amcatnloFXFX-pythia8_2018/inputs/37151845-fc1c-4436-927e-6249acabf7c8default.tgz" "https://s3.cern.ch/crabcache_prod"
DEBUG 2022-02-17 14:26:00.596 UTC: 	 exitcode: 0
stdout: 
DEBUG 2022-02-17 14:26:00.597 UTC: 	 sandbox /afs/cern.ch/work/y/yian/work/GZ/CMSSW_10_6_29/src/PhysicsTools/NanoAODTools/WWG/2018/fakelepton_crab/crab2018/crab_DYJetsToLL_M-50_TuneCP5_13TeV-amcatnloFXFX-pythia8_2018/inputs/37151845-fc1c-4436-927e-6249acabf7c8default.tgz successully uploaded to S3
DEBUG 2022-02-17 14:26:00.597 UTC: 	 Loading required information from the environment
DEBUG 2022-02-17 14:26:00.597 UTC: 	 Found CMSSW_10_6_29 for slc7_amd64_gcc820 with base /afs/cern.ch/work/y/yian/work/GZ/CMSSW_10_6_29
DEBUG 2022-02-17 14:26:00.597 UTC: 	 Making tarball in /afs/cern.ch/work/y/yian/work/GZ/CMSSW_10_6_29/src/PhysicsTools/NanoAODTools/WWG/2018/fakelepton_crab/crab2018/crab_DYJetsToLL_M-50_TuneCP5_13TeV-amcatnloFXFX-pythia8_2018/inputs/debugFiles.tgz
DEBUG 2022-02-17 14:26:00.621 UTC: 	 Uploading archive /afs/cern.ch/work/y/yian/work/GZ/CMSSW_10_6_29/src/PhysicsTools/NanoAODTools/WWG/2018/fakelepton_crab/crab2018/crab_DYJetsToLL_M-50_TuneCP5_13TeV-amcatnloFXFX-pythia8_2018/inputs/debugFiles.tgz (1 KB) to the CRAB cache. Using URI https://cmsweb.cern.ch/S3/crabcache_prod
DEBUG 2022-02-17 14:26:00.625 UTC: 	 Encoded data for curl request: tarballname=9199843d8c3ac38c79cf43a211cc8ed6503f5e6a0b748c3d13ab7060ceb075c2.tar.gz&subresource=upload&objecttype=sandbox
DEBUG 2022-02-17 14:26:00.626 UTC: 	 Executing command :
 curl -v -X GET -H "User-Agent: CRABClient/v3.220210" -H "Accept: */*" --data @/tmp/crab_curlDataewpB58 --cert "/tmp/x509up_u110046" --key "/tmp/x509up_u110046" --capath "/etc/grid-security/certificates/" "https://cmsweb.cern.ch:8443/crabserver/prod/cache?tarballname=9199843d8c3ac38c79cf43a211cc8ed6503f5e6a0b748c3d13ab7060ceb075c2.tar.gz&subresource=upload&objecttype=sandbox" | tee /dev/stderr 
DEBUG 2022-02-17 14:26:00.811 UTC: 	 output : {"result": [
 ""
,{}
]}

 error:   % Total    % Received % Xferd  Average Speed   Time    Time     Time  Current
                                 Dload  Upload   Total   Spent    Left  Speed
  0     0    0     0    0     0      0      0 --:--:-- --:--:-- --:--:--     0*   Trying 188.184.97.219...
* TCP_NODELAY set
* Connected to cmsweb.cern.ch (188.184.97.219) port 8443 (#0)
* ALPN, offering http/1.1
* Cipher selection: ALL:!EXPORT:!EXPORT40:!EXPORT56:!aNULL:!LOW:!RC4:@STRENGTH
* successfully set certificate verify locations:
  CAfile: /etc/pki/tls/certs/ca-bundle.crt
  CApath: /etc/grid-security/certificates/
* TLSv1.2 (OUT), TLS header, Certificate Status (22):
} [5 bytes data]
* TLSv1.2 (OUT), TLS handshake, Client hello (1):
} [512 bytes data]
* TLSv1.2 (IN), TLS handshake, Server hello (2):
{ [109 bytes data]
  0     0    0     0    0     0      0      0 --:--:-- --:--:-- --:--:--     0* TLSv1.2 (IN), TLS handshake, Certificate (11):
{ [6199 bytes data]
* TLSv1.2 (IN), TLS handshake, Server key exchange (12):
{ [333 bytes data]
* TLSv1.2 (IN), TLS handshake, Request CERT (13):
{ [13495 bytes data]
* TLSv1.2 (IN), TLS handshake, Server finished (14):
{ [4 bytes data]
* TLSv1.2 (OUT), TLS handshake, Certificate (11):
} [6615 bytes data]
* TLSv1.2 (OUT), TLS handshake, Client key exchange (16):
} [70 bytes data]
* TLSv1.2 (OUT), TLS handshake, CERT verify (15):
} [264 bytes data]
* TLSv1.2 (OUT), TLS change cipher, Client hello (1):
} [1 bytes data]
* TLSv1.2 (OUT), TLS handshake, Finished (20):
} [16 bytes data]
* TLSv1.2 (IN), TLS change cipher, Client hello (1):
{ [1 bytes data]
* TLSv1.2 (IN), TLS handshake, Finished (20):
{ [16 bytes data]
* SSL connection using TLSv1.2 / ECDHE-RSA-AES128-GCM-SHA256
* ALPN, server accepted to use http/1.1
* Server certificate:
*  subject: DC=ch; DC=cern; OU=computers; CN=cmsweb.cern.ch
*  start date: Feb 17 13:05:12 2022 GMT
*  expire date: Mar 24 13:05:12 2023 GMT
*  subjectAltName: host "cmsweb.cern.ch" matched cert's "cmsweb.cern.ch"
*  issuer: DC=ch; DC=cern; CN=CERN Grid Certification Authority
*  SSL certificate verify ok.
} [5 bytes data]
> GET /crabserver/prod/cache?tarballname=9199843d8c3ac38c79cf43a211cc8ed6503f5e6a0b748c3d13ab7060ceb075c2.tar.gz&subresource=upload&objecttype=sandbox HTTP/1.1
> Host: cmsweb.cern.ch:8443
> User-Agent: CRABClient/v3.220210
> Accept: */*
> Content-Length: 121
> Content-Type: application/x-www-form-urlencoded
> 
} [121 bytes data]
* upload completely sent off: 121 out of 121 bytes
{ [5 bytes data]
< HTTP/1.1 200 OK
< Date: Thu, 17 Feb 2022 14:26:00 GMT
< Server: nginx/1.17.10
< Content-Type: application/json
< Content-Length: 24
< Vary: Accept
< Cache-Control: max-age=3600
< X-Rest-Status: 100
< Etag: "556ce43763b116622238c65d89d24dd485f20666"
< X-Rest-Time: 12417.316 us
< CMS-Server-Time: D=20395 t=1645107960785977
< 
{ [5 bytes data]
100   145  100    24  100   121    406   2050 --:--:-- --:--:-- --:--:--  2457
* Connection #0 to host cmsweb.cern.ch left intact
{"result": [
 ""
,{}
]}

 retcode : 0
DEBUG 2022-02-17 14:26:00.811 UTC: 	 sandbox 9199843d8c3ac38c79cf43a211cc8ed6503f5e6a0b748c3d13ab7060ceb075c2.tar.gz is already in the S3 store, will not upload again
DEBUG 2022-02-17 14:26:00.812 UTC: 	 Result uploading input files: 2f5137156c84b2ce676004d179169278b8fe00aa87f080af742ac1bedcbe6409.tar.gz 
INFO 2022-02-17 14:26:00.813 UTC: 	 Sending the request to the server at cmsweb.cern.ch
DEBUG 2022-02-17 14:26:00.813 UTC: 	 Submitting {'maxjobruntime': 1250, 'extrajdl': [], 'ignorelocality': 1, 'savelogsflag': 0, 'useparent': 0, 'scriptexe': 'WWG_crab_script.sh', 'asyncdest': 'T3_CH_CERNBOX', 'algoargs': 1, 'cachefilename': '2f5137156c84b2ce676004d179169278b8fe00aa87f080af742ac1bedcbe6409.tar.gz', 'numcores': 1, 'addoutputfiles': [], 'generator': 'pythia', 'maxmemory': 2000, 'publishdbsurl': 'https://cmsweb.cern.ch/dbs/prod/phys03/DBSWriter', 'priority': 10, 'jobsw': 'CMSSW_10_6_29', 'edmoutfiles': ['tree.root'], 'userfiles': [], 'primarydataset': '', 'inputdata': '/DYJetsToLL_M-50_TuneCP5_13TeV-amcatnloFXFX-pythia8/RunIISummer20UL18NanoAODv9-106X_upgrade2018_realistic_v16_L1v1-v2/NANOAODSIM', 'dryrun': 0, 'workflow': 'crab_DYJetsToLL_M-50_TuneCP5_13TeV-amcatnloFXFX-pythia8_2018', 'scriptargs': ['isdata=MC', 'year=2018', 'era=A'], 'sitewhitelist': ['T2_US_MIT', 'T2_US_Wisconsin', 'T2_US_Purdue', 'T2_US_UCSD', 'T2_US_Caltech', 'T2_US_Nebraska'], 'nonprodsw': 1, 'tfileoutfiles': [], 'oneEventMode': 0, 'debugfilename': '9199843d8c3ac38c79cf43a211cc8ed6503f5e6a0b748c3d13ab7060ceb075c2.tar.gz', 'cacheurl': u'https://cmsweb.cern.ch/S3/crabcache_prod', 'saveoutput': 1, 'publication': 0, 'jobarch': 'slc7_amd64_gcc820', 'totalunits': 0, 'splitalgo': 'FileBased', 'ignoreglobalblacklist': 0, 'nonvaliddata': 1, 'dbsurl': 'https://cmsweb.cern.ch/dbs/prod/global/DBSReader', 'publishgroupname': 0, 'publishname2': 'DYJetsToLL_M-50_TuneCP5_13TeV-amcatnloFXFX-pythia8_2018', 'jobtype': 'Analysis'} 
DEBUG 2022-02-17 14:26:00.813 UTC: 	 Encoded submit request: maxjobruntime=1250&ignorelocality=1&savelogsflag=0&useparent=0&scriptexe=WWG_crab_script.sh&asyncdest=T3_CH_CERNBOX&algoargs=1&cachefilename=2f5137156c84b2ce676004d179169278b8fe00aa87f080af742ac1bedcbe6409.tar.gz&numcores=1&generator=pythia&maxmemory=2000&publishdbsurl=https%3A%2F%2Fcmsweb.cern.ch%2Fdbs%2Fprod%2Fphys03%2FDBSWriter&priority=10&jobsw=CMSSW_10_6_29&primarydataset=&inputdata=%2FDYJetsToLL_M-50_TuneCP5_13TeV-amcatnloFXFX-pythia8%2FRunIISummer20UL18NanoAODv9-106X_upgrade2018_realistic_v16_L1v1-v2%2FNANOAODSIM&dryrun=0&workflow=crab_DYJetsToLL_M-50_TuneCP5_13TeV-amcatnloFXFX-pythia8_2018&nonprodsw=1&oneEventMode=0&debugfilename=9199843d8c3ac38c79cf43a211cc8ed6503f5e6a0b748c3d13ab7060ceb075c2.tar.gz&cacheurl=https%3A%2F%2Fcmsweb.cern.ch%2FS3%2Fcrabcache_prod&saveoutput=1&publication=0&jobarch=slc7_amd64_gcc820&totalunits=0&splitalgo=FileBased&ignoreglobalblacklist=0&nonvaliddata=1&dbsurl=https%3A%2F%2Fcmsweb.cern.ch%2Fdbs%2Fprod%2Fglobal%2FDBSReader&publishgroupname=0&publishname2=DYJetsToLL_M-50_TuneCP5_13TeV-amcatnloFXFX-pythia8_2018&jobtype=Analysis&sitewhitelist=T2_US_MIT&sitewhitelist=T2_US_Wisconsin&sitewhitelist=T2_US_Purdue&sitewhitelist=T2_US_UCSD&sitewhitelist=T2_US_Caltech&sitewhitelist=T2_US_Nebraska&edmoutfiles=tree.root&scriptargs=isdata%3DMC&scriptargs=year%3D2018&scriptargs=era%3DA
DEBUG 2022-02-17 14:26:00.813 UTC: 	 Encoded data for curl request: maxjobruntime=1250&ignorelocality=1&savelogsflag=0&useparent=0&scriptexe=WWG_crab_script.sh&asyncdest=T3_CH_CERNBOX&algoargs=1&cachefilename=2f5137156c84b2ce676004d179169278b8fe00aa87f080af742ac1bedcbe6409.tar.gz&numcores=1&generator=pythia&maxmemory=2000&publishdbsurl=https%3A%2F%2Fcmsweb.cern.ch%2Fdbs%2Fprod%2Fphys03%2FDBSWriter&priority=10&jobsw=CMSSW_10_6_29&primarydataset=&inputdata=%2FDYJetsToLL_M-50_TuneCP5_13TeV-amcatnloFXFX-pythia8%2FRunIISummer20UL18NanoAODv9-106X_upgrade2018_realistic_v16_L1v1-v2%2FNANOAODSIM&dryrun=0&workflow=crab_DYJetsToLL_M-50_TuneCP5_13TeV-amcatnloFXFX-pythia8_2018&nonprodsw=1&oneEventMode=0&debugfilename=9199843d8c3ac38c79cf43a211cc8ed6503f5e6a0b748c3d13ab7060ceb075c2.tar.gz&cacheurl=https%3A%2F%2Fcmsweb.cern.ch%2FS3%2Fcrabcache_prod&saveoutput=1&publication=0&jobarch=slc7_amd64_gcc820&totalunits=0&splitalgo=FileBased&ignoreglobalblacklist=0&nonvaliddata=1&dbsurl=https%3A%2F%2Fcmsweb.cern.ch%2Fdbs%2Fprod%2Fglobal%2FDBSReader&publishgroupname=0&publishname2=DYJetsToLL_M-50_TuneCP5_13TeV-amcatnloFXFX-pythia8_2018&jobtype=Analysis&sitewhitelist=T2_US_MIT&sitewhitelist=T2_US_Wisconsin&sitewhitelist=T2_US_Purdue&sitewhitelist=T2_US_UCSD&sitewhitelist=T2_US_Caltech&sitewhitelist=T2_US_Nebraska&edmoutfiles=tree.root&scriptargs=isdata%3DMC&scriptargs=year%3D2018&scriptargs=era%3DA
DEBUG 2022-02-17 14:26:00.814 UTC: 	 Executing command :
 curl -v -X PUT -H "User-Agent: CRABClient/v3.220210" -H "Accept: */*" --data @/tmp/crab_curlDatat1NDHM --cert "/tmp/x509up_u110046" --key "/tmp/x509up_u110046" --capath "/etc/grid-security/certificates/" "https://cmsweb.cern.ch:8443/crabserver/prod/workflow" | tee /dev/stderr 
DEBUG 2022-02-17 14:26:01.010 UTC: 	 output : {"result": [
 {"RequestName": "220217_142600:yian_crab_DYJetsToLL_M-50_TuneCP5_13TeV-amcatnloFXFX-pythia8_2018"}
]}

 error:   % Total    % Received % Xferd  Average Speed   Time    Time     Time  Current
                                 Dload  Upload   Total   Spent    Left  Speed
  0     0    0     0    0     0      0      0 --:--:-- --:--:-- --:--:--     0*   Trying 188.184.97.219...
* TCP_NODELAY set
* Connected to cmsweb.cern.ch (188.184.97.219) port 8443 (#0)
* ALPN, offering http/1.1
* Cipher selection: ALL:!EXPORT:!EXPORT40:!EXPORT56:!aNULL:!LOW:!RC4:@STRENGTH
* successfully set certificate verify locations:
  CAfile: /etc/pki/tls/certs/ca-bundle.crt
  CApath: /etc/grid-security/certificates/
* TLSv1.2 (OUT), TLS header, Certificate Status (22):
} [5 bytes data]
* TLSv1.2 (OUT), TLS handshake, Client hello (1):
} [512 bytes data]
* TLSv1.2 (IN), TLS handshake, Server hello (2):
{ [109 bytes data]
* TLSv1.2 (IN), TLS handshake, Certificate (11):
{ [6199 bytes data]
* TLSv1.2 (IN), TLS handshake, Server key exchange (12):
{ [333 bytes data]
* TLSv1.2 (IN), TLS handshake, Request CERT (13):
{ [13495 bytes data]
* TLSv1.2 (IN), TLS handshake, Server finished (14):
{ [4 bytes data]
* TLSv1.2 (OUT), TLS handshake, Certificate (11):
} [6615 bytes data]
* TLSv1.2 (OUT), TLS handshake, Client key exchange (16):
} [70 bytes data]
* TLSv1.2 (OUT), TLS handshake, CERT verify (15):
} [264 bytes data]
* TLSv1.2 (OUT), TLS change cipher, Client hello (1):
} [1 bytes data]
* TLSv1.2 (OUT), TLS handshake, Finished (20):
} [16 bytes data]
* TLSv1.2 (IN), TLS change cipher, Client hello (1):
{ [1 bytes data]
* TLSv1.2 (IN), TLS handshake, Finished (20):
{ [16 bytes data]
* SSL connection using TLSv1.2 / ECDHE-RSA-AES128-GCM-SHA256
* ALPN, server accepted to use http/1.1
* Server certificate:
*  subject: DC=ch; DC=cern; OU=computers; CN=cmsweb.cern.ch
*  start date: Feb 17 13:05:12 2022 GMT
*  expire date: Mar 24 13:05:12 2023 GMT
*  subjectAltName: host "cmsweb.cern.ch" matched cert's "cmsweb.cern.ch"
*  issuer: DC=ch; DC=cern; CN=CERN Grid Certification Authority
*  SSL certificate verify ok.
} [5 bytes data]
> PUT /crabserver/prod/workflow HTTP/1.1
> Host: cmsweb.cern.ch:8443
> User-Agent: CRABClient/v3.220210
> Accept: */*
> Content-Length: 1327
> Content-Type: application/x-www-form-urlencoded
> Expect: 100-continue
> 
{ [5 bytes data]
< HTTP/1.1 100 Continue
} [5 bytes data]
* We are completely uploaded and fine
{ [5 bytes data]
< HTTP/1.1 200 OK
< Date: Thu, 17 Feb 2022 14:26:01 GMT
< Server: nginx/1.17.10
< Content-Type: application/json
< Content-Length: 116
< Vary: Accept
< X-Rest-Status: 100
< Etag: "a106b410bd07849fa69c078231da2620aec8eda6"
< X-Rest-Time: 89928.150 us
< CMS-Server-Time: D=99571 t=1645107960905686
< 
{ [5 bytes data]
100  1443  100   116  100  1327    794   9089 --:--:-- --:--:-- --:--:--  9883
* Connection #0 to host cmsweb.cern.ch left intact
{"result": [
 {"RequestName": "220217_142600:yian_crab_DYJetsToLL_M-50_TuneCP5_13TeV-amcatnloFXFX-pythia8_2018"}
]}

 retcode : 0
DEBUG 2022-02-17 14:26:01.011 UTC: 	 Result: {u'result': [{u'RequestName': u'220217_142600:yian_crab_DYJetsToLL_M-50_TuneCP5_13TeV-amcatnloFXFX-pythia8_2018'}]}
INFO 2022-02-17 14:26:01.029 UTC: 	 Success: Your task has been delivered to the prod CRAB3 server.
INFO 2022-02-17 14:26:01.029 UTC: 	 Task name: 220217_142600:yian_crab_DYJetsToLL_M-50_TuneCP5_13TeV-amcatnloFXFX-pythia8_2018
INFO 2022-02-17 14:26:01.029 UTC: 	 Project dir: crab2018/crab_DYJetsToLL_M-50_TuneCP5_13TeV-amcatnloFXFX-pythia8_2018
INFO 2022-02-17 14:26:01.029 UTC: 	 Please use ' crab status -d crab2018/crab_DYJetsToLL_M-50_TuneCP5_13TeV-amcatnloFXFX-pythia8_2018 ' to check how the submission process proceeds.
DEBUG 2022-02-17 14:26:01.029 UTC: 	 About to return
INFO 2022-02-17 14:26:01.035 UTC: 	 Log file is /afs/cern.ch/work/y/yian/work/GZ/CMSSW_10_6_29/src/PhysicsTools/NanoAODTools/WWG/2018/fakelepton_crab/crab2018/crab_DYJetsToLL_M-50_TuneCP5_13TeV-amcatnloFXFX-pythia8_2018/crab.log
