DEBUG 2022-02-17 14:58:20.076 UTC: 	 CRAB Client version: v3.220210
DEBUG 2022-02-17 14:58:20.076 UTC: 	 Running on: Linux lxplus789.cern.ch 3.10.0-1160.53.1.el7.x86_64 #1 SMP Fri Jan 14 13:59:45 UTC 2022 x86_64 x86_64 x86_64 GNU/Linux - CentOS Linux 7 (Core)
DEBUG 2022-02-17 14:58:20.076 UTC: 	 Executing command: 'submit'
DEBUG 2022-02-17 14:58:20.081 UTC: 	 Found CRAB cache file /afs/cern.ch/user/y/yian/.crab3
INFO 2022-02-17 14:58:20.083 UTC: 	 Will use CRAB configuration file crabcode_2018/WWTo2L2Nu_TuneCP5_13TeV-powheg-pythia8_2018_cfg.py
DEBUG 2022-02-17 14:58:20.083 UTC: 	 Loading CRAB configuration file.
DEBUG 2022-02-17 14:58:20.144 UTC: 	 Will use CRAB Analysis plugin (i.e. will run an analysis job type).
DEBUG 2022-02-17 14:58:20.195 UTC: 	 Checking credentials
DEBUG 2022-02-17 14:58:20.195 UTC: 	 Found proxy file /tmp/x509up_u110046
DEBUG 2022-02-17 14:58:20.195 UTC: 	 Making sure it has proper VOMS extension
DEBUG 2022-02-17 14:58:20.195 UTC: 	 Executing command :
 voms-proxy-info --vo --file /tmp/x509up_u110046
DEBUG 2022-02-17 14:58:21.193 UTC: 	 output : cms

 error: 
 retcode : 0
DEBUG 2022-02-17 14:58:21.194 UTC: 	 Getting proxy life time left
DEBUG 2022-02-17 14:58:21.194 UTC: 	 Executing command :
 voms-proxy-info --actimeleft --timeleft --file /tmp/x509up_u110046
DEBUG 2022-02-17 14:58:22.042 UTC: 	 output : 600332
600332

 error: 
 retcode : 0
DEBUG 2022-02-17 14:58:22.043 UTC: 	 Proxy valid for 166:45:32 hours
DEBUG 2022-02-17 14:58:22.528 UTC: 	 Encoded data for curl request: subresource=delegatedn
DEBUG 2022-02-17 14:58:22.529 UTC: 	 Executing command :
 curl -v -X GET -H "User-Agent: CRABClient/v3.220210" -H "Accept: */*" --data @/tmp/crab_curlDataavbxq5 --cert "/tmp/x509up_u110046" --key "/tmp/x509up_u110046" --capath "/etc/grid-security/certificates/" "https://cmsweb.cern.ch:8443/crabserver/prod/info?subresource=delegatedn" | tee /dev/stderr 
DEBUG 2022-02-17 14:58:22.817 UTC: 	 output : {"result": [
 {"services": ["/DC=ch/DC=cern/OU=computers/CN=crab-(preprod|prod|dev)-tw(02|01).cern.ch|/DC=ch/DC=cern/OU=computers/CN=stefanov(m|m2).cern.ch|/DC=ch/DC=cern/OU=computers/CN=dciangot-tw.cern.ch"]}
]}

 error:   % Total    % Received % Xferd  Average Speed   Time    Time     Time  Current
                                 Dload  Upload   Total   Spent    Left  Speed
  0     0    0     0    0     0      0      0 --:--:-- --:--:-- --:--:--     0*   Trying 137.138.120.6...
* TCP_NODELAY set
* Connected to cmsweb.cern.ch (137.138.120.6) port 8443 (#0)
* ALPN, offering http/1.1
* Cipher selection: ALL:!EXPORT:!EXPORT40:!EXPORT56:!aNULL:!LOW:!RC4:@STRENGTH
* successfully set certificate verify locations:
  CAfile: /etc/pki/tls/certs/ca-bundle.crt
  CApath: /etc/grid-security/certificates/
* TLSv1.2 (OUT), TLS header, Certificate Status (22):
} [5 bytes data]
* TLSv1.2 (OUT), TLS handshake, Client hello (1):
} [512 bytes data]
* TLSv1.2 (IN), TLS handshake, Server hello (2):
{ [109 bytes data]
* TLSv1.2 (IN), TLS handshake, Certificate (11):
{ [6199 bytes data]
* TLSv1.2 (IN), TLS handshake, Server key exchange (12):
{ [333 bytes data]
* TLSv1.2 (IN), TLS handshake, Request CERT (13):
{ [13495 bytes data]
* TLSv1.2 (IN), TLS handshake, Server finished (14):
{ [4 bytes data]
* TLSv1.2 (OUT), TLS handshake, Certificate (11):
} [6638 bytes data]
* TLSv1.2 (OUT), TLS handshake, Client key exchange (16):
} [70 bytes data]
* TLSv1.2 (OUT), TLS handshake, CERT verify (15):
} [264 bytes data]
* TLSv1.2 (OUT), TLS change cipher, Client hello (1):
} [1 bytes data]
* TLSv1.2 (OUT), TLS handshake, Finished (20):
} [16 bytes data]
* TLSv1.2 (IN), TLS change cipher, Client hello (1):
{ [1 bytes data]
* TLSv1.2 (IN), TLS handshake, Finished (20):
{ [16 bytes data]
* SSL connection using TLSv1.2 / ECDHE-RSA-AES128-GCM-SHA256
* ALPN, server accepted to use http/1.1
* Server certificate:
*  subject: DC=ch; DC=cern; OU=computers; CN=cmsweb.cern.ch
*  start date: Feb 17 13:05:12 2022 GMT
*  expire date: Mar 24 13:05:12 2023 GMT
*  subjectAltName: host "cmsweb.cern.ch" matched cert's "cmsweb.cern.ch"
*  issuer: DC=ch; DC=cern; CN=CERN Grid Certification Authority
*  SSL certificate verify ok.
} [5 bytes data]
> GET /crabserver/prod/info?subresource=delegatedn HTTP/1.1
> Host: cmsweb.cern.ch:8443
> User-Agent: CRABClient/v3.220210
> Accept: */*
> Content-Length: 22
> Content-Type: application/x-www-form-urlencoded
> 
} [22 bytes data]
* upload completely sent off: 22 out of 22 bytes
100    22    0     0  100    22      0     94 --:--:-- --:--:-- --:--:--    94{ [5 bytes data]
< HTTP/1.1 200 OK
< Date: Thu, 17 Feb 2022 14:58:22 GMT
< Server: nginx/1.17.10
< Content-Type: application/json
< Content-Length: 213
< Vary: Accept
< Cache-Control: max-age=3600
< X-Rest-Status: 100
< Etag: "de92dcb56f87dabbe30965e60a433c3f1b873eab"
< X-Rest-Time: 157359.838 us
< CMS-Server-Time: D=170558 t=1645109902636957
< 
{ [5 bytes data]
100   235  100   213  100    22    883     91 --:--:-- --:--:-- --:--:--   971
* Connection #0 to host cmsweb.cern.ch left intact
{"result": [
 {"services": ["/DC=ch/DC=cern/OU=computers/CN=crab-(preprod|prod|dev)-tw(02|01).cern.ch|/DC=ch/DC=cern/OU=computers/CN=stefanov(m|m2).cern.ch|/DC=ch/DC=cern/OU=computers/CN=dciangot-tw.cern.ch"]}
]}

 retcode : 0
DEBUG 2022-02-17 14:58:22.818 UTC: 	 Registering user credentials on myproxy for /DC=ch/DC=cern/OU=computers/CN=crab-(preprod|prod|dev)-tw(02|01).cern.ch|/DC=ch/DC=cern/OU=computers/CN=stefanov(m|m2).cern.ch|/DC=ch/DC=cern/OU=computers/CN=dciangot-tw.cern.ch
DEBUG 2022-02-17 14:58:22.818 UTC: 	 Executing command :
 voms-proxy-info --identity --file /tmp/x509up_u110046
DEBUG 2022-02-17 14:58:23.591 UTC: 	 output : /DC=ch/DC=cern/OU=Organic Units/OU=Users/CN=yian/CN=826694/CN=Ying An

 error: 
 retcode : 0
DEBUG 2022-02-17 14:58:23.591 UTC: 	 Getting myproxy life time left for b52ac606a6f7097e9b4b8f05a3a67cc69f8f291b
DEBUG 2022-02-17 14:58:23.591 UTC: 	 Executing command :
 myproxy-info -s myproxy.cern.ch -l b52ac606a6f7097e9b4b8f05a3a67cc69f8f291b
DEBUG 2022-02-17 14:58:23.934 UTC: 	 output : username: b52ac606a6f7097e9b4b8f05a3a67cc69f8f291b
owner: /DC=ch/DC=cern/OU=Organic Units/OU=Users/CN=yian/CN=826694/CN=Ying An
  renewal policy: /DC=ch/DC=cern/OU=computers/CN=crab-(preprod|prod|dev)-tw(02|01).cern.ch|/DC=ch/DC=cern/OU=computers/CN=stefanov(m|m2).cern.ch|/DC=ch/DC=cern/OU=computers/CN=dciangot-tw.cern.ch
  trusted retrieval policy: /DC=ch/DC=cern/OU=computers/CN=crab-(preprod|prod|dev)-tw(02|01).cern.ch|/DC=ch/DC=cern/OU=computers/CN=stefanov(m|m2).cern.ch|/DC=ch/DC=cern/OU=computers/CN=dciangot-tw.cern.ch
  timeleft: 379:35:14  (15.8 days)

 error: 
 retcode : 0
DEBUG 2022-02-17 14:58:23.935 UTC: 	 Myproxy is valid: 1366500
DEBUG 2022-02-17 14:58:23.935 UTC: 	 Result of myproxy credential check:
  Credential exists on myproxy: username: b52ac606a6f7097e9b4b8f05a3a67cc69f8f291b  - validity: 15 days, 19:35:00
DEBUG 2022-02-17 14:58:23.935 UTC: 	 Command use: submit
DEBUG 2022-02-17 14:58:23.935 UTC: 	 Options use: ['-c', 'crabcode_2018/WWTo2L2Nu_TuneCP5_13TeV-powheg-pythia8_2018_cfg.py']
DEBUG 2022-02-17 14:58:23.935 UTC: 	 Encoded data for curl request: subresource=version
DEBUG 2022-02-17 14:58:23.936 UTC: 	 Executing command :
 curl -v -X GET -H "User-Agent: CRABClient/v3.220210" -H "Accept: */*" --data @/tmp/crab_curlDataHZ9XTs --cert "/tmp/x509up_u110046" --key "/tmp/x509up_u110046" --capath "/etc/grid-security/certificates/" "https://cmsweb.cern.ch:8443/crabserver/prod/info?subresource=version" | tee /dev/stderr 
DEBUG 2022-02-17 14:58:24.077 UTC: 	 output : {"result": [
 ["3.3.19", "3.3.20", "v3", "development", "py3.220124"]
]}

 error:   % Total    % Received % Xferd  Average Speed   Time    Time     Time  Current
                                 Dload  Upload   Total   Spent    Left  Speed
  0     0    0     0    0     0      0      0 --:--:-- --:--:-- --:--:--     0*   Trying 137.138.120.6...
* TCP_NODELAY set
* Connected to cmsweb.cern.ch (137.138.120.6) port 8443 (#0)
* ALPN, offering http/1.1
* Cipher selection: ALL:!EXPORT:!EXPORT40:!EXPORT56:!aNULL:!LOW:!RC4:@STRENGTH
* successfully set certificate verify locations:
  CAfile: /etc/pki/tls/certs/ca-bundle.crt
  CApath: /etc/grid-security/certificates/
* TLSv1.2 (OUT), TLS header, Certificate Status (22):
} [5 bytes data]
* TLSv1.2 (OUT), TLS handshake, Client hello (1):
} [512 bytes data]
* TLSv1.2 (IN), TLS handshake, Server hello (2):
{ [109 bytes data]
* TLSv1.2 (IN), TLS handshake, Certificate (11):
{ [6199 bytes data]
* TLSv1.2 (IN), TLS handshake, Server key exchange (12):
{ [333 bytes data]
* TLSv1.2 (IN), TLS handshake, Request CERT (13):
{ [13495 bytes data]
* TLSv1.2 (IN), TLS handshake, Server finished (14):
{ [4 bytes data]
* TLSv1.2 (OUT), TLS handshake, Certificate (11):
} [6638 bytes data]
* TLSv1.2 (OUT), TLS handshake, Client key exchange (16):
} [70 bytes data]
* TLSv1.2 (OUT), TLS handshake, CERT verify (15):
} [264 bytes data]
* TLSv1.2 (OUT), TLS change cipher, Client hello (1):
} [1 bytes data]
* TLSv1.2 (OUT), TLS handshake, Finished (20):
} [16 bytes data]
* TLSv1.2 (IN), TLS change cipher, Client hello (1):
{ [1 bytes data]
* TLSv1.2 (IN), TLS handshake, Finished (20):
{ [16 bytes data]
* SSL connection using TLSv1.2 / ECDHE-RSA-AES128-GCM-SHA256
* ALPN, server accepted to use http/1.1
* Server certificate:
*  subject: DC=ch; DC=cern; OU=computers; CN=cmsweb.cern.ch
*  start date: Feb 17 13:05:12 2022 GMT
*  expire date: Mar 24 13:05:12 2023 GMT
*  subjectAltName: host "cmsweb.cern.ch" matched cert's "cmsweb.cern.ch"
*  issuer: DC=ch; DC=cern; CN=CERN Grid Certification Authority
*  SSL certificate verify ok.
} [5 bytes data]
> GET /crabserver/prod/info?subresource=version HTTP/1.1
> Host: cmsweb.cern.ch:8443
> User-Agent: CRABClient/v3.220210
> Accept: */*
> Content-Length: 19
> Content-Type: application/x-www-form-urlencoded
> 
} [19 bytes data]
* upload completely sent off: 19 out of 19 bytes
{ [5 bytes data]
< HTTP/1.1 200 OK
< Date: Thu, 17 Feb 2022 14:58:24 GMT
< Server: nginx/1.17.10
< Content-Type: application/json
< Content-Length: 73
< Vary: Accept
< Cache-Control: max-age=3600
< X-Rest-Status: 100
< Etag: "3309a93c90cdb00bd297a532c9c67f645a0b4b24"
< X-Rest-Time: 3204.584 us
< CMS-Server-Time: D=12031 t=1645109904061155
< 
{ [5 bytes data]
100    92  100    73  100    19    912    237 --:--:-- --:--:-- --:--:--  1150
* Connection #0 to host cmsweb.cern.ch left intact
{"result": [
 ["3.3.19", "3.3.20", "v3", "development", "py3.220124"]
]}

 retcode : 0
DEBUG 2022-02-17 14:58:24.078 UTC: 	 CRABClient version: v3.220210
DEBUG 2022-02-17 14:58:24.078 UTC: 	 Instance is prod
DEBUG 2022-02-17 14:58:24.078 UTC: 	 Server base url is cmsweb.cern.ch
DEBUG 2022-02-17 14:58:24.078 UTC: 	 Command api workflow
DEBUG 2022-02-17 14:58:24.078 UTC: 	 Started submission
DEBUG 2022-02-17 14:58:24.078 UTC: 	 Working on /afs/cern.ch/work/y/yian/work/GZ/CMSSW_10_6_29/src/PhysicsTools/NanoAODTools/WWG/2018/crab/crab2018/crab_WWTo2L2Nu_TuneCP5_13TeV-powheg-pythia8_2018
DEBUG 2022-02-17 14:58:24.079 UTC: 	 Encoded data for curl request: subresource=backendurls
DEBUG 2022-02-17 14:58:24.079 UTC: 	 Executing command :
 curl -v -X GET -H "User-Agent: CRABClient/v3.220210" -H "Accept: */*" --data @/tmp/crab_curlDatairGb83 --cert "/tmp/x509up_u110046" --key "/tmp/x509up_u110046" --capath "/etc/grid-security/certificates/" "https://cmsweb.cern.ch:8443/crabserver/prod/info?subresource=backendurls" | tee /dev/stderr 
DEBUG 2022-02-17 14:58:24.252 UTC: 	 output : {"result": [
 {"cacheSSL": "https://cmsweb.cern.ch/S3/crabcache_prod", "htcondorSchedds": {"crab3@vocms059.cern.ch": {"proxiedurl": "https://cmsweb.cern.ch:8443/scheddmon/059", "weightfactor": 0}, "crab3@vocms068.cern.ch": {"proxiedurl": "https://cmsweb.cern.ch:8443/scheddmon/068", "weightfactor": 1}, "crab3@vocms069.cern.ch": {"proxiedurl": "https://cmsweb.cern.ch:8443/scheddmon/069", "weightfactor": 1}, "crab3@vocms0106.cern.ch": {"proxiedurl": "https://cmsweb.cern.ch:8443/scheddmon/0106", "weightfactor": 1}, "crab3@vocms0107.cern.ch": {"proxiedurl": "https://cmsweb.cern.ch:8443/scheddmon/0107", "weightfactor": 1}, "crab3@vocms0119.cern.ch": {"proxiedurl": "https://cmsweb.cern.ch:8443/scheddmon/0119", "weightfactor": 1}, "crab3@vocms0120.cern.ch": {"proxiedurl": "https://cmsweb.cern.ch:8443/scheddmon/0120", "weightfactor": 1}, "crab3@vocms0121.cern.ch": {"proxiedurl": "https://cmsweb.cern.ch:8443/scheddmon/0121", "weightfactor": 1}, "crab3@vocms0122.cern.ch": {"proxiedurl": "https://cmsweb.cern.ch:8443/scheddmon/0122", "weightfactor": 1}, "crab3@vocms0137.cern.ch": {"proxiedurl": "https://cmsweb.cern.ch:8443/scheddmon/0137", "weightfactor": 1}, "crab3@vocms0144.cern.ch": {"proxiedurl": "https://cmsweb.cern.ch:8443/scheddmon/0144", "weightfactor": 1}, "crab3@vocms0155.cern.ch": {"proxiedurl": "https://cmsweb.cern.ch:8443/scheddmon/0155", "weightfactor": 1}, "crab3@vocms0194.cern.ch": {"proxiedurl": "https://cmsweb.cern.ch:8443/scheddmon/0194", "weightfactor": 1}, "crab3@vocms0195.cern.ch": {"proxiedurl": "https://cmsweb.cern.ch:8443/scheddmon/0195", "weightfactor": 1}, "crab3@vocms0196.cern.ch": {"proxiedurl": "https://cmsweb.cern.ch:8443/scheddmon/0196", "weightfactor": 1}, "crab3@vocms0197.cern.ch": {"proxiedurl": "https://cmsweb.cern.ch:8443/scheddmon/0197", "weightfactor": 1}, "crab3@vocms0198.cern.ch": {"proxiedurl": "https://cmsweb.cern.ch:8443/scheddmon/0198", "weightfactor": 1}, "crab3@vocms0199.cern.ch": {"proxiedurl": "https://cmsweb.cern.ch:8443/scheddmon/0199", "weightfactor": 1}}, "asoConfig": [{"couchURL": "https://cmsweb.cern.ch/crabserver/prod", "couchDBName": "filetransfers"}], "htcondorPool": "cmsgwms-collector-global.cern.ch:9620,cmsgwms-collector-global.fnal.gov:9620"}
]}

 error:   % Total    % Received % Xferd  Average Speed   Time    Time     Time  Current
                                 Dload  Upload   Total   Spent    Left  Speed
  0     0    0     0    0     0      0      0 --:--:-- --:--:-- --:--:--     0*   Trying 137.138.120.6...
* TCP_NODELAY set
* Connected to cmsweb.cern.ch (137.138.120.6) port 8443 (#0)
* ALPN, offering http/1.1
* Cipher selection: ALL:!EXPORT:!EXPORT40:!EXPORT56:!aNULL:!LOW:!RC4:@STRENGTH
* successfully set certificate verify locations:
  CAfile: /etc/pki/tls/certs/ca-bundle.crt
  CApath: /etc/grid-security/certificates/
* TLSv1.2 (OUT), TLS header, Certificate Status (22):
} [5 bytes data]
* TLSv1.2 (OUT), TLS handshake, Client hello (1):
} [512 bytes data]
* TLSv1.2 (IN), TLS handshake, Server hello (2):
{ [109 bytes data]
* TLSv1.2 (IN), TLS handshake, Certificate (11):
{ [6199 bytes data]
* TLSv1.2 (IN), TLS handshake, Server key exchange (12):
{ [333 bytes data]
* TLSv1.2 (IN), TLS handshake, Request CERT (13):
{ [13495 bytes data]
* TLSv1.2 (IN), TLS handshake, Server finished (14):
{ [4 bytes data]
* TLSv1.2 (OUT), TLS handshake, Certificate (11):
} [6638 bytes data]
* TLSv1.2 (OUT), TLS handshake, Client key exchange (16):
} [70 bytes data]
* TLSv1.2 (OUT), TLS handshake, CERT verify (15):
} [264 bytes data]
* TLSv1.2 (OUT), TLS change cipher, Client hello (1):
} [1 bytes data]
* TLSv1.2 (OUT), TLS handshake, Finished (20):
} [16 bytes data]
* TLSv1.2 (IN), TLS change cipher, Client hello (1):
{ [1 bytes data]
* TLSv1.2 (IN), TLS handshake, Finished (20):
{ [16 bytes data]
* SSL connection using TLSv1.2 / ECDHE-RSA-AES128-GCM-SHA256
* ALPN, server accepted to use http/1.1
* Server certificate:
*  subject: DC=ch; DC=cern; OU=computers; CN=cmsweb.cern.ch
*  start date: Feb 17 13:05:12 2022 GMT
*  expire date: Mar 24 13:05:12 2023 GMT
*  subjectAltName: host "cmsweb.cern.ch" matched cert's "cmsweb.cern.ch"
*  issuer: DC=ch; DC=cern; CN=CERN Grid Certification Authority
*  SSL certificate verify ok.
} [5 bytes data]
> GET /crabserver/prod/info?subresource=backendurls HTTP/1.1
> Host: cmsweb.cern.ch:8443
> User-Agent: CRABClient/v3.220210
> Accept: */*
> Content-Length: 23
> Content-Type: application/x-www-form-urlencoded
> 
} [23 bytes data]
* upload completely sent off: 23 out of 23 bytes
{ [5 bytes data]
< HTTP/1.1 200 OK
< Date: Thu, 17 Feb 2022 14:58:24 GMT
< Server: nginx/1.17.10
< Content-Type: application/json
< Content-Length: 2232
< Vary: Accept-Encoding,Accept
< Cache-Control: max-age=3600
< X-Rest-Status: 100
< Etag: "33581c872b594825cd6b153efac3e8632410185f"
< X-Rest-Time: 3207.922 us
< CMS-Server-Time: D=43477 t=1645109904191807
< 
{ [5 bytes data]
100  2255  100  2232  100    23  27900    287 --:--:-- --:--:-- --:--:-- 28187
* Connection #0 to host cmsweb.cern.ch left intact
{"result": [
 {"cacheSSL": "https://cmsweb.cern.ch/S3/crabcache_prod", "htcondorSchedds": {"crab3@vocms059.cern.ch": {"proxiedurl": "https://cmsweb.cern.ch:8443/scheddmon/059", "weightfactor": 0}, "crab3@vocms068.cern.ch": {"proxiedurl": "https://cmsweb.cern.ch:8443/scheddmon/068", "weightfactor": 1}, "crab3@vocms069.cern.ch": {"proxiedurl": "https://cmsweb.cern.ch:8443/scheddmon/069", "weightfactor": 1}, "crab3@vocms0106.cern.ch": {"proxiedurl": "https://cmsweb.cern.ch:8443/scheddmon/0106", "weightfactor": 1}, "crab3@vocms0107.cern.ch": {"proxiedurl": "https://cmsweb.cern.ch:8443/scheddmon/0107", "weightfactor": 1}, "crab3@vocms0119.cern.ch": {"proxiedurl": "https://cmsweb.cern.ch:8443/scheddmon/0119", "weightfactor": 1}, "crab3@vocms0120.cern.ch": {"proxiedurl": "https://cmsweb.cern.ch:8443/scheddmon/0120", "weightfactor": 1}, "crab3@vocms0121.cern.ch": {"proxiedurl": "https://cmsweb.cern.ch:8443/scheddmon/0121", "weightfactor": 1}, "crab3@vocms0122.cern.ch": {"proxiedurl": "https://cmsweb.cern.ch:8443/scheddmon/0122", "weightfactor": 1}, "crab3@vocms0137.cern.ch": {"proxiedurl": "https://cmsweb.cern.ch:8443/scheddmon/0137", "weightfactor": 1}, "crab3@vocms0144.cern.ch": {"proxiedurl": "https://cmsweb.cern.ch:8443/scheddmon/0144", "weightfactor": 1}, "crab3@vocms0155.cern.ch": {"proxiedurl": "https://cmsweb.cern.ch:8443/scheddmon/0155", "weightfactor": 1}, "crab3@vocms0194.cern.ch": {"proxiedurl": "https://cmsweb.cern.ch:8443/scheddmon/0194", "weightfactor": 1}, "crab3@vocms0195.cern.ch": {"proxiedurl": "https://cmsweb.cern.ch:8443/scheddmon/0195", "weightfactor": 1}, "crab3@vocms0196.cern.ch": {"proxiedurl": "https://cmsweb.cern.ch:8443/scheddmon/0196", "weightfactor": 1}, "crab3@vocms0197.cern.ch": {"proxiedurl": "https://cmsweb.cern.ch:8443/scheddmon/0197", "weightfactor": 1}, "crab3@vocms0198.cern.ch": {"proxiedurl": "https://cmsweb.cern.ch:8443/scheddmon/0198", "weightfactor": 1}, "crab3@vocms0199.cern.ch": {"proxiedurl": "https://cmsweb.cern.ch:8443/scheddmon/0199", "weightfactor": 1}}, "asoConfig": [{"couchURL": "https://cmsweb.cern.ch/crabserver/prod", "couchDBName": "filetransfers"}], "htcondorPool": "cmsgwms-collector-global.cern.ch:9620,cmsgwms-collector-global.fnal.gov:9620"}
]}

 retcode : 0
DEBUG 2022-02-17 14:58:24.423 UTC: 	 Loading required information from the environment
DEBUG 2022-02-17 14:58:24.423 UTC: 	 Found CMSSW_10_6_29 for slc7_amd64_gcc820 with base /afs/cern.ch/work/y/yian/work/GZ/CMSSW_10_6_29
DEBUG 2022-02-17 14:58:24.423 UTC: 	 Loading required information from the environment
DEBUG 2022-02-17 14:58:24.423 UTC: 	 Found CMSSW_10_6_29 for slc7_amd64_gcc820 with base /afs/cern.ch/work/y/yian/work/GZ/CMSSW_10_6_29
DEBUG 2022-02-17 14:58:24.423 UTC: 	 UNIQUE NAME: tarUUID 71839500-0afd-4da6-a82f-1a2542fb1d2b 
DEBUG 2022-02-17 14:58:24.424 UTC: 	 self.config: from WMCore.Configuration import Configuration
config = Configuration()
config.section_('General')
config.General.workArea = 'crab2018'
config.General.transferLogs = False
config.General.requestName = 'WWTo2L2Nu_TuneCP5_13TeV-powheg-pythia8_2018'
config.section_('JobType')
config.JobType.scriptArgs = ['isdata=MC', 'year=2018', 'era=A']
config.JobType.scriptExe = './WWG_crab_script.sh'
config.JobType.pluginName = 'Analysis'
config.JobType.sendPythonFolder = True
config.JobType.allowUndistributedCMSSW = True
config.JobType.psetName = 'PSet.py'
config.JobType.inputFiles = ['../../../scripts/haddnano.py', '../WWG_selector/WWG_postproc.py', '../WWG_selector/WWG_Module.py', '../WWG_selector/WWG_keep_and_drop.txt', '../WWG_selector/WWG_output_branch.txt', '../WWG_selector/DAS_filesearch.py']
config.section_('Data')
config.Data.inputDataset = '/WWTo2L2Nu_TuneCP5_13TeV-powheg-pythia8/RunIISummer20UL18NanoAODv9-106X_upgrade2018_realistic_v16_L1v1-v2/NANOAODSIM'
config.Data.allowNonValidInputDataset = True
config.Data.publication = False
config.Data.unitsPerJob = 1
config.Data.ignoreLocality = True
config.Data.inputDBS = 'global'
config.Data.splitting = 'FileBased'
config.Data.outputDatasetTag = 'WWTo2L2Nu_TuneCP5_13TeV-powheg-pythia8_2018'
config.section_('Site')
config.Site.whitelist = ['T2_US_MIT', 'T2_US_Wisconsin', 'T2_US_Purdue', 'T2_US_UCSD', 'T2_US_Caltech', 'T2_US_Nebraska']
config.Site.storageSite = 'T3_CH_CERNBOX'

DEBUG 2022-02-17 14:58:24.424 UTC: 	 self.config.JobType.psetName: PSet.py
INFO 2022-02-17 14:58:24.424 UTC: 	 Importing CMSSW configuration PSet.py
INFO 2022-02-17 14:58:26.691 UTC: 	 Finished importing CMSSW configuration PSet.py
DEBUG 2022-02-17 14:58:26.691 UTC: 	 Writing CMSSW configuration to /afs/cern.ch/work/y/yian/work/GZ/CMSSW_10_6_29/src/PhysicsTools/NanoAODTools/WWG/2018/crab/crab2018/crab_WWTo2L2Nu_TuneCP5_13TeV-powheg-pythia8_2018/inputs/PSet.py
DEBUG 2022-02-17 14:58:26.706 UTC: 	 The following EDM output files will be collected: ['tree.root']
DEBUG 2022-02-17 14:58:26.706 UTC: 	 The following TFile output files will be collected: []
DEBUG 2022-02-17 14:58:26.706 UTC: 	 The following user output files (not listed as PoolOuputModule or TFileService in the CMSSW PSet) will be collected: 
DEBUG 2022-02-17 14:58:26.707 UTC: 	 Loading required information from the environment
DEBUG 2022-02-17 14:58:26.707 UTC: 	 Found CMSSW_10_6_29 for slc7_amd64_gcc820 with base /afs/cern.ch/work/y/yian/work/GZ/CMSSW_10_6_29
DEBUG 2022-02-17 14:58:26.707 UTC: 	 Making tarball in /afs/cern.ch/work/y/yian/work/GZ/CMSSW_10_6_29/src/PhysicsTools/NanoAODTools/WWG/2018/crab/crab2018/crab_WWTo2L2Nu_TuneCP5_13TeV-powheg-pythia8_2018/inputs/71839500-0afd-4da6-a82f-1a2542fb1d2bdefault.tgz
DEBUG 2022-02-17 14:58:26.708 UTC: 	 Checking directory /afs/cern.ch/work/y/yian/work/GZ/CMSSW_10_6_29/lib
DEBUG 2022-02-17 14:58:26.708 UTC: 	 Adding directory /afs/cern.ch/work/y/yian/work/GZ/CMSSW_10_6_29/lib to tarball
DEBUG 2022-02-17 14:58:26.847 UTC: 	 Checking directory /afs/cern.ch/work/y/yian/work/GZ/CMSSW_10_6_29/biglib
DEBUG 2022-02-17 14:58:26.847 UTC: 	 Adding directory /afs/cern.ch/work/y/yian/work/GZ/CMSSW_10_6_29/biglib to tarball
DEBUG 2022-02-17 14:58:26.848 UTC: 	 Checking directory /afs/cern.ch/work/y/yian/work/GZ/CMSSW_10_6_29/module
DEBUG 2022-02-17 14:58:26.848 UTC: 	 Checking directory /afs/cern.ch/work/y/yian/work/GZ/CMSSW_10_6_29/python
DEBUG 2022-02-17 14:58:26.848 UTC: 	 Adding directory /afs/cern.ch/work/y/yian/work/GZ/CMSSW_10_6_29/python to tarball
DEBUG 2022-02-17 14:58:29.404 UTC: 	 Checking directory /afs/cern.ch/work/y/yian/work/GZ/CMSSW_10_6_29/cfipython
DEBUG 2022-02-17 14:58:29.404 UTC: 	 Adding directory /afs/cern.ch/work/y/yian/work/GZ/CMSSW_10_6_29/cfipython to tarball
DEBUG 2022-02-17 14:58:29.407 UTC: 	 Adding data directory /afs/cern.ch/work/y/yian/work/GZ/CMSSW_10_6_29/src/PhysicsTools/NanoAODTools/data to tarball
DEBUG 2022-02-17 14:58:50.830 UTC: 	 Adding data directory /afs/cern.ch/work/y/yian/work/GZ/CMSSW_10_6_29/src/PhysicsTools/NanoAODTools/interface to tarball
DEBUG 2022-02-17 14:58:50.834 UTC: 	 Adding data directory /afs/cern.ch/work/y/yian/work/GZ/CMSSW_10_6_29/src/PhysicsTools/NanoAODTools/python/postprocessing/data to tarball
DEBUG 2022-02-17 14:58:54.904 UTC: 	 Adding file ../../../scripts/haddnano.py to tarball
DEBUG 2022-02-17 14:58:54.904 UTC: 	 Adding file ../WWG_selector/WWG_postproc.py to tarball
DEBUG 2022-02-17 14:58:54.905 UTC: 	 Adding file ../WWG_selector/WWG_Module.py to tarball
DEBUG 2022-02-17 14:58:54.906 UTC: 	 Adding file ../WWG_selector/WWG_keep_and_drop.txt to tarball
DEBUG 2022-02-17 14:58:54.906 UTC: 	 Adding file ../WWG_selector/WWG_output_branch.txt to tarball
DEBUG 2022-02-17 14:58:54.907 UTC: 	 Adding file ../WWG_selector/DAS_filesearch.py to tarball
DEBUG 2022-02-17 14:59:01.687 UTC: 	 Uploading archive /afs/cern.ch/work/y/yian/work/GZ/CMSSW_10_6_29/src/PhysicsTools/NanoAODTools/WWG/2018/crab/crab2018/crab_WWTo2L2Nu_TuneCP5_13TeV-powheg-pythia8_2018/inputs/71839500-0afd-4da6-a82f-1a2542fb1d2bdefault.tgz (98 MB) to the CRAB cache. Using URI https://cmsweb.cern.ch/S3/crabcache_prod
DEBUG 2022-02-17 14:59:25.481 UTC: 	 Encoded data for curl request: tarballname=08a2dd48dfcad36e63e71cf60cae14c82fb95d80c5a6acc5a769ffacc26634a1.tar.gz&subresource=upload&objecttype=sandbox
DEBUG 2022-02-17 14:59:25.481 UTC: 	 Executing command :
 curl -v -X GET -H "User-Agent: CRABClient/v3.220210" -H "Accept: */*" --data @/tmp/crab_curlDatakUXFhm --cert "/tmp/x509up_u110046" --key "/tmp/x509up_u110046" --capath "/etc/grid-security/certificates/" "https://cmsweb.cern.ch:8443/crabserver/prod/cache?tarballname=08a2dd48dfcad36e63e71cf60cae14c82fb95d80c5a6acc5a769ffacc26634a1.tar.gz&subresource=upload&objecttype=sandbox" | tee /dev/stderr 
DEBUG 2022-02-17 14:59:25.742 UTC: 	 output : {"result": [
 ""
,{}
]}

 error:   % Total    % Received % Xferd  Average Speed   Time    Time     Time  Current
                                 Dload  Upload   Total   Spent    Left  Speed
  0     0    0     0    0     0      0      0 --:--:-- --:--:-- --:--:--     0*   Trying 137.138.120.6...
* TCP_NODELAY set
* Connected to cmsweb.cern.ch (137.138.120.6) port 8443 (#0)
* ALPN, offering http/1.1
* Cipher selection: ALL:!EXPORT:!EXPORT40:!EXPORT56:!aNULL:!LOW:!RC4:@STRENGTH
* successfully set certificate verify locations:
  CAfile: /etc/pki/tls/certs/ca-bundle.crt
  CApath: /etc/grid-security/certificates/
* TLSv1.2 (OUT), TLS header, Certificate Status (22):
} [5 bytes data]
* TLSv1.2 (OUT), TLS handshake, Client hello (1):
} [512 bytes data]
  0     0    0     0    0     0      0      0 --:--:-- --:--:-- --:--:--     0* TLSv1.2 (IN), TLS handshake, Server hello (2):
{ [109 bytes data]
* TLSv1.2 (IN), TLS handshake, Certificate (11):
{ [6199 bytes data]
* TLSv1.2 (IN), TLS handshake, Server key exchange (12):
{ [333 bytes data]
* TLSv1.2 (IN), TLS handshake, Request CERT (13):
{ [13495 bytes data]
* TLSv1.2 (IN), TLS handshake, Server finished (14):
{ [4 bytes data]
* TLSv1.2 (OUT), TLS handshake, Certificate (11):
} [6638 bytes data]
* TLSv1.2 (OUT), TLS handshake, Client key exchange (16):
} [70 bytes data]
* TLSv1.2 (OUT), TLS handshake, CERT verify (15):
} [264 bytes data]
* TLSv1.2 (OUT), TLS change cipher, Client hello (1):
} [1 bytes data]
* TLSv1.2 (OUT), TLS handshake, Finished (20):
} [16 bytes data]
* TLSv1.2 (IN), TLS change cipher, Client hello (1):
{ [1 bytes data]
* TLSv1.2 (IN), TLS handshake, Finished (20):
{ [16 bytes data]
* SSL connection using TLSv1.2 / ECDHE-RSA-AES128-GCM-SHA256
* ALPN, server accepted to use http/1.1
* Server certificate:
*  subject: DC=ch; DC=cern; OU=computers; CN=cmsweb.cern.ch
*  start date: Feb 17 13:05:12 2022 GMT
*  expire date: Mar 24 13:05:12 2023 GMT
*  subjectAltName: host "cmsweb.cern.ch" matched cert's "cmsweb.cern.ch"
*  issuer: DC=ch; DC=cern; CN=CERN Grid Certification Authority
*  SSL certificate verify ok.
} [5 bytes data]
> GET /crabserver/prod/cache?tarballname=08a2dd48dfcad36e63e71cf60cae14c82fb95d80c5a6acc5a769ffacc26634a1.tar.gz&subresource=upload&objecttype=sandbox HTTP/1.1
> Host: cmsweb.cern.ch:8443
> User-Agent: CRABClient/v3.220210
> Accept: */*
> Content-Length: 121
> Content-Type: application/x-www-form-urlencoded
> 
} [121 bytes data]
* upload completely sent off: 121 out of 121 bytes
{ [5 bytes data]
< HTTP/1.1 200 OK
< Date: Thu, 17 Feb 2022 14:59:25 GMT
< Server: nginx/1.17.10
< Content-Type: application/json
< Content-Length: 24
< Vary: Accept
< Cache-Control: max-age=3600
< X-Rest-Status: 100
< Etag: "556ce43763b116622238c65d89d24dd485f20666"
< X-Rest-Time: 22056.818 us
< CMS-Server-Time: D=32203 t=1645109965703248
< 
{ [5 bytes data]
100   145  100    24  100   121    363   1833 --:--:-- --:--:-- --:--:--  2164
* Connection #0 to host cmsweb.cern.ch left intact
{"result": [
 ""
,{}
]}

 retcode : 0
DEBUG 2022-02-17 14:59:25.743 UTC: 	 sandbox 08a2dd48dfcad36e63e71cf60cae14c82fb95d80c5a6acc5a769ffacc26634a1.tar.gz is already in the S3 store, will not upload again
DEBUG 2022-02-17 14:59:25.743 UTC: 	 Loading required information from the environment
DEBUG 2022-02-17 14:59:25.743 UTC: 	 Found CMSSW_10_6_29 for slc7_amd64_gcc820 with base /afs/cern.ch/work/y/yian/work/GZ/CMSSW_10_6_29
DEBUG 2022-02-17 14:59:25.743 UTC: 	 Making tarball in /afs/cern.ch/work/y/yian/work/GZ/CMSSW_10_6_29/src/PhysicsTools/NanoAODTools/WWG/2018/crab/crab2018/crab_WWTo2L2Nu_TuneCP5_13TeV-powheg-pythia8_2018/inputs/debugFiles.tgz
DEBUG 2022-02-17 14:59:25.757 UTC: 	 Uploading archive /afs/cern.ch/work/y/yian/work/GZ/CMSSW_10_6_29/src/PhysicsTools/NanoAODTools/WWG/2018/crab/crab2018/crab_WWTo2L2Nu_TuneCP5_13TeV-powheg-pythia8_2018/inputs/debugFiles.tgz (1 KB) to the CRAB cache. Using URI https://cmsweb.cern.ch/S3/crabcache_prod
DEBUG 2022-02-17 14:59:25.760 UTC: 	 Encoded data for curl request: tarballname=afeeac76c6d7b5b7d82be913ce225a8665e9d699de36334055a21c6e8f350b05.tar.gz&subresource=upload&objecttype=sandbox
DEBUG 2022-02-17 14:59:25.760 UTC: 	 Executing command :
 curl -v -X GET -H "User-Agent: CRABClient/v3.220210" -H "Accept: */*" --data @/tmp/crab_curlDataDb7e8C --cert "/tmp/x509up_u110046" --key "/tmp/x509up_u110046" --capath "/etc/grid-security/certificates/" "https://cmsweb.cern.ch:8443/crabserver/prod/cache?tarballname=afeeac76c6d7b5b7d82be913ce225a8665e9d699de36334055a21c6e8f350b05.tar.gz&subresource=upload&objecttype=sandbox" | tee /dev/stderr 
DEBUG 2022-02-17 14:59:25.894 UTC: 	 output : {"result": [
 ""
,{}
]}

 error:   % Total    % Received % Xferd  Average Speed   Time    Time     Time  Current
                                 Dload  Upload   Total   Spent    Left  Speed
  0     0    0     0    0     0      0      0 --:--:-- --:--:-- --:--:--     0*   Trying 137.138.120.6...
* TCP_NODELAY set
* Connected to cmsweb.cern.ch (137.138.120.6) port 8443 (#0)
* ALPN, offering http/1.1
* Cipher selection: ALL:!EXPORT:!EXPORT40:!EXPORT56:!aNULL:!LOW:!RC4:@STRENGTH
* successfully set certificate verify locations:
  CAfile: /etc/pki/tls/certs/ca-bundle.crt
  CApath: /etc/grid-security/certificates/
* TLSv1.2 (OUT), TLS header, Certificate Status (22):
} [5 bytes data]
* TLSv1.2 (OUT), TLS handshake, Client hello (1):
} [512 bytes data]
* TLSv1.2 (IN), TLS handshake, Server hello (2):
{ [109 bytes data]
* TLSv1.2 (IN), TLS handshake, Certificate (11):
{ [6199 bytes data]
* TLSv1.2 (IN), TLS handshake, Server key exchange (12):
{ [333 bytes data]
* TLSv1.2 (IN), TLS handshake, Request CERT (13):
{ [13495 bytes data]
* TLSv1.2 (IN), TLS handshake, Server finished (14):
{ [4 bytes data]
* TLSv1.2 (OUT), TLS handshake, Certificate (11):
} [6638 bytes data]
* TLSv1.2 (OUT), TLS handshake, Client key exchange (16):
} [70 bytes data]
* TLSv1.2 (OUT), TLS handshake, CERT verify (15):
} [264 bytes data]
* TLSv1.2 (OUT), TLS change cipher, Client hello (1):
} [1 bytes data]
* TLSv1.2 (OUT), TLS handshake, Finished (20):
} [16 bytes data]
* TLSv1.2 (IN), TLS change cipher, Client hello (1):
{ [1 bytes data]
* TLSv1.2 (IN), TLS handshake, Finished (20):
{ [16 bytes data]
* SSL connection using TLSv1.2 / ECDHE-RSA-AES128-GCM-SHA256
* ALPN, server accepted to use http/1.1
* Server certificate:
*  subject: DC=ch; DC=cern; OU=computers; CN=cmsweb.cern.ch
*  start date: Feb 17 13:05:12 2022 GMT
*  expire date: Mar 24 13:05:12 2023 GMT
*  subjectAltName: host "cmsweb.cern.ch" matched cert's "cmsweb.cern.ch"
*  issuer: DC=ch; DC=cern; CN=CERN Grid Certification Authority
*  SSL certificate verify ok.
} [5 bytes data]
> GET /crabserver/prod/cache?tarballname=afeeac76c6d7b5b7d82be913ce225a8665e9d699de36334055a21c6e8f350b05.tar.gz&subresource=upload&objecttype=sandbox HTTP/1.1
> Host: cmsweb.cern.ch:8443
> User-Agent: CRABClient/v3.220210
> Accept: */*
> Content-Length: 121
> Content-Type: application/x-www-form-urlencoded
> 
} [121 bytes data]
* upload completely sent off: 121 out of 121 bytes
{ [5 bytes data]
< HTTP/1.1 200 OK
< Date: Thu, 17 Feb 2022 14:59:25 GMT
< Server: nginx/1.17.10
< Content-Type: application/json
< Content-Length: 24
< Vary: Accept
< Cache-Control: max-age=3600
< X-Rest-Status: 100
< Etag: "556ce43763b116622238c65d89d24dd485f20666"
< X-Rest-Time: 34898.043 us
< CMS-Server-Time: D=55235 t=1645109965833288
< 
{ [5 bytes data]
100   145  100    24  100   121    242   1222 --:--:-- --:--:-- --:--:--  1464
* Connection #0 to host cmsweb.cern.ch left intact
{"result": [
 ""
,{}
]}

 retcode : 0
DEBUG 2022-02-17 14:59:25.895 UTC: 	 sandbox afeeac76c6d7b5b7d82be913ce225a8665e9d699de36334055a21c6e8f350b05.tar.gz is already in the S3 store, will not upload again
DEBUG 2022-02-17 14:59:25.895 UTC: 	 Result uploading input files: 08a2dd48dfcad36e63e71cf60cae14c82fb95d80c5a6acc5a769ffacc26634a1.tar.gz 
INFO 2022-02-17 14:59:25.896 UTC: 	 Sending the request to the server at cmsweb.cern.ch
DEBUG 2022-02-17 14:59:25.896 UTC: 	 Submitting {'maxjobruntime': 1250, 'extrajdl': [], 'ignorelocality': 1, 'savelogsflag': 0, 'useparent': 0, 'scriptexe': 'WWG_crab_script.sh', 'asyncdest': 'T3_CH_CERNBOX', 'algoargs': 1, 'cachefilename': '08a2dd48dfcad36e63e71cf60cae14c82fb95d80c5a6acc5a769ffacc26634a1.tar.gz', 'numcores': 1, 'addoutputfiles': [], 'generator': 'pythia', 'maxmemory': 2000, 'publishdbsurl': 'https://cmsweb.cern.ch/dbs/prod/phys03/DBSWriter', 'priority': 10, 'jobsw': 'CMSSW_10_6_29', 'edmoutfiles': ['tree.root'], 'userfiles': [], 'primarydataset': '', 'inputdata': '/WWTo2L2Nu_TuneCP5_13TeV-powheg-pythia8/RunIISummer20UL18NanoAODv9-106X_upgrade2018_realistic_v16_L1v1-v2/NANOAODSIM', 'dryrun': 0, 'workflow': 'crab_WWTo2L2Nu_TuneCP5_13TeV-powheg-pythia8_2018', 'scriptargs': ['isdata=MC', 'year=2018', 'era=A'], 'sitewhitelist': ['T2_US_MIT', 'T2_US_Wisconsin', 'T2_US_Purdue', 'T2_US_UCSD', 'T2_US_Caltech', 'T2_US_Nebraska'], 'nonprodsw': 1, 'tfileoutfiles': [], 'oneEventMode': 0, 'debugfilename': 'afeeac76c6d7b5b7d82be913ce225a8665e9d699de36334055a21c6e8f350b05.tar.gz', 'cacheurl': u'https://cmsweb.cern.ch/S3/crabcache_prod', 'saveoutput': 1, 'publication': 0, 'jobarch': 'slc7_amd64_gcc820', 'totalunits': 0, 'splitalgo': 'FileBased', 'ignoreglobalblacklist': 0, 'nonvaliddata': 1, 'dbsurl': 'https://cmsweb.cern.ch/dbs/prod/global/DBSReader', 'publishgroupname': 0, 'publishname2': 'WWTo2L2Nu_TuneCP5_13TeV-powheg-pythia8_2018', 'jobtype': 'Analysis'} 
DEBUG 2022-02-17 14:59:25.896 UTC: 	 Encoded submit request: maxjobruntime=1250&ignorelocality=1&savelogsflag=0&useparent=0&scriptexe=WWG_crab_script.sh&asyncdest=T3_CH_CERNBOX&algoargs=1&cachefilename=08a2dd48dfcad36e63e71cf60cae14c82fb95d80c5a6acc5a769ffacc26634a1.tar.gz&numcores=1&generator=pythia&maxmemory=2000&publishdbsurl=https%3A%2F%2Fcmsweb.cern.ch%2Fdbs%2Fprod%2Fphys03%2FDBSWriter&priority=10&jobsw=CMSSW_10_6_29&primarydataset=&inputdata=%2FWWTo2L2Nu_TuneCP5_13TeV-powheg-pythia8%2FRunIISummer20UL18NanoAODv9-106X_upgrade2018_realistic_v16_L1v1-v2%2FNANOAODSIM&dryrun=0&workflow=crab_WWTo2L2Nu_TuneCP5_13TeV-powheg-pythia8_2018&nonprodsw=1&oneEventMode=0&debugfilename=afeeac76c6d7b5b7d82be913ce225a8665e9d699de36334055a21c6e8f350b05.tar.gz&cacheurl=https%3A%2F%2Fcmsweb.cern.ch%2FS3%2Fcrabcache_prod&saveoutput=1&publication=0&jobarch=slc7_amd64_gcc820&totalunits=0&splitalgo=FileBased&ignoreglobalblacklist=0&nonvaliddata=1&dbsurl=https%3A%2F%2Fcmsweb.cern.ch%2Fdbs%2Fprod%2Fglobal%2FDBSReader&publishgroupname=0&publishname2=WWTo2L2Nu_TuneCP5_13TeV-powheg-pythia8_2018&jobtype=Analysis&sitewhitelist=T2_US_MIT&sitewhitelist=T2_US_Wisconsin&sitewhitelist=T2_US_Purdue&sitewhitelist=T2_US_UCSD&sitewhitelist=T2_US_Caltech&sitewhitelist=T2_US_Nebraska&edmoutfiles=tree.root&scriptargs=isdata%3DMC&scriptargs=year%3D2018&scriptargs=era%3DA
DEBUG 2022-02-17 14:59:25.896 UTC: 	 Encoded data for curl request: maxjobruntime=1250&ignorelocality=1&savelogsflag=0&useparent=0&scriptexe=WWG_crab_script.sh&asyncdest=T3_CH_CERNBOX&algoargs=1&cachefilename=08a2dd48dfcad36e63e71cf60cae14c82fb95d80c5a6acc5a769ffacc26634a1.tar.gz&numcores=1&generator=pythia&maxmemory=2000&publishdbsurl=https%3A%2F%2Fcmsweb.cern.ch%2Fdbs%2Fprod%2Fphys03%2FDBSWriter&priority=10&jobsw=CMSSW_10_6_29&primarydataset=&inputdata=%2FWWTo2L2Nu_TuneCP5_13TeV-powheg-pythia8%2FRunIISummer20UL18NanoAODv9-106X_upgrade2018_realistic_v16_L1v1-v2%2FNANOAODSIM&dryrun=0&workflow=crab_WWTo2L2Nu_TuneCP5_13TeV-powheg-pythia8_2018&nonprodsw=1&oneEventMode=0&debugfilename=afeeac76c6d7b5b7d82be913ce225a8665e9d699de36334055a21c6e8f350b05.tar.gz&cacheurl=https%3A%2F%2Fcmsweb.cern.ch%2FS3%2Fcrabcache_prod&saveoutput=1&publication=0&jobarch=slc7_amd64_gcc820&totalunits=0&splitalgo=FileBased&ignoreglobalblacklist=0&nonvaliddata=1&dbsurl=https%3A%2F%2Fcmsweb.cern.ch%2Fdbs%2Fprod%2Fglobal%2FDBSReader&publishgroupname=0&publishname2=WWTo2L2Nu_TuneCP5_13TeV-powheg-pythia8_2018&jobtype=Analysis&sitewhitelist=T2_US_MIT&sitewhitelist=T2_US_Wisconsin&sitewhitelist=T2_US_Purdue&sitewhitelist=T2_US_UCSD&sitewhitelist=T2_US_Caltech&sitewhitelist=T2_US_Nebraska&edmoutfiles=tree.root&scriptargs=isdata%3DMC&scriptargs=year%3D2018&scriptargs=era%3DA
DEBUG 2022-02-17 14:59:25.897 UTC: 	 Executing command :
 curl -v -X PUT -H "User-Agent: CRABClient/v3.220210" -H "Accept: */*" --data @/tmp/crab_curlDataEcTSvt --cert "/tmp/x509up_u110046" --key "/tmp/x509up_u110046" --capath "/etc/grid-security/certificates/" "https://cmsweb.cern.ch:8443/crabserver/prod/workflow" | tee /dev/stderr 
DEBUG 2022-02-17 14:59:26.295 UTC: 	 output : {"result": [
 {"RequestName": "220217_145925:yian_crab_WWTo2L2Nu_TuneCP5_13TeV-powheg-pythia8_2018"}
]}

 error:   % Total    % Received % Xferd  Average Speed   Time    Time     Time  Current
                                 Dload  Upload   Total   Spent    Left  Speed
  0     0    0     0    0     0      0      0 --:--:-- --:--:-- --:--:--     0*   Trying 137.138.120.6...
* TCP_NODELAY set
* Connected to cmsweb.cern.ch (137.138.120.6) port 8443 (#0)
* ALPN, offering http/1.1
* Cipher selection: ALL:!EXPORT:!EXPORT40:!EXPORT56:!aNULL:!LOW:!RC4:@STRENGTH
* successfully set certificate verify locations:
  CAfile: /etc/pki/tls/certs/ca-bundle.crt
  CApath: /etc/grid-security/certificates/
* TLSv1.2 (OUT), TLS header, Certificate Status (22):
} [5 bytes data]
* TLSv1.2 (OUT), TLS handshake, Client hello (1):
} [512 bytes data]
* TLSv1.2 (IN), TLS handshake, Server hello (2):
{ [109 bytes data]
* TLSv1.2 (IN), TLS handshake, Certificate (11):
{ [6199 bytes data]
* TLSv1.2 (IN), TLS handshake, Server key exchange (12):
{ [333 bytes data]
* TLSv1.2 (IN), TLS handshake, Request CERT (13):
{ [13495 bytes data]
* TLSv1.2 (IN), TLS handshake, Server finished (14):
{ [4 bytes data]
* TLSv1.2 (OUT), TLS handshake, Certificate (11):
} [6638 bytes data]
* TLSv1.2 (OUT), TLS handshake, Client key exchange (16):
} [70 bytes data]
* TLSv1.2 (OUT), TLS handshake, CERT verify (15):
} [264 bytes data]
* TLSv1.2 (OUT), TLS change cipher, Client hello (1):
} [1 bytes data]
* TLSv1.2 (OUT), TLS handshake, Finished (20):
} [16 bytes data]
* TLSv1.2 (IN), TLS change cipher, Client hello (1):
{ [1 bytes data]
* TLSv1.2 (IN), TLS handshake, Finished (20):
{ [16 bytes data]
* SSL connection using TLSv1.2 / ECDHE-RSA-AES128-GCM-SHA256
* ALPN, server accepted to use http/1.1
* Server certificate:
*  subject: DC=ch; DC=cern; OU=computers; CN=cmsweb.cern.ch
*  start date: Feb 17 13:05:12 2022 GMT
*  expire date: Mar 24 13:05:12 2023 GMT
*  subjectAltName: host "cmsweb.cern.ch" matched cert's "cmsweb.cern.ch"
*  issuer: DC=ch; DC=cern; CN=CERN Grid Certification Authority
*  SSL certificate verify ok.
} [5 bytes data]
> PUT /crabserver/prod/workflow HTTP/1.1
> Host: cmsweb.cern.ch:8443
> User-Agent: CRABClient/v3.220210
> Accept: */*
> Content-Length: 1291
> Content-Type: application/x-www-form-urlencoded
> Expect: 100-continue
> 
{ [5 bytes data]
< HTTP/1.1 100 Continue
} [5 bytes data]
* We are completely uploaded and fine
{ [5 bytes data]
< HTTP/1.1 200 OK
< Date: Thu, 17 Feb 2022 14:59:26 GMT
< Server: nginx/1.17.10
< Content-Type: application/json
< Content-Length: 104
< Vary: Accept
< X-Rest-Status: 100
< Etag: "6a8af0e61a594f29363d6d89355e2b13b11c6fa0"
< X-Rest-Time: 316555.023 us
< CMS-Server-Time: D=327681 t=1645109965962362
< 
{ [5 bytes data]
100  1395  100   104  100  1291    289   3596 --:--:-- --:--:-- --:--:--  3885
* Connection #0 to host cmsweb.cern.ch left intact
{"result": [
 {"RequestName": "220217_145925:yian_crab_WWTo2L2Nu_TuneCP5_13TeV-powheg-pythia8_2018"}
]}

 retcode : 0
DEBUG 2022-02-17 14:59:26.296 UTC: 	 Result: {u'result': [{u'RequestName': u'220217_145925:yian_crab_WWTo2L2Nu_TuneCP5_13TeV-powheg-pythia8_2018'}]}
INFO 2022-02-17 14:59:26.309 UTC: 	 Success: Your task has been delivered to the prod CRAB3 server.
INFO 2022-02-17 14:59:26.309 UTC: 	 Task name: 220217_145925:yian_crab_WWTo2L2Nu_TuneCP5_13TeV-powheg-pythia8_2018
INFO 2022-02-17 14:59:26.310 UTC: 	 Project dir: crab2018/crab_WWTo2L2Nu_TuneCP5_13TeV-powheg-pythia8_2018
INFO 2022-02-17 14:59:26.310 UTC: 	 Please use ' crab status -d crab2018/crab_WWTo2L2Nu_TuneCP5_13TeV-powheg-pythia8_2018 ' to check how the submission process proceeds.
DEBUG 2022-02-17 14:59:26.310 UTC: 	 About to return
INFO 2022-02-17 14:59:26.314 UTC: 	 Log file is /afs/cern.ch/work/y/yian/work/GZ/CMSSW_10_6_29/src/PhysicsTools/NanoAODTools/WWG/2018/crab/crab2018/crab_WWTo2L2Nu_TuneCP5_13TeV-powheg-pythia8_2018/crab.log
